#
# There is insufficient memory for the Java Runtime Environment to continue.
# Native memory allocation (mmap) failed to map 700448768 bytes for G1 virtual space
# Possible reasons:
#   The system is out of physical RAM or swap space
#   The process is running with CompressedOops enabled, and the Java Heap may be blocking the growth of the native heap
# Possible solutions:
#   Reduce memory load on the system
#   Increase physical memory or swap space
#   Check if swap backing store is full
#   Decrease Java heap size (-Xmx/-Xms)
#   Decrease number of Java threads
#   Decrease Java thread stack sizes (-Xss)
#   Set larger code cache with -XX:ReservedCodeCacheSize=
#   JVM is running with Unscaled Compressed Oops mode in which the Java heap is
#     placed in the first 4GB address space. The Java Heap base address is the
#     maximum limit for the native heap growth. Please use -XX:HeapBaseMinAddress
#     to set the Java Heap base and to place the Java Heap above 4GB virtual address.
# This output file may be truncated or incomplete.
#
#  Out of Memory Error (os_windows.cpp:3548), pid=6172, tid=4436
#
# JRE version: OpenJDK Runtime Environment Temurin-17.0.5+8 (17.0.5+8) (build 17.0.5+8)
# Java VM: OpenJDK 64-Bit Server VM Temurin-17.0.5+8 (17.0.5+8, mixed mode, emulated-client, tiered, compressed oops, compressed class ptrs, g1 gc, windows-amd64)
# No core dump will be written. Minidumps are not enabled by default on client versions of Windows
#

---------------  S U M M A R Y ------------

Command Line: -Dsts.lsp.client=vscode -Dsts.log.file=/dev/null -XX:TieredStopAtLevel=1 -Xlog:jni+resolve=off -Dspring.config.location=file:c:\Users\Lester\.vscode\extensions\pivotal.vscode-spring-boot-1.43.0\language-server\BOOT-INF\classes\application.properties org.springframework.ide.vscode.boot.app.BootLanguageServerBootApp

Host: Intel(R) Core(TM) i5-8300H CPU @ 2.30GHz, 8 cores, 7G,  Windows 11 , 64 bit Build 22621 (10.0.22621.755)
Time: Fri Jan 20 12:19:06 2023 Hora estándar de Cuba elapsed time: 2.946527 seconds (0d 0h 0m 2s)

---------------  T H R E A D  ---------------

Current thread (0x000001de78bab0e0):  VMThread "VM Thread" [stack: 0x0000008fd1700000,0x0000008fd1800000] [id=4436]

Stack: [0x0000008fd1700000,0x0000008fd1800000]
Native frames: (J=compiled Java code, j=interpreted, Vv=VM code, C=native code)
V  [jvm.dll+0x676b3a]
V  [jvm.dll+0x831444]
V  [jvm.dll+0x832bee]
V  [jvm.dll+0x833253]
V  [jvm.dll+0x244ce5]
V  [jvm.dll+0x673a49]
V  [jvm.dll+0x66811a]
V  [jvm.dll+0x303ceb]
V  [jvm.dll+0x30b1e6]
V  [jvm.dll+0x35adbe]
V  [jvm.dll+0x35afef]
V  [jvm.dll+0x2dab88]
V  [jvm.dll+0x2d8e3c]
V  [jvm.dll+0x2d840c]
V  [jvm.dll+0x31c31b]
V  [jvm.dll+0x8376fb]
V  [jvm.dll+0x838434]
V  [jvm.dll+0x83894c]
V  [jvm.dll+0x838d24]
V  [jvm.dll+0x838df0]
V  [jvm.dll+0x7e17ea]
V  [jvm.dll+0x6759e5]
C  [ucrtbase.dll+0x29363]
C  [KERNEL32.DLL+0x1244d]
C  [ntdll.dll+0x5dfb8]

VM_Operation (0x0000008fd3cfe000): G1CollectForAllocation, mode: safepoint, requested by thread 0x000001de7aedb6f0


---------------  P R O C E S S  ---------------

Threads class SMR info:
_java_thread_list=0x000001de7dd83340, length=46, elements={
0x000001de794022e0, 0x000001de79402da0, 0x000001de79431010, 0x000001de794318d0,
0x000001de79432190, 0x000001de79432a50, 0x000001de79437330, 0x000001de7943b130,
0x000001de796535a0, 0x000001de796686c0, 0x000001de7966e000, 0x000001de79652670,
0x000001de79651c50, 0x000001de7abd8370, 0x000001de7ab23910, 0x000001de7acdae60,
0x000001de6b7f6700, 0x000001de7adc9840, 0x000001de7ae04560, 0x000001de7adb2490,
0x000001de7aeaf090, 0x000001de7aedbbc0, 0x000001de7aedc090, 0x000001de7aeda880,
0x000001de7aedc560, 0x000001de7aedca30, 0x000001de7aedad50, 0x000001de7aed9a10,
0x000001de7aedb6f0, 0x000001de7aed9540, 0x000001de7aed9ee0, 0x000001de7aed9070,
0x000001de7aeda3b0, 0x000001de7aedb220, 0x000001de7afc9180, 0x000001de7afcecf0,
0x000001de7afcb800, 0x000001de7afc9650, 0x000001de7afcae60, 0x000001de7afca4c0,
0x000001de7afcf1c0, 0x000001de7afc9b20, 0x000001de7afcbcd0, 0x000001de7afc7e40,
0x000001de7afcc1a0, 0x000001de7afc8310
}

Java Threads: ( => current thread )
  0x000001de794022e0 JavaThread "Reference Handler" daemon [_thread_blocked, id=18920, stack(0x0000008fd1800000,0x0000008fd1900000)]
  0x000001de79402da0 JavaThread "Finalizer" daemon [_thread_blocked, id=3664, stack(0x0000008fd1900000,0x0000008fd1a00000)]
  0x000001de79431010 JavaThread "Signal Dispatcher" daemon [_thread_blocked, id=4192, stack(0x0000008fd1a00000,0x0000008fd1b00000)]
  0x000001de794318d0 JavaThread "Attach Listener" daemon [_thread_blocked, id=13616, stack(0x0000008fd1b00000,0x0000008fd1c00000)]
  0x000001de79432190 JavaThread "Service Thread" daemon [_thread_blocked, id=1764, stack(0x0000008fd1c00000,0x0000008fd1d00000)]
  0x000001de79432a50 JavaThread "Monitor Deflation Thread" daemon [_thread_blocked, id=3360, stack(0x0000008fd1d00000,0x0000008fd1e00000)]
  0x000001de79437330 JavaThread "C1 CompilerThread0" daemon [_thread_blocked, id=9540, stack(0x0000008fd1e00000,0x0000008fd1f00000)]
  0x000001de7943b130 JavaThread "Sweeper thread" daemon [_thread_blocked, id=20268, stack(0x0000008fd1f00000,0x0000008fd2000000)]
  0x000001de796535a0 JavaThread "C1 CompilerThread1" daemon [_thread_blocked, id=19024, stack(0x0000008fd2000000,0x0000008fd2100000)]
  0x000001de796686c0 JavaThread "Notification Thread" daemon [_thread_blocked, id=14664, stack(0x0000008fd2100000,0x0000008fd2200000)]
  0x000001de7966e000 JavaThread "Common-Cleaner" daemon [_thread_blocked, id=12892, stack(0x0000008fd2300000,0x0000008fd2400000)]
  0x000001de79652670 JavaThread "C1 CompilerThread2" daemon [_thread_blocked, id=4268, stack(0x0000008fd2400000,0x0000008fd2500000)]
  0x000001de79651c50 JavaThread "C1 CompilerThread3" daemon [_thread_blocked, id=5536, stack(0x0000008fd2500000,0x0000008fd2600000)]
  0x000001de7abd8370 JavaThread "boundedElastic-evictor-1" daemon [_thread_blocked, id=6780, stack(0x0000008fd2d00000,0x0000008fd2e00000)]
  0x000001de7ab23910 JavaThread "pool-11-thread-1" [_thread_blocked, id=1740, stack(0x0000008fd2f00000,0x0000008fd3000000)]
  0x000001de7acdae60 JavaThread "LanguageServerApp-lifecycle" [_thread_blocked, id=2064, stack(0x0000008fd3000000,0x0000008fd3100000)]
  0x000001de6b7f6700 JavaThread "DestroyJavaVM" [_thread_blocked, id=19440, stack(0x0000008fd1100000,0x0000008fd1200000)]
  0x000001de7adc9840 JavaThread "pool-12-thread-1" [_thread_in_native, id=19564, stack(0x0000008fd3100000,0x0000008fd3200000)]
  0x000001de7ae04560 JavaThread "Simple-Language-Server main thread" daemon [_thread_blocked, id=20436, stack(0x0000008fd3200000,0x0000008fd3300000)]
  0x000001de7adb2490 JavaThread "pool-8-thread-1" [_thread_blocked, id=19712, stack(0x0000008fd3300000,0x0000008fd3400000)]
  0x000001de7aeaf090 JavaThread "parallel-1" daemon [_thread_blocked, id=20140, stack(0x0000008fd3400000,0x0000008fd3500000)]
  0x000001de7aedbbc0 JavaThread "parallel-2" daemon [_thread_blocked, id=13300, stack(0x0000008fd3500000,0x0000008fd3600000)]
  0x000001de7aedc090 JavaThread "parallel-3" daemon [_thread_blocked, id=3864, stack(0x0000008fd3600000,0x0000008fd3700000)]
  0x000001de7aeda880 JavaThread "parallel-4" daemon [_thread_blocked, id=15468, stack(0x0000008fd3700000,0x0000008fd3800000)]
  0x000001de7aedc560 JavaThread "ForkJoinPool.commonPool-worker-1" daemon [_thread_blocked, id=4704, stack(0x0000008fd3800000,0x0000008fd3900000)]
  0x000001de7aedca30 JavaThread "pool-5-thread-1" [_thread_blocked, id=17556, stack(0x0000008fd3900000,0x0000008fd3a00000)]
  0x000001de7aedad50 JavaThread "ForkJoinPool.commonPool-worker-2" daemon [_thread_blocked, id=16948, stack(0x0000008fd3a00000,0x0000008fd3b00000)]
  0x000001de7aed9a10 JavaThread "parallel-5" daemon [_thread_blocked, id=13888, stack(0x0000008fd3b00000,0x0000008fd3c00000)]
  0x000001de7aedb6f0 JavaThread "ClassGraph-worker-0" daemon [_thread_blocked, id=4880, stack(0x0000008fd3c00000,0x0000008fd3d00000)]
  0x000001de7aed9540 JavaThread "ClassGraph-worker-1" daemon [_thread_blocked, id=19644, stack(0x0000008fd3d00000,0x0000008fd3e00000)]
  0x000001de7aed9ee0 JavaThread "ClassGraph-worker-2" daemon [_thread_blocked, id=11448, stack(0x0000008fd3e00000,0x0000008fd3f00000)]
  0x000001de7aed9070 JavaThread "ClassGraph-worker-3" daemon [_thread_blocked, id=4140, stack(0x0000008fd3f00000,0x0000008fd4000000)]
  0x000001de7aeda3b0 JavaThread "ClassGraph-worker-4" daemon [_thread_blocked, id=19860, stack(0x0000008fd4000000,0x0000008fd4100000)]
  0x000001de7aedb220 JavaThread "ClassGraph-worker-5" daemon [_thread_blocked, id=4396, stack(0x0000008fd4100000,0x0000008fd4200000)]
  0x000001de7afc9180 JavaThread "ClassGraph-worker-6" daemon [_thread_blocked, id=15752, stack(0x0000008fd4200000,0x0000008fd4300000)]
  0x000001de7afcecf0 JavaThread "ClassGraph-worker-7" daemon [_thread_blocked, id=1332, stack(0x0000008fd4300000,0x0000008fd4400000)]
  0x000001de7afcb800 JavaThread "ClassGraph-worker-8" daemon [_thread_blocked, id=14028, stack(0x0000008fd4400000,0x0000008fd4500000)]
  0x000001de7afc9650 JavaThread "ClassGraph-worker-9" daemon [_thread_blocked, id=10684, stack(0x0000008fd4500000,0x0000008fd4600000)]
  0x000001de7afcae60 JavaThread "ClassGraph-worker-10" daemon [_thread_blocked, id=16864, stack(0x0000008fd4600000,0x0000008fd4700000)]
  0x000001de7afca4c0 JavaThread "ClassGraph-worker-11" daemon [_thread_blocked, id=4708, stack(0x0000008fd4700000,0x0000008fd4800000)]
  0x000001de7afcf1c0 JavaThread "ClassGraph-worker-12" daemon [_thread_blocked, id=7940, stack(0x0000008fd4800000,0x0000008fd4900000)]
  0x000001de7afc9b20 JavaThread "ClassGraph-worker-13" daemon [_thread_blocked, id=7368, stack(0x0000008fd4900000,0x0000008fd4a00000)]
  0x000001de7afcbcd0 JavaThread "Reconciler-1" daemon [_thread_blocked, id=15148, stack(0x0000008fd4f00000,0x0000008fd5000000)]
  0x000001de7afc7e40 JavaThread "pool-6-thread-1" [_thread_blocked, id=8640, stack(0x0000008fd5000000,0x0000008fd5100000)]
  0x000001de7afcc1a0 JavaThread "pool-10-thread-1" [_thread_blocked, id=4740, stack(0x0000008fd5100000,0x0000008fd5200000)]
  0x000001de7afc8310 JavaThread "pool-10-thread-2" [_thread_blocked, id=15728, stack(0x0000008fd5200000,0x0000008fd5300000)]

Other Threads:
=>0x000001de78bab0e0 VMThread "VM Thread" [stack: 0x0000008fd1700000,0x0000008fd1800000] [id=4436]
  0x000001de7966aba0 WatcherThread [stack: 0x0000008fd2200000,0x0000008fd2300000] [id=4500]
  0x000001de6b851ef0 GCTaskThread "GC Thread#0" [stack: 0x0000008fd1200000,0x0000008fd1300000] [id=20408]
  0x000001de7a2d5cc0 GCTaskThread "GC Thread#1" [stack: 0x0000008fd2600000,0x0000008fd2700000] [id=9660]
  0x000001de7a2d5f70 GCTaskThread "GC Thread#2" [stack: 0x0000008fd2700000,0x0000008fd2800000] [id=4816]
  0x000001de7a2d6e90 GCTaskThread "GC Thread#3" [stack: 0x0000008fd2800000,0x0000008fd2900000] [id=4928]
  0x000001de7a39d560 GCTaskThread "GC Thread#4" [stack: 0x0000008fd2900000,0x0000008fd2a00000] [id=2800]
  0x000001de7a606ca0 GCTaskThread "GC Thread#5" [stack: 0x0000008fd2a00000,0x0000008fd2b00000] [id=3956]
  0x000001de7a5f4c80 GCTaskThread "GC Thread#6" [stack: 0x0000008fd2b00000,0x0000008fd2c00000] [id=10660]
  0x000001de7a606f50 GCTaskThread "GC Thread#7" [stack: 0x0000008fd2c00000,0x0000008fd2d00000] [id=19492]
  0x000001de6b863170 ConcurrentGCThread "G1 Main Marker" [stack: 0x0000008fd1300000,0x0000008fd1400000] [id=8408]
  0x000001de6b864230 ConcurrentGCThread "G1 Conc#0" [stack: 0x0000008fd1400000,0x0000008fd1500000] [id=13672]
  0x000001de7a7a9fd0 ConcurrentGCThread "G1 Conc#1" [stack: 0x0000008fd2e00000,0x0000008fd2f00000] [id=16016]
  0x000001de6b8ac990 ConcurrentGCThread "G1 Refine#0" [stack: 0x0000008fd1500000,0x0000008fd1600000] [id=17980]
  0x000001de7dcf0ac0 ConcurrentGCThread "G1 Refine#1" [stack: 0x0000008fd4a00000,0x0000008fd4b00000] [id=10704]
  0x000001de7d933b60 ConcurrentGCThread "G1 Refine#2" [stack: 0x0000008fd4b00000,0x0000008fd4c00000] [id=19448]
  0x000001de7afebeb0 ConcurrentGCThread "G1 Refine#3" [stack: 0x0000008fd4c00000,0x0000008fd4d00000] [id=2900]
  0x000001de7aea3bc0 ConcurrentGCThread "G1 Refine#4" [stack: 0x0000008fd4d00000,0x0000008fd4e00000] [id=10584]
  0x000001de7b0768a0 ConcurrentGCThread "G1 Refine#5" [stack: 0x0000008fd4e00000,0x0000008fd4f00000] [id=8200]
  0x000001de6b8ae170 ConcurrentGCThread "G1 Service" [stack: 0x0000008fd1600000,0x0000008fd1700000] [id=4504]

Threads with active compile tasks:

VM state: at safepoint (normal execution)

VM Mutex/Monitor currently owned by a thread:  ([mutex/lock_event])
[0x000001de69482dc0] Threads_lock - owner thread: 0x000001de78bab0e0
[0x000001de6b7f46c0] Heap_lock - owner thread: 0x000001de7aedb6f0

Heap address: 0x0000000081a00000, size: 2022 MB, Compressed Oops mode: 32-bit

CDS archive(s) not mapped
Compressed class space mapped at: 0x0000000100000000-0x0000000140000000, reserved size: 1073741824
Narrow klass base: 0x0000000000000000, Narrow klass shift: 3, Narrow klass range: 0x140000000

GC Precious Log:
 CPUs: 8 total, 8 available
 Memory: 8081M
 Large Page Support: Disabled
 NUMA Support: Disabled
 Compressed Oops: Enabled (32-bit)
 Heap Region Size: 1M
 Heap Min Capacity: 8M
 Heap Initial Capacity: 128M
 Heap Max Capacity: 2022M
 Pre-touch: Disabled
 Parallel Workers: 8
 Concurrent Workers: 2
 Concurrent Refinement Workers: 8
 Periodic GC: Disabled

Heap:
 garbage-first heap   total 360448K, used 108907K [0x0000000081a00000, 0x0000000100000000)
  region size 1024K, 17 young (17408K), 17 survivors (17408K)
 Metaspace       used 40425K, committed 40832K, reserved 1089536K
  class space    used 5192K, committed 5376K, reserved 1048576K

Heap Regions: E=young(eden), S=young(survivor), O=old, HS=humongous(starts), HC=humongous(continues), CS=collection set, F=free, OA=open archive, CA=closed archive, TAMS=top-at-mark-start (previous, next)
|   0|0x0000000081a00000, 0x0000000081b00000, 0x0000000081b00000|100%| O|  |TAMS 0x0000000081b00000, 0x0000000081a00000| Untracked 
|   1|0x0000000081b00000, 0x0000000081c00000, 0x0000000081c00000|100%| O|  |TAMS 0x0000000081c00000, 0x0000000081b00000| Untracked 
|   2|0x0000000081c00000, 0x0000000081d00000, 0x0000000081d00000|100%| O|  |TAMS 0x0000000081d00000, 0x0000000081c00000| Untracked 
|   3|0x0000000081d00000, 0x0000000081e00000, 0x0000000081e00000|100%| O|  |TAMS 0x0000000081e00000, 0x0000000081d00000| Untracked 
|   4|0x0000000081e00000, 0x0000000081f00000, 0x0000000081f00000|100%| O|  |TAMS 0x0000000081f00000, 0x0000000081e00000| Untracked 
|   5|0x0000000081f00000, 0x0000000082000000, 0x0000000082000000|100%| O|  |TAMS 0x0000000082000000, 0x0000000081f00000| Untracked 
|   6|0x0000000082000000, 0x0000000082100000, 0x0000000082100000|100%| O|  |TAMS 0x0000000082100000, 0x0000000082000000| Untracked 
|   7|0x0000000082100000, 0x0000000082200000, 0x0000000082200000|100%| O|  |TAMS 0x0000000082200000, 0x0000000082100000| Untracked 
|   8|0x0000000082200000, 0x0000000082300000, 0x0000000082300000|100%| O|  |TAMS 0x0000000082300000, 0x0000000082200000| Untracked 
|   9|0x0000000082300000, 0x0000000082400000, 0x0000000082400000|100%| O|  |TAMS 0x0000000082400000, 0x0000000082300000| Untracked 
|  10|0x0000000082400000, 0x0000000082500000, 0x0000000082500000|100%| O|  |TAMS 0x0000000082500000, 0x0000000082400000| Untracked 
|  11|0x0000000082500000, 0x0000000082600000, 0x0000000082600000|100%| O|  |TAMS 0x0000000082600000, 0x0000000082500000| Untracked 
|  12|0x0000000082600000, 0x0000000082700000, 0x0000000082700000|100%| O|  |TAMS 0x0000000082700000, 0x0000000082600000| Untracked 
|  13|0x0000000082700000, 0x0000000082800000, 0x0000000082800000|100%| O|  |TAMS 0x0000000082800000, 0x0000000082700000| Untracked 
|  14|0x0000000082800000, 0x0000000082900000, 0x0000000082900000|100%| O|  |TAMS 0x0000000082900000, 0x0000000082800000| Untracked 
|  15|0x0000000082900000, 0x0000000082a00000, 0x0000000082a00000|100%| O|  |TAMS 0x0000000082a00000, 0x0000000082900000| Untracked 
|  16|0x0000000082a00000, 0x0000000082b00000, 0x0000000082b00000|100%| O|  |TAMS 0x0000000082b00000, 0x0000000082a00000| Untracked 
|  17|0x0000000082b00000, 0x0000000082c00000, 0x0000000082c00000|100%| O|  |TAMS 0x0000000082c00000, 0x0000000082b00000| Untracked 
|  18|0x0000000082c00000, 0x0000000082d00000, 0x0000000082d00000|100%| O|  |TAMS 0x0000000082d00000, 0x0000000082c00000| Untracked 
|  19|0x0000000082d00000, 0x0000000082e00000, 0x0000000082e00000|100%| O|  |TAMS 0x0000000082e00000, 0x0000000082d00000| Untracked 
|  20|0x0000000082e00000, 0x0000000082f00000, 0x0000000082f00000|100%| O|  |TAMS 0x0000000082f00000, 0x0000000082e00000| Untracked 
|  21|0x0000000082f00000, 0x0000000083000000, 0x0000000083000000|100%| O|  |TAMS 0x0000000083000000, 0x0000000082f00000| Untracked 
|  22|0x0000000083000000, 0x0000000083100000, 0x0000000083100000|100%| O|  |TAMS 0x0000000083100000, 0x0000000083000000| Untracked 
|  23|0x0000000083100000, 0x0000000083200000, 0x0000000083200000|100%| O|  |TAMS 0x0000000083100000, 0x0000000083100000| Untracked 
|  24|0x0000000083200000, 0x0000000083300000, 0x0000000083300000|100%| O|  |TAMS 0x0000000083300000, 0x0000000083200000| Untracked 
|  25|0x0000000083300000, 0x0000000083400000, 0x0000000083400000|100%| O|  |TAMS 0x0000000083400000, 0x0000000083300000| Untracked 
|  26|0x0000000083400000, 0x0000000083500000, 0x0000000083500000|100%| O|  |TAMS 0x0000000083500000, 0x0000000083400000| Untracked 
|  27|0x0000000083500000, 0x0000000083600000, 0x0000000083600000|100%| O|  |TAMS 0x0000000083600000, 0x0000000083500000| Untracked 
|  28|0x0000000083600000, 0x0000000083700000, 0x0000000083700000|100%| O|  |TAMS 0x0000000083700000, 0x0000000083600000| Untracked 
|  29|0x0000000083700000, 0x0000000083800000, 0x0000000083800000|100%| O|  |TAMS 0x0000000083800000, 0x0000000083700000| Untracked 
|  30|0x0000000083800000, 0x0000000083900000, 0x0000000083900000|100%| O|  |TAMS 0x0000000083900000, 0x0000000083800000| Untracked 
|  31|0x0000000083900000, 0x0000000083a00000, 0x0000000083a00000|100%| O|  |TAMS 0x0000000083a00000, 0x0000000083900000| Untracked 
|  32|0x0000000083a00000, 0x0000000083b00000, 0x0000000083b00000|100%| O|  |TAMS 0x0000000083b00000, 0x0000000083a00000| Untracked 
|  33|0x0000000083b00000, 0x0000000083c00000, 0x0000000083c00000|100%| O|  |TAMS 0x0000000083c00000, 0x0000000083b00000| Untracked 
|  34|0x0000000083c00000, 0x0000000083d00000, 0x0000000083d00000|100%| O|  |TAMS 0x0000000083d00000, 0x0000000083c00000| Untracked 
|  35|0x0000000083d00000, 0x0000000083e00000, 0x0000000083e00000|100%| O|  |TAMS 0x0000000083e00000, 0x0000000083d00000| Untracked 
|  36|0x0000000083e00000, 0x0000000083f00000, 0x0000000083f00000|100%| O|  |TAMS 0x0000000083f00000, 0x0000000083e00000| Untracked 
|  37|0x0000000083f00000, 0x0000000084000000, 0x0000000084000000|100%| O|  |TAMS 0x0000000084000000, 0x0000000083f00000| Untracked 
|  38|0x0000000084000000, 0x0000000084100000, 0x0000000084100000|100%| O|  |TAMS 0x0000000084100000, 0x0000000084000000| Untracked 
|  39|0x0000000084100000, 0x0000000084200000, 0x0000000084200000|100%| O|  |TAMS 0x0000000084200000, 0x0000000084100000| Untracked 
|  40|0x0000000084200000, 0x0000000084300000, 0x0000000084300000|100%| O|  |TAMS 0x0000000084300000, 0x0000000084200000| Untracked 
|  41|0x0000000084300000, 0x0000000084400000, 0x0000000084400000|100%|HS|  |TAMS 0x0000000084400000, 0x0000000084300000| Complete 
|  42|0x0000000084400000, 0x0000000084500000, 0x0000000084500000|100%|HS|  |TAMS 0x0000000084500000, 0x0000000084400000| Complete 
|  43|0x0000000084500000, 0x0000000084600000, 0x0000000084600000|100%| O|  |TAMS 0x0000000084600000, 0x0000000084500000| Untracked 
|  44|0x0000000084600000, 0x0000000084700000, 0x0000000084700000|100%| O|  |TAMS 0x0000000084700000, 0x0000000084600000| Untracked 
|  45|0x0000000084700000, 0x0000000084800000, 0x0000000084800000|100%| O|  |TAMS 0x0000000084800000, 0x0000000084700000| Untracked 
|  46|0x0000000084800000, 0x0000000084900000, 0x0000000084900000|100%| O|  |TAMS 0x0000000084900000, 0x0000000084800000| Untracked 
|  47|0x0000000084900000, 0x0000000084a00000, 0x0000000084a00000|100%| O|  |TAMS 0x0000000084a00000, 0x0000000084900000| Untracked 
|  48|0x0000000084a00000, 0x0000000084b00000, 0x0000000084b00000|100%| O|  |TAMS 0x0000000084b00000, 0x0000000084a00000| Untracked 
|  49|0x0000000084b00000, 0x0000000084c00000, 0x0000000084c00000|100%| O|  |TAMS 0x0000000084c00000, 0x0000000084b00000| Untracked 
|  50|0x0000000084c00000, 0x0000000084d00000, 0x0000000084d00000|100%| O|  |TAMS 0x0000000084d00000, 0x0000000084c00000| Untracked 
|  51|0x0000000084d00000, 0x0000000084e00000, 0x0000000084e00000|100%| O|  |TAMS 0x0000000084e00000, 0x0000000084d00000| Untracked 
|  52|0x0000000084e00000, 0x0000000084f00000, 0x0000000084f00000|100%| O|  |TAMS 0x0000000084f00000, 0x0000000084e00000| Untracked 
|  53|0x0000000084f00000, 0x0000000085000000, 0x0000000085000000|100%| O|  |TAMS 0x0000000085000000, 0x0000000084f00000| Untracked 
|  54|0x0000000085000000, 0x0000000085100000, 0x0000000085100000|100%| O|  |TAMS 0x0000000085100000, 0x0000000085000000| Untracked 
|  55|0x0000000085100000, 0x0000000085200000, 0x0000000085200000|100%| O|  |TAMS 0x0000000085200000, 0x0000000085100000| Untracked 
|  56|0x0000000085200000, 0x0000000085300000, 0x0000000085300000|100%| O|  |TAMS 0x0000000085300000, 0x0000000085200000| Untracked 
|  57|0x0000000085300000, 0x0000000085400000, 0x0000000085400000|100%| O|  |TAMS 0x0000000085400000, 0x0000000085300000| Untracked 
|  58|0x0000000085400000, 0x0000000085500000, 0x0000000085500000|100%| O|  |TAMS 0x0000000085500000, 0x0000000085400000| Untracked 
|  59|0x0000000085500000, 0x0000000085600000, 0x0000000085600000|100%| O|  |TAMS 0x0000000085600000, 0x0000000085500000| Untracked 
|  60|0x0000000085600000, 0x0000000085700000, 0x0000000085700000|100%| O|  |TAMS 0x0000000085700000, 0x0000000085600000| Untracked 
|  61|0x0000000085700000, 0x0000000085800000, 0x0000000085800000|100%| O|  |TAMS 0x0000000085800000, 0x0000000085700000| Untracked 
|  62|0x0000000085800000, 0x0000000085900000, 0x0000000085900000|100%| O|  |TAMS 0x0000000085800000, 0x0000000085800000| Untracked 
|  63|0x0000000085900000, 0x0000000085a00000, 0x0000000085a00000|100%| O|  |TAMS 0x0000000085a00000, 0x0000000085900000| Untracked 
|  64|0x0000000085a00000, 0x0000000085b00000, 0x0000000085b00000|100%| O|  |TAMS 0x0000000085b00000, 0x0000000085a00000| Untracked 
|  65|0x0000000085b00000, 0x0000000085c00000, 0x0000000085c00000|100%| O|  |TAMS 0x0000000085c00000, 0x0000000085b00000| Untracked 
|  66|0x0000000085c00000, 0x0000000085d00000, 0x0000000085d00000|100%| O|  |TAMS 0x0000000085d00000, 0x0000000085c00000| Untracked 
|  67|0x0000000085d00000, 0x0000000085e00000, 0x0000000085e00000|100%| O|  |TAMS 0x0000000085e00000, 0x0000000085d00000| Untracked 
|  68|0x0000000085e00000, 0x0000000085f00000, 0x0000000085f00000|100%| O|  |TAMS 0x0000000085f00000, 0x0000000085e00000| Untracked 
|  69|0x0000000085f00000, 0x0000000086000000, 0x0000000086000000|100%| O|  |TAMS 0x0000000086000000, 0x0000000085f00000| Untracked 
|  70|0x0000000086000000, 0x0000000086100000, 0x0000000086100000|100%| O|  |TAMS 0x0000000086100000, 0x0000000086000000| Untracked 
|  71|0x0000000086100000, 0x0000000086200000, 0x0000000086200000|100%| O|  |TAMS 0x0000000086200000, 0x0000000086100000| Untracked 
|  72|0x0000000086200000, 0x0000000086300000, 0x0000000086300000|100%| O|  |TAMS 0x0000000086300000, 0x0000000086200000| Untracked 
|  73|0x0000000086300000, 0x0000000086400000, 0x0000000086400000|100%| O|  |TAMS 0x00000000863cc000, 0x0000000086300000| Untracked 
|  74|0x0000000086400000, 0x0000000086500000, 0x0000000086500000|100%| O|  |TAMS 0x0000000086400000, 0x0000000086400000| Untracked 
|  75|0x0000000086500000, 0x0000000086600000, 0x0000000086600000|100%| O|  |TAMS 0x0000000086500000, 0x0000000086500000| Untracked 
|  76|0x0000000086600000, 0x0000000086700000, 0x0000000086700000|100%| O|  |TAMS 0x0000000086600000, 0x0000000086600000| Untracked 
|  77|0x0000000086700000, 0x0000000086800000, 0x0000000086800000|100%| O|  |TAMS 0x0000000086700000, 0x0000000086700000| Untracked 
|  78|0x0000000086800000, 0x0000000086900000, 0x0000000086900000|100%| O|  |TAMS 0x0000000086800000, 0x0000000086800000| Untracked 
|  79|0x0000000086900000, 0x0000000086a00000, 0x0000000086a00000|100%| O|  |TAMS 0x0000000086900000, 0x0000000086900000| Untracked 
|  80|0x0000000086a00000, 0x0000000086b00000, 0x0000000086b00000|100%| O|  |TAMS 0x0000000086a00000, 0x0000000086a00000| Untracked 
|  81|0x0000000086b00000, 0x0000000086c00000, 0x0000000086c00000|100%| O|  |TAMS 0x0000000086b00000, 0x0000000086b00000| Untracked 
|  82|0x0000000086c00000, 0x0000000086d00000, 0x0000000086d00000|100%| O|  |TAMS 0x0000000086c00000, 0x0000000086c00000| Untracked 
|  83|0x0000000086d00000, 0x0000000086e00000, 0x0000000086e00000|100%| O|  |TAMS 0x0000000086d00000, 0x0000000086d00000| Untracked 
|  84|0x0000000086e00000, 0x0000000086f00000, 0x0000000086f00000|100%| O|  |TAMS 0x0000000086e00000, 0x0000000086e00000| Untracked 
|  85|0x0000000086f00000, 0x0000000087000000, 0x0000000087000000|100%| O|  |TAMS 0x0000000086f00000, 0x0000000086f00000| Untracked 
|  86|0x0000000087000000, 0x0000000087100000, 0x0000000087100000|100%| O|  |TAMS 0x0000000087000000, 0x0000000087000000| Untracked 
|  87|0x0000000087100000, 0x0000000087200000, 0x0000000087200000|100%| O|  |TAMS 0x0000000087100000, 0x0000000087100000| Untracked 
|  88|0x0000000087200000, 0x0000000087300000, 0x0000000087300000|100%| O|  |TAMS 0x0000000087200000, 0x0000000087200000| Untracked 
|  89|0x0000000087300000, 0x00000000873b4a00, 0x0000000087400000| 70%| O|  |TAMS 0x0000000087300000, 0x0000000087300000| Untracked 
|  90|0x0000000087400000, 0x0000000087400000, 0x0000000087500000|  0%| F|  |TAMS 0x0000000087400000, 0x0000000087400000| Untracked 
|  91|0x0000000087500000, 0x0000000087500000, 0x0000000087600000|  0%| F|  |TAMS 0x0000000087500000, 0x0000000087500000| Untracked 
|  92|0x0000000087600000, 0x0000000087600000, 0x0000000087700000|  0%| F|  |TAMS 0x0000000087600000, 0x0000000087600000| Untracked 
|  93|0x0000000087700000, 0x0000000087700000, 0x0000000087800000|  0%| F|  |TAMS 0x0000000087700000, 0x0000000087700000| Untracked 
|  94|0x0000000087800000, 0x0000000087800000, 0x0000000087900000|  0%| F|  |TAMS 0x0000000087800000, 0x0000000087800000| Untracked 
|  95|0x0000000087900000, 0x0000000087900000, 0x0000000087a00000|  0%| F|  |TAMS 0x0000000087900000, 0x0000000087900000| Untracked 
|  96|0x0000000087a00000, 0x0000000087a00000, 0x0000000087b00000|  0%| F|  |TAMS 0x0000000087a00000, 0x0000000087a00000| Untracked 
|  97|0x0000000087b00000, 0x0000000087b00000, 0x0000000087c00000|  0%| F|  |TAMS 0x0000000087b00000, 0x0000000087b00000| Untracked 
|  98|0x0000000087c00000, 0x0000000087c00000, 0x0000000087d00000|  0%| F|  |TAMS 0x0000000087c00000, 0x0000000087c00000| Untracked 
|  99|0x0000000087d00000, 0x0000000087d00000, 0x0000000087e00000|  0%| F|  |TAMS 0x0000000087d00000, 0x0000000087d00000| Untracked 
| 100|0x0000000087e00000, 0x0000000087e00000, 0x0000000087f00000|  0%| F|  |TAMS 0x0000000087e00000, 0x0000000087e00000| Untracked 
| 101|0x0000000087f00000, 0x0000000087f00000, 0x0000000088000000|  0%| F|  |TAMS 0x0000000087f00000, 0x0000000087f00000| Untracked 
| 102|0x0000000088000000, 0x0000000088000000, 0x0000000088100000|  0%| F|  |TAMS 0x0000000088000000, 0x0000000088000000| Untracked 
| 103|0x0000000088100000, 0x0000000088100000, 0x0000000088200000|  0%| F|  |TAMS 0x0000000088100000, 0x0000000088100000| Untracked 
| 104|0x0000000088200000, 0x0000000088200000, 0x0000000088300000|  0%| F|  |TAMS 0x0000000088200000, 0x0000000088200000| Untracked 
| 105|0x0000000088300000, 0x0000000088300000, 0x0000000088400000|  0%| F|  |TAMS 0x0000000088300000, 0x0000000088300000| Untracked 
| 106|0x0000000088400000, 0x0000000088400000, 0x0000000088500000|  0%| F|  |TAMS 0x0000000088400000, 0x0000000088400000| Untracked 
| 107|0x0000000088500000, 0x0000000088500000, 0x0000000088600000|  0%| F|  |TAMS 0x0000000088500000, 0x0000000088500000| Untracked 
| 108|0x0000000088600000, 0x0000000088600000, 0x0000000088700000|  0%| F|  |TAMS 0x0000000088600000, 0x0000000088600000| Untracked 
| 109|0x0000000088700000, 0x0000000088700000, 0x0000000088800000|  0%| F|  |TAMS 0x0000000088700000, 0x0000000088700000| Untracked 
| 110|0x0000000088800000, 0x0000000088800000, 0x0000000088900000|  0%| F|  |TAMS 0x0000000088800000, 0x0000000088800000| Untracked 
| 111|0x0000000088900000, 0x0000000088900000, 0x0000000088a00000|  0%| F|  |TAMS 0x0000000088900000, 0x0000000088900000| Untracked 
| 112|0x0000000088a00000, 0x0000000088a00000, 0x0000000088b00000|  0%| F|  |TAMS 0x0000000088a00000, 0x0000000088a00000| Untracked 
| 113|0x0000000088b00000, 0x0000000088b00000, 0x0000000088c00000|  0%| F|  |TAMS 0x0000000088b00000, 0x0000000088b00000| Untracked 
| 114|0x0000000088c00000, 0x0000000088c00000, 0x0000000088d00000|  0%| F|  |TAMS 0x0000000088c00000, 0x0000000088c00000| Untracked 
| 115|0x0000000088d00000, 0x0000000088d00000, 0x0000000088e00000|  0%| F|  |TAMS 0x0000000088d00000, 0x0000000088d00000| Untracked 
| 116|0x0000000088e00000, 0x0000000088e00000, 0x0000000088f00000|  0%| F|  |TAMS 0x0000000088e00000, 0x0000000088e00000| Untracked 
| 117|0x0000000088f00000, 0x0000000088f00000, 0x0000000089000000|  0%| F|  |TAMS 0x0000000088f00000, 0x0000000088f00000| Untracked 
| 118|0x0000000089000000, 0x0000000089000000, 0x0000000089100000|  0%| F|  |TAMS 0x0000000089000000, 0x0000000089000000| Untracked 
| 119|0x0000000089100000, 0x0000000089100000, 0x0000000089200000|  0%| F|  |TAMS 0x0000000089100000, 0x0000000089100000| Untracked 
| 120|0x0000000089200000, 0x0000000089200000, 0x0000000089300000|  0%| F|  |TAMS 0x0000000089200000, 0x0000000089200000| Untracked 
| 121|0x0000000089300000, 0x0000000089300000, 0x0000000089400000|  0%| F|  |TAMS 0x0000000089300000, 0x0000000089300000| Untracked 
| 122|0x0000000089400000, 0x0000000089400000, 0x0000000089500000|  0%| F|  |TAMS 0x0000000089400000, 0x0000000089400000| Untracked 
| 123|0x0000000089500000, 0x0000000089500000, 0x0000000089600000|  0%| F|  |TAMS 0x0000000089500000, 0x0000000089500000| Untracked 
| 124|0x0000000089600000, 0x0000000089600000, 0x0000000089700000|  0%| F|  |TAMS 0x0000000089600000, 0x0000000089600000| Untracked 
| 125|0x0000000089700000, 0x0000000089700000, 0x0000000089800000|  0%| F|  |TAMS 0x0000000089700000, 0x0000000089700000| Untracked 
| 126|0x0000000089800000, 0x0000000089800000, 0x0000000089900000|  0%| F|  |TAMS 0x0000000089800000, 0x0000000089800000| Untracked 
| 127|0x0000000089900000, 0x0000000089900000, 0x0000000089a00000|  0%| F|  |TAMS 0x0000000089900000, 0x0000000089900000| Untracked 
| 128|0x0000000089a00000, 0x0000000089a00000, 0x0000000089b00000|  0%| F|  |TAMS 0x0000000089a00000, 0x0000000089a00000| Untracked 
| 129|0x0000000089b00000, 0x0000000089b00000, 0x0000000089c00000|  0%| F|  |TAMS 0x0000000089b00000, 0x0000000089b00000| Untracked 
| 130|0x0000000089c00000, 0x0000000089c00000, 0x0000000089d00000|  0%| F|  |TAMS 0x0000000089c00000, 0x0000000089c00000| Untracked 
| 131|0x0000000089d00000, 0x0000000089d00000, 0x0000000089e00000|  0%| F|  |TAMS 0x0000000089d00000, 0x0000000089d00000| Untracked 
| 132|0x0000000089e00000, 0x0000000089e00000, 0x0000000089f00000|  0%| F|  |TAMS 0x0000000089e00000, 0x0000000089e00000| Untracked 
| 133|0x0000000089f00000, 0x0000000089f00000, 0x000000008a000000|  0%| F|  |TAMS 0x0000000089f00000, 0x0000000089f00000| Untracked 
| 134|0x000000008a000000, 0x000000008a000000, 0x000000008a100000|  0%| F|  |TAMS 0x000000008a000000, 0x000000008a000000| Untracked 
| 135|0x000000008a100000, 0x000000008a100000, 0x000000008a200000|  0%| F|  |TAMS 0x000000008a100000, 0x000000008a100000| Untracked 
| 136|0x000000008a200000, 0x000000008a200000, 0x000000008a300000|  0%| F|  |TAMS 0x000000008a200000, 0x000000008a200000| Untracked 
| 137|0x000000008a300000, 0x000000008a3a62b0, 0x000000008a400000| 64%| S|CS|TAMS 0x000000008a300000, 0x000000008a300000| Complete 
| 138|0x000000008a400000, 0x000000008a500000, 0x000000008a500000|100%| S|CS|TAMS 0x000000008a400000, 0x000000008a400000| Complete 
| 139|0x000000008a500000, 0x000000008a600000, 0x000000008a600000|100%| S|CS|TAMS 0x000000008a500000, 0x000000008a500000| Complete 
| 140|0x000000008a600000, 0x000000008a700000, 0x000000008a700000|100%| S|CS|TAMS 0x000000008a600000, 0x000000008a600000| Complete 
| 141|0x000000008a700000, 0x000000008a800000, 0x000000008a800000|100%| S|CS|TAMS 0x000000008a700000, 0x000000008a700000| Complete 
| 142|0x000000008a800000, 0x000000008a900000, 0x000000008a900000|100%| S|CS|TAMS 0x000000008a800000, 0x000000008a800000| Complete 
| 143|0x000000008a900000, 0x000000008aa00000, 0x000000008aa00000|100%| S|CS|TAMS 0x000000008a900000, 0x000000008a900000| Complete 
| 144|0x000000008aa00000, 0x000000008aa00000, 0x000000008ab00000|  0%| F|  |TAMS 0x000000008aa00000, 0x000000008aa00000| Untracked 
| 145|0x000000008ab00000, 0x000000008ab00000, 0x000000008ac00000|  0%| F|  |TAMS 0x000000008ab00000, 0x000000008ab00000| Untracked 
| 146|0x000000008ac00000, 0x000000008ac00000, 0x000000008ad00000|  0%| F|  |TAMS 0x000000008ac00000, 0x000000008ac00000| Untracked 
| 147|0x000000008ad00000, 0x000000008ad00000, 0x000000008ae00000|  0%| F|  |TAMS 0x000000008ad00000, 0x000000008ad00000| Untracked 
| 148|0x000000008ae00000, 0x000000008ae00000, 0x000000008af00000|  0%| F|  |TAMS 0x000000008ae00000, 0x000000008ae00000| Untracked 
| 149|0x000000008af00000, 0x000000008af00000, 0x000000008b000000|  0%| F|  |TAMS 0x000000008af00000, 0x000000008af00000| Untracked 
| 150|0x000000008b000000, 0x000000008b000000, 0x000000008b100000|  0%| F|  |TAMS 0x000000008b000000, 0x000000008b000000| Untracked 
| 151|0x000000008b100000, 0x000000008b100000, 0x000000008b200000|  0%| F|  |TAMS 0x000000008b100000, 0x000000008b100000| Untracked 
| 152|0x000000008b200000, 0x000000008b200000, 0x000000008b300000|  0%| F|  |TAMS 0x000000008b200000, 0x000000008b200000| Untracked 
| 153|0x000000008b300000, 0x000000008b300000, 0x000000008b400000|  0%| F|  |TAMS 0x000000008b300000, 0x000000008b300000| Untracked 
| 154|0x000000008b400000, 0x000000008b400000, 0x000000008b500000|  0%| F|  |TAMS 0x000000008b400000, 0x000000008b400000| Untracked 
| 155|0x000000008b500000, 0x000000008b500000, 0x000000008b600000|  0%| F|  |TAMS 0x000000008b500000, 0x000000008b500000| Untracked 
| 156|0x000000008b600000, 0x000000008b600000, 0x000000008b700000|  0%| F|  |TAMS 0x000000008b600000, 0x000000008b600000| Untracked 
| 157|0x000000008b700000, 0x000000008b700000, 0x000000008b800000|  0%| F|  |TAMS 0x000000008b700000, 0x000000008b700000| Untracked 
| 158|0x000000008b800000, 0x000000008b800000, 0x000000008b900000|  0%| F|  |TAMS 0x000000008b800000, 0x000000008b800000| Untracked 
| 159|0x000000008b900000, 0x000000008ba00000, 0x000000008ba00000|100%| S|CS|TAMS 0x000000008b900000, 0x000000008b900000| Complete 
| 160|0x000000008ba00000, 0x000000008bb00000, 0x000000008bb00000|100%| S|CS|TAMS 0x000000008ba00000, 0x000000008ba00000| Complete 
| 161|0x000000008bb00000, 0x000000008bc00000, 0x000000008bc00000|100%| S|CS|TAMS 0x000000008bb00000, 0x000000008bb00000| Complete 
| 162|0x000000008bc00000, 0x000000008bd00000, 0x000000008bd00000|100%| S|CS|TAMS 0x000000008bc00000, 0x000000008bc00000| Complete 
| 163|0x000000008bd00000, 0x000000008be00000, 0x000000008be00000|100%| S|CS|TAMS 0x000000008bd00000, 0x000000008bd00000| Complete 
| 164|0x000000008be00000, 0x000000008bf00000, 0x000000008bf00000|100%| S|CS|TAMS 0x000000008be00000, 0x000000008be00000| Complete 
| 165|0x000000008bf00000, 0x000000008c000000, 0x000000008c000000|100%| S|CS|TAMS 0x000000008bf00000, 0x000000008bf00000| Complete 
| 166|0x000000008c000000, 0x000000008c100000, 0x000000008c100000|100%| S|CS|TAMS 0x000000008c000000, 0x000000008c000000| Complete 
| 167|0x000000008c100000, 0x000000008c100000, 0x000000008c200000|  0%| F|  |TAMS 0x000000008c100000, 0x000000008c100000| Untracked 
| 168|0x000000008c200000, 0x000000008c300000, 0x000000008c300000|100%| S|CS|TAMS 0x000000008c200000, 0x000000008c200000| Complete 
| 169|0x000000008c300000, 0x000000008c400000, 0x000000008c400000|100%| S|CS|TAMS 0x000000008c300000, 0x000000008c300000| Complete 
| 170|0x000000008c400000, 0x000000008c400000, 0x000000008c500000|  0%| F|  |TAMS 0x000000008c400000, 0x000000008c400000| Untracked 
| 171|0x000000008c500000, 0x000000008c500000, 0x000000008c600000|  0%| F|  |TAMS 0x000000008c500000, 0x000000008c500000| Untracked 
| 172|0x000000008c600000, 0x000000008c600000, 0x000000008c700000|  0%| F|  |TAMS 0x000000008c600000, 0x000000008c600000| Untracked 
| 173|0x000000008c700000, 0x000000008c700000, 0x000000008c800000|  0%| F|  |TAMS 0x000000008c700000, 0x000000008c700000| Untracked 
| 174|0x000000008c800000, 0x000000008c800000, 0x000000008c900000|  0%| F|  |TAMS 0x000000008c800000, 0x000000008c800000| Untracked 
| 175|0x000000008c900000, 0x000000008c900000, 0x000000008ca00000|  0%| F|  |TAMS 0x000000008c900000, 0x000000008c900000| Untracked 
| 176|0x000000008ca00000, 0x000000008ca00000, 0x000000008cb00000|  0%| F|  |TAMS 0x000000008ca00000, 0x000000008ca00000| Untracked 
| 177|0x000000008cb00000, 0x000000008cb00000, 0x000000008cc00000|  0%| F|  |TAMS 0x000000008cb00000, 0x000000008cb00000| Untracked 
| 178|0x000000008cc00000, 0x000000008cc00000, 0x000000008cd00000|  0%| F|  |TAMS 0x000000008cc00000, 0x000000008cc00000| Untracked 
| 179|0x000000008cd00000, 0x000000008cd00000, 0x000000008ce00000|  0%| F|  |TAMS 0x000000008cd00000, 0x000000008cd00000| Untracked 
| 180|0x000000008ce00000, 0x000000008ce00000, 0x000000008cf00000|  0%| F|  |TAMS 0x000000008ce00000, 0x000000008ce00000| Untracked 
| 181|0x000000008cf00000, 0x000000008cf00000, 0x000000008d000000|  0%| F|  |TAMS 0x000000008cf00000, 0x000000008cf00000| Untracked 
| 182|0x000000008d000000, 0x000000008d000000, 0x000000008d100000|  0%| F|  |TAMS 0x000000008d000000, 0x000000008d000000| Untracked 
| 183|0x000000008d100000, 0x000000008d100000, 0x000000008d200000|  0%| F|  |TAMS 0x000000008d100000, 0x000000008d100000| Untracked 
| 184|0x000000008d200000, 0x000000008d200000, 0x000000008d300000|  0%| F|  |TAMS 0x000000008d200000, 0x000000008d200000| Untracked 
| 185|0x000000008d300000, 0x000000008d300000, 0x000000008d400000|  0%| F|  |TAMS 0x000000008d300000, 0x000000008d300000| Untracked 
| 186|0x000000008d400000, 0x000000008d400000, 0x000000008d500000|  0%| F|  |TAMS 0x000000008d400000, 0x000000008d400000| Untracked 
| 187|0x000000008d500000, 0x000000008d500000, 0x000000008d600000|  0%| F|  |TAMS 0x000000008d500000, 0x000000008d500000| Untracked 
| 188|0x000000008d600000, 0x000000008d600000, 0x000000008d700000|  0%| F|  |TAMS 0x000000008d600000, 0x000000008d600000| Untracked 
| 189|0x000000008d700000, 0x000000008d700000, 0x000000008d800000|  0%| F|  |TAMS 0x000000008d700000, 0x000000008d700000| Untracked 
| 190|0x000000008d800000, 0x000000008d800000, 0x000000008d900000|  0%| F|  |TAMS 0x000000008d800000, 0x000000008d800000| Untracked 
| 191|0x000000008d900000, 0x000000008d900000, 0x000000008da00000|  0%| F|  |TAMS 0x000000008d900000, 0x000000008d900000| Untracked 
| 192|0x000000008da00000, 0x000000008da00000, 0x000000008db00000|  0%| F|  |TAMS 0x000000008da00000, 0x000000008da00000| Untracked 
| 193|0x000000008db00000, 0x000000008db00000, 0x000000008dc00000|  0%| F|  |TAMS 0x000000008db00000, 0x000000008db00000| Untracked 
| 194|0x000000008dc00000, 0x000000008dc00000, 0x000000008dd00000|  0%| F|  |TAMS 0x000000008dc00000, 0x000000008dc00000| Untracked 
| 195|0x000000008dd00000, 0x000000008dd00000, 0x000000008de00000|  0%| F|  |TAMS 0x000000008dd00000, 0x000000008dd00000| Untracked 
| 196|0x000000008de00000, 0x000000008de00000, 0x000000008df00000|  0%| F|  |TAMS 0x000000008de00000, 0x000000008de00000| Untracked 
| 197|0x000000008df00000, 0x000000008df00000, 0x000000008e000000|  0%| F|  |TAMS 0x000000008df00000, 0x000000008df00000| Untracked 
| 198|0x000000008e000000, 0x000000008e000000, 0x000000008e100000|  0%| F|  |TAMS 0x000000008e000000, 0x000000008e000000| Untracked 
| 199|0x000000008e100000, 0x000000008e100000, 0x000000008e200000|  0%| F|  |TAMS 0x000000008e100000, 0x000000008e100000| Untracked 
| 200|0x000000008e200000, 0x000000008e200000, 0x000000008e300000|  0%| F|  |TAMS 0x000000008e200000, 0x000000008e200000| Untracked 
| 201|0x000000008e300000, 0x000000008e300000, 0x000000008e400000|  0%| F|  |TAMS 0x000000008e300000, 0x000000008e300000| Untracked 
| 202|0x000000008e400000, 0x000000008e400000, 0x000000008e500000|  0%| F|  |TAMS 0x000000008e400000, 0x000000008e400000| Untracked 
| 203|0x000000008e500000, 0x000000008e500000, 0x000000008e600000|  0%| F|  |TAMS 0x000000008e500000, 0x000000008e500000| Untracked 
| 204|0x000000008e600000, 0x000000008e600000, 0x000000008e700000|  0%| F|  |TAMS 0x000000008e600000, 0x000000008e600000| Untracked 
| 205|0x000000008e700000, 0x000000008e700000, 0x000000008e800000|  0%| F|  |TAMS 0x000000008e700000, 0x000000008e700000| Untracked 
| 206|0x000000008e800000, 0x000000008e800000, 0x000000008e900000|  0%| F|  |TAMS 0x000000008e800000, 0x000000008e800000| Untracked 
| 207|0x000000008e900000, 0x000000008e900000, 0x000000008ea00000|  0%| F|  |TAMS 0x000000008e900000, 0x000000008e900000| Untracked 
| 208|0x000000008ea00000, 0x000000008ea00000, 0x000000008eb00000|  0%| F|  |TAMS 0x000000008ea00000, 0x000000008ea00000| Untracked 
| 209|0x000000008eb00000, 0x000000008eb00000, 0x000000008ec00000|  0%| F|  |TAMS 0x000000008eb00000, 0x000000008eb00000| Untracked 
| 210|0x000000008ec00000, 0x000000008ec00000, 0x000000008ed00000|  0%| F|  |TAMS 0x000000008ec00000, 0x000000008ec00000| Untracked 
| 211|0x000000008ed00000, 0x000000008ed00000, 0x000000008ee00000|  0%| F|  |TAMS 0x000000008ed00000, 0x000000008ed00000| Untracked 
| 212|0x000000008ee00000, 0x000000008ee00000, 0x000000008ef00000|  0%| F|  |TAMS 0x000000008ee00000, 0x000000008ee00000| Untracked 
| 213|0x000000008ef00000, 0x000000008ef00000, 0x000000008f000000|  0%| F|  |TAMS 0x000000008ef00000, 0x000000008ef00000| Untracked 
| 214|0x000000008f000000, 0x000000008f000000, 0x000000008f100000|  0%| F|  |TAMS 0x000000008f000000, 0x000000008f000000| Untracked 
| 215|0x000000008f100000, 0x000000008f100000, 0x000000008f200000|  0%| F|  |TAMS 0x000000008f100000, 0x000000008f100000| Untracked 
| 216|0x000000008f200000, 0x000000008f200000, 0x000000008f300000|  0%| F|  |TAMS 0x000000008f200000, 0x000000008f200000| Untracked 
| 217|0x000000008f300000, 0x000000008f300000, 0x000000008f400000|  0%| F|  |TAMS 0x000000008f300000, 0x000000008f300000| Untracked 
| 218|0x000000008f400000, 0x000000008f400000, 0x000000008f500000|  0%| F|  |TAMS 0x000000008f400000, 0x000000008f400000| Untracked 
| 219|0x000000008f500000, 0x000000008f500000, 0x000000008f600000|  0%| F|  |TAMS 0x000000008f500000, 0x000000008f500000| Untracked 
| 220|0x000000008f600000, 0x000000008f600000, 0x000000008f700000|  0%| F|  |TAMS 0x000000008f600000, 0x000000008f600000| Untracked 
| 221|0x000000008f700000, 0x000000008f700000, 0x000000008f800000|  0%| F|  |TAMS 0x000000008f700000, 0x000000008f700000| Untracked 
| 222|0x000000008f800000, 0x000000008f800000, 0x000000008f900000|  0%| F|  |TAMS 0x000000008f800000, 0x000000008f800000| Untracked 
| 223|0x000000008f900000, 0x000000008f900000, 0x000000008fa00000|  0%| F|  |TAMS 0x000000008f900000, 0x000000008f900000| Untracked 
| 224|0x000000008fa00000, 0x000000008fa00000, 0x000000008fb00000|  0%| F|  |TAMS 0x000000008fa00000, 0x000000008fa00000| Untracked 
| 225|0x000000008fb00000, 0x000000008fb00000, 0x000000008fc00000|  0%| F|  |TAMS 0x000000008fb00000, 0x000000008fb00000| Untracked 
| 226|0x000000008fc00000, 0x000000008fc00000, 0x000000008fd00000|  0%| F|  |TAMS 0x000000008fc00000, 0x000000008fc00000| Untracked 
| 227|0x000000008fd00000, 0x000000008fd00000, 0x000000008fe00000|  0%| F|  |TAMS 0x000000008fd00000, 0x000000008fd00000| Untracked 
| 228|0x000000008fe00000, 0x000000008fe00000, 0x000000008ff00000|  0%| F|  |TAMS 0x000000008fe00000, 0x000000008fe00000| Untracked 
| 229|0x000000008ff00000, 0x000000008ff00000, 0x0000000090000000|  0%| F|  |TAMS 0x000000008ff00000, 0x000000008ff00000| Untracked 
| 230|0x0000000090000000, 0x0000000090000000, 0x0000000090100000|  0%| F|  |TAMS 0x0000000090000000, 0x0000000090000000| Untracked 
| 231|0x0000000090100000, 0x0000000090100000, 0x0000000090200000|  0%| F|  |TAMS 0x0000000090100000, 0x0000000090100000| Untracked 
| 232|0x0000000090200000, 0x0000000090200000, 0x0000000090300000|  0%| F|  |TAMS 0x0000000090200000, 0x0000000090200000| Untracked 
| 233|0x0000000090300000, 0x0000000090300000, 0x0000000090400000|  0%| F|  |TAMS 0x0000000090300000, 0x0000000090300000| Untracked 
| 234|0x0000000090400000, 0x0000000090400000, 0x0000000090500000|  0%| F|  |TAMS 0x0000000090400000, 0x0000000090400000| Untracked 
| 235|0x0000000090500000, 0x0000000090500000, 0x0000000090600000|  0%| F|  |TAMS 0x0000000090500000, 0x0000000090500000| Untracked 
| 236|0x0000000090600000, 0x0000000090600000, 0x0000000090700000|  0%| F|  |TAMS 0x0000000090600000, 0x0000000090600000| Untracked 
| 237|0x0000000090700000, 0x0000000090700000, 0x0000000090800000|  0%| F|  |TAMS 0x0000000090700000, 0x0000000090700000| Untracked 
| 238|0x0000000090800000, 0x0000000090800000, 0x0000000090900000|  0%| F|  |TAMS 0x0000000090800000, 0x0000000090800000| Untracked 
| 239|0x0000000090900000, 0x0000000090900000, 0x0000000090a00000|  0%| F|  |TAMS 0x0000000090900000, 0x0000000090900000| Untracked 
| 240|0x0000000090a00000, 0x0000000090a00000, 0x0000000090b00000|  0%| F|  |TAMS 0x0000000090a00000, 0x0000000090a00000| Untracked 
| 241|0x0000000090b00000, 0x0000000090b00000, 0x0000000090c00000|  0%| F|  |TAMS 0x0000000090b00000, 0x0000000090b00000| Untracked 
| 242|0x0000000090c00000, 0x0000000090c00000, 0x0000000090d00000|  0%| F|  |TAMS 0x0000000090c00000, 0x0000000090c00000| Untracked 
| 243|0x0000000090d00000, 0x0000000090d00000, 0x0000000090e00000|  0%| F|  |TAMS 0x0000000090d00000, 0x0000000090d00000| Untracked 
| 244|0x0000000090e00000, 0x0000000090e00000, 0x0000000090f00000|  0%| F|  |TAMS 0x0000000090e00000, 0x0000000090e00000| Untracked 
| 245|0x0000000090f00000, 0x0000000090f00000, 0x0000000091000000|  0%| F|  |TAMS 0x0000000090f00000, 0x0000000090f00000| Untracked 
| 246|0x0000000091000000, 0x0000000091000000, 0x0000000091100000|  0%| F|  |TAMS 0x0000000091000000, 0x0000000091000000| Untracked 
| 247|0x0000000091100000, 0x0000000091100000, 0x0000000091200000|  0%| F|  |TAMS 0x0000000091100000, 0x0000000091100000| Untracked 
| 248|0x0000000091200000, 0x0000000091200000, 0x0000000091300000|  0%| F|  |TAMS 0x0000000091200000, 0x0000000091200000| Untracked 
| 249|0x0000000091300000, 0x0000000091300000, 0x0000000091400000|  0%| F|  |TAMS 0x0000000091300000, 0x0000000091300000| Untracked 
| 250|0x0000000091400000, 0x0000000091400000, 0x0000000091500000|  0%| F|  |TAMS 0x0000000091400000, 0x0000000091400000| Untracked 
| 251|0x0000000091500000, 0x0000000091500000, 0x0000000091600000|  0%| F|  |TAMS 0x0000000091500000, 0x0000000091500000| Untracked 
| 252|0x0000000091600000, 0x0000000091600000, 0x0000000091700000|  0%| F|  |TAMS 0x0000000091600000, 0x0000000091600000| Untracked 
| 253|0x0000000091700000, 0x0000000091700000, 0x0000000091800000|  0%| F|  |TAMS 0x0000000091700000, 0x0000000091700000| Untracked 
| 254|0x0000000091800000, 0x0000000091800000, 0x0000000091900000|  0%| F|  |TAMS 0x0000000091800000, 0x0000000091800000| Untracked 
| 255|0x0000000091900000, 0x0000000091900000, 0x0000000091a00000|  0%| F|  |TAMS 0x0000000091900000, 0x0000000091900000| Untracked 
| 256|0x0000000091a00000, 0x0000000091a00000, 0x0000000091b00000|  0%| F|  |TAMS 0x0000000091a00000, 0x0000000091a00000| Untracked 
| 257|0x0000000091b00000, 0x0000000091b00000, 0x0000000091c00000|  0%| F|  |TAMS 0x0000000091b00000, 0x0000000091b00000| Untracked 
| 258|0x0000000091c00000, 0x0000000091c00000, 0x0000000091d00000|  0%| F|  |TAMS 0x0000000091c00000, 0x0000000091c00000| Untracked 
| 259|0x0000000091d00000, 0x0000000091d00000, 0x0000000091e00000|  0%| F|  |TAMS 0x0000000091d00000, 0x0000000091d00000| Untracked 
| 260|0x0000000091e00000, 0x0000000091e00000, 0x0000000091f00000|  0%| F|  |TAMS 0x0000000091e00000, 0x0000000091e00000| Untracked 
| 261|0x0000000091f00000, 0x0000000091f00000, 0x0000000092000000|  0%| F|  |TAMS 0x0000000091f00000, 0x0000000091f00000| Untracked 
| 262|0x0000000092000000, 0x0000000092000000, 0x0000000092100000|  0%| F|  |TAMS 0x0000000092000000, 0x0000000092000000| Untracked 
| 263|0x0000000092100000, 0x0000000092100000, 0x0000000092200000|  0%| F|  |TAMS 0x0000000092100000, 0x0000000092100000| Untracked 
| 264|0x0000000092200000, 0x0000000092200000, 0x0000000092300000|  0%| F|  |TAMS 0x0000000092200000, 0x0000000092200000| Untracked 
| 265|0x0000000092300000, 0x0000000092300000, 0x0000000092400000|  0%| F|  |TAMS 0x0000000092300000, 0x0000000092300000| Untracked 
| 266|0x0000000092400000, 0x0000000092400000, 0x0000000092500000|  0%| F|  |TAMS 0x0000000092400000, 0x0000000092400000| Untracked 
| 267|0x0000000092500000, 0x0000000092500000, 0x0000000092600000|  0%| F|  |TAMS 0x0000000092500000, 0x0000000092500000| Untracked 
| 268|0x0000000092600000, 0x0000000092600000, 0x0000000092700000|  0%| F|  |TAMS 0x0000000092600000, 0x0000000092600000| Untracked 
| 269|0x0000000092700000, 0x0000000092700000, 0x0000000092800000|  0%| F|  |TAMS 0x0000000092700000, 0x0000000092700000| Untracked 
| 270|0x0000000092800000, 0x0000000092800000, 0x0000000092900000|  0%| F|  |TAMS 0x0000000092800000, 0x0000000092800000| Untracked 
| 271|0x0000000092900000, 0x0000000092900000, 0x0000000092a00000|  0%| F|  |TAMS 0x0000000092900000, 0x0000000092900000| Untracked 
| 272|0x0000000092a00000, 0x0000000092a00000, 0x0000000092b00000|  0%| F|  |TAMS 0x0000000092a00000, 0x0000000092a00000| Untracked 
| 273|0x0000000092b00000, 0x0000000092b00000, 0x0000000092c00000|  0%| F|  |TAMS 0x0000000092b00000, 0x0000000092b00000| Untracked 
| 274|0x0000000092c00000, 0x0000000092c00000, 0x0000000092d00000|  0%| F|  |TAMS 0x0000000092c00000, 0x0000000092c00000| Untracked 
| 275|0x0000000092d00000, 0x0000000092d00000, 0x0000000092e00000|  0%| F|  |TAMS 0x0000000092d00000, 0x0000000092d00000| Untracked 
| 276|0x0000000092e00000, 0x0000000092e00000, 0x0000000092f00000|  0%| F|  |TAMS 0x0000000092e00000, 0x0000000092e00000| Untracked 
| 277|0x0000000092f00000, 0x0000000092f00000, 0x0000000093000000|  0%| F|  |TAMS 0x0000000092f00000, 0x0000000092f00000| Untracked 
| 278|0x0000000093000000, 0x0000000093000000, 0x0000000093100000|  0%| F|  |TAMS 0x0000000093000000, 0x0000000093000000| Untracked 
| 279|0x0000000093100000, 0x0000000093100000, 0x0000000093200000|  0%| F|  |TAMS 0x0000000093100000, 0x0000000093100000| Untracked 
| 280|0x0000000093200000, 0x0000000093200000, 0x0000000093300000|  0%| F|  |TAMS 0x0000000093200000, 0x0000000093200000| Untracked 
| 281|0x0000000093300000, 0x0000000093300000, 0x0000000093400000|  0%| F|  |TAMS 0x0000000093300000, 0x0000000093300000| Untracked 
| 282|0x0000000093400000, 0x0000000093400000, 0x0000000093500000|  0%| F|  |TAMS 0x0000000093400000, 0x0000000093400000| Untracked 
| 283|0x0000000093500000, 0x0000000093500000, 0x0000000093600000|  0%| F|  |TAMS 0x0000000093500000, 0x0000000093500000| Untracked 
| 284|0x0000000093600000, 0x0000000093600000, 0x0000000093700000|  0%| F|  |TAMS 0x0000000093600000, 0x0000000093600000| Untracked 
| 285|0x0000000093700000, 0x0000000093700000, 0x0000000093800000|  0%| F|  |TAMS 0x0000000093700000, 0x0000000093700000| Untracked 
| 286|0x0000000093800000, 0x0000000093800000, 0x0000000093900000|  0%| F|  |TAMS 0x0000000093800000, 0x0000000093800000| Untracked 
| 287|0x0000000093900000, 0x0000000093900000, 0x0000000093a00000|  0%| F|  |TAMS 0x0000000093900000, 0x0000000093900000| Untracked 
| 288|0x0000000093a00000, 0x0000000093a00000, 0x0000000093b00000|  0%| F|  |TAMS 0x0000000093a00000, 0x0000000093a00000| Untracked 
| 289|0x0000000093b00000, 0x0000000093b00000, 0x0000000093c00000|  0%| F|  |TAMS 0x0000000093b00000, 0x0000000093b00000| Untracked 
| 290|0x0000000093c00000, 0x0000000093c00000, 0x0000000093d00000|  0%| F|  |TAMS 0x0000000093c00000, 0x0000000093c00000| Untracked 
| 291|0x0000000093d00000, 0x0000000093d00000, 0x0000000093e00000|  0%| F|  |TAMS 0x0000000093d00000, 0x0000000093d00000| Untracked 
| 292|0x0000000093e00000, 0x0000000093e00000, 0x0000000093f00000|  0%| F|  |TAMS 0x0000000093e00000, 0x0000000093e00000| Untracked 
| 293|0x0000000093f00000, 0x0000000093f00000, 0x0000000094000000|  0%| F|  |TAMS 0x0000000093f00000, 0x0000000093f00000| Untracked 
| 294|0x0000000094000000, 0x0000000094000000, 0x0000000094100000|  0%| F|  |TAMS 0x0000000094000000, 0x0000000094000000| Untracked 
| 295|0x0000000094100000, 0x0000000094100000, 0x0000000094200000|  0%| F|  |TAMS 0x0000000094100000, 0x0000000094100000| Untracked 
| 296|0x0000000094200000, 0x0000000094200000, 0x0000000094300000|  0%| F|  |TAMS 0x0000000094200000, 0x0000000094200000| Untracked 
| 297|0x0000000094300000, 0x0000000094300000, 0x0000000094400000|  0%| F|  |TAMS 0x0000000094300000, 0x0000000094300000| Untracked 
| 298|0x0000000094400000, 0x0000000094400000, 0x0000000094500000|  0%| F|  |TAMS 0x0000000094400000, 0x0000000094400000| Untracked 
| 299|0x0000000094500000, 0x0000000094500000, 0x0000000094600000|  0%| F|  |TAMS 0x0000000094500000, 0x0000000094500000| Untracked 
| 300|0x0000000094600000, 0x0000000094600000, 0x0000000094700000|  0%| F|  |TAMS 0x0000000094600000, 0x0000000094600000| Untracked 
| 301|0x0000000094700000, 0x0000000094700000, 0x0000000094800000|  0%| F|  |TAMS 0x0000000094700000, 0x0000000094700000| Untracked 
| 302|0x0000000094800000, 0x0000000094800000, 0x0000000094900000|  0%| F|  |TAMS 0x0000000094800000, 0x0000000094800000| Untracked 
| 303|0x0000000094900000, 0x0000000094900000, 0x0000000094a00000|  0%| F|  |TAMS 0x0000000094900000, 0x0000000094900000| Untracked 
| 304|0x0000000094a00000, 0x0000000094a00000, 0x0000000094b00000|  0%| F|  |TAMS 0x0000000094a00000, 0x0000000094a00000| Untracked 
| 305|0x0000000094b00000, 0x0000000094b00000, 0x0000000094c00000|  0%| F|  |TAMS 0x0000000094b00000, 0x0000000094b00000| Untracked 
| 306|0x0000000094c00000, 0x0000000094c00000, 0x0000000094d00000|  0%| F|  |TAMS 0x0000000094c00000, 0x0000000094c00000| Untracked 
| 307|0x0000000094d00000, 0x0000000094d00000, 0x0000000094e00000|  0%| F|  |TAMS 0x0000000094d00000, 0x0000000094d00000| Untracked 
| 308|0x0000000094e00000, 0x0000000094e00000, 0x0000000094f00000|  0%| F|  |TAMS 0x0000000094e00000, 0x0000000094e00000| Untracked 
| 309|0x0000000094f00000, 0x0000000094f00000, 0x0000000095000000|  0%| F|  |TAMS 0x0000000094f00000, 0x0000000094f00000| Untracked 
| 310|0x0000000095000000, 0x0000000095000000, 0x0000000095100000|  0%| F|  |TAMS 0x0000000095000000, 0x0000000095000000| Untracked 
| 311|0x0000000095100000, 0x0000000095100000, 0x0000000095200000|  0%| F|  |TAMS 0x0000000095100000, 0x0000000095100000| Untracked 
| 312|0x0000000095200000, 0x0000000095200000, 0x0000000095300000|  0%| F|  |TAMS 0x0000000095200000, 0x0000000095200000| Untracked 
| 313|0x0000000095300000, 0x0000000095300000, 0x0000000095400000|  0%| F|  |TAMS 0x0000000095300000, 0x0000000095300000| Untracked 
| 314|0x0000000095400000, 0x0000000095400000, 0x0000000095500000|  0%| F|  |TAMS 0x0000000095400000, 0x0000000095400000| Untracked 
| 315|0x0000000095500000, 0x0000000095500000, 0x0000000095600000|  0%| F|  |TAMS 0x0000000095500000, 0x0000000095500000| Untracked 
| 316|0x0000000095600000, 0x0000000095600000, 0x0000000095700000|  0%| F|  |TAMS 0x0000000095600000, 0x0000000095600000| Untracked 
| 317|0x0000000095700000, 0x0000000095700000, 0x0000000095800000|  0%| F|  |TAMS 0x0000000095700000, 0x0000000095700000| Untracked 
| 318|0x0000000095800000, 0x0000000095800000, 0x0000000095900000|  0%| F|  |TAMS 0x0000000095800000, 0x0000000095800000| Untracked 
| 319|0x0000000095900000, 0x0000000095900000, 0x0000000095a00000|  0%| F|  |TAMS 0x0000000095900000, 0x0000000095900000| Untracked 
| 320|0x0000000095a00000, 0x0000000095a00000, 0x0000000095b00000|  0%| F|  |TAMS 0x0000000095a00000, 0x0000000095a00000| Untracked 
| 321|0x0000000095b00000, 0x0000000095b00000, 0x0000000095c00000|  0%| F|  |TAMS 0x0000000095b00000, 0x0000000095b00000| Untracked 
| 322|0x0000000095c00000, 0x0000000095c00000, 0x0000000095d00000|  0%| F|  |TAMS 0x0000000095c00000, 0x0000000095c00000| Untracked 
| 323|0x0000000095d00000, 0x0000000095d00000, 0x0000000095e00000|  0%| F|  |TAMS 0x0000000095d00000, 0x0000000095d00000| Untracked 
| 324|0x0000000095e00000, 0x0000000095e00000, 0x0000000095f00000|  0%| F|  |TAMS 0x0000000095e00000, 0x0000000095e00000| Untracked 
| 325|0x0000000095f00000, 0x0000000095f00000, 0x0000000096000000|  0%| F|  |TAMS 0x0000000095f00000, 0x0000000095f00000| Untracked 
| 326|0x0000000096000000, 0x0000000096000000, 0x0000000096100000|  0%| F|  |TAMS 0x0000000096000000, 0x0000000096000000| Untracked 
| 327|0x0000000096100000, 0x0000000096100000, 0x0000000096200000|  0%| F|  |TAMS 0x0000000096100000, 0x0000000096100000| Untracked 
| 328|0x0000000096200000, 0x0000000096200000, 0x0000000096300000|  0%| F|  |TAMS 0x0000000096200000, 0x0000000096200000| Untracked 
| 329|0x0000000096300000, 0x0000000096300000, 0x0000000096400000|  0%| F|  |TAMS 0x0000000096300000, 0x0000000096300000| Untracked 
| 330|0x0000000096400000, 0x0000000096400000, 0x0000000096500000|  0%| F|  |TAMS 0x0000000096400000, 0x0000000096400000| Untracked 
| 331|0x0000000096500000, 0x0000000096500000, 0x0000000096600000|  0%| F|  |TAMS 0x0000000096500000, 0x0000000096500000| Untracked 
| 332|0x0000000096600000, 0x0000000096600000, 0x0000000096700000|  0%| F|  |TAMS 0x0000000096600000, 0x0000000096600000| Untracked 
| 333|0x0000000096700000, 0x0000000096700000, 0x0000000096800000|  0%| F|  |TAMS 0x0000000096700000, 0x0000000096700000| Untracked 
| 334|0x0000000096800000, 0x0000000096800000, 0x0000000096900000|  0%| F|  |TAMS 0x0000000096800000, 0x0000000096800000| Untracked 
| 335|0x0000000096900000, 0x0000000096900000, 0x0000000096a00000|  0%| F|  |TAMS 0x0000000096900000, 0x0000000096900000| Untracked 
| 336|0x0000000096a00000, 0x0000000096a00000, 0x0000000096b00000|  0%| F|  |TAMS 0x0000000096a00000, 0x0000000096a00000| Untracked 
| 337|0x0000000096b00000, 0x0000000096b00000, 0x0000000096c00000|  0%| F|  |TAMS 0x0000000096b00000, 0x0000000096b00000| Untracked 
| 338|0x0000000096c00000, 0x0000000096c00000, 0x0000000096d00000|  0%| F|  |TAMS 0x0000000096c00000, 0x0000000096c00000| Untracked 
| 339|0x0000000096d00000, 0x0000000096d00000, 0x0000000096e00000|  0%| F|  |TAMS 0x0000000096d00000, 0x0000000096d00000| Untracked 
| 340|0x0000000096e00000, 0x0000000096e00000, 0x0000000096f00000|  0%| F|  |TAMS 0x0000000096e00000, 0x0000000096e00000| Untracked 
| 341|0x0000000096f00000, 0x0000000096f00000, 0x0000000097000000|  0%| F|  |TAMS 0x0000000096f00000, 0x0000000096f00000| Untracked 
| 342|0x0000000097000000, 0x0000000097000000, 0x0000000097100000|  0%| F|  |TAMS 0x0000000097000000, 0x0000000097000000| Untracked 
| 343|0x0000000097100000, 0x0000000097100000, 0x0000000097200000|  0%| F|  |TAMS 0x0000000097100000, 0x0000000097100000| Untracked 
| 344|0x0000000097200000, 0x0000000097200000, 0x0000000097300000|  0%| F|  |TAMS 0x0000000097200000, 0x0000000097200000| Untracked 
| 345|0x0000000097300000, 0x0000000097300000, 0x0000000097400000|  0%| F|  |TAMS 0x0000000097300000, 0x0000000097300000| Untracked 
| 346|0x0000000097400000, 0x0000000097400000, 0x0000000097500000|  0%| F|  |TAMS 0x0000000097400000, 0x0000000097400000| Untracked 
| 347|0x0000000097500000, 0x0000000097500000, 0x0000000097600000|  0%| F|  |TAMS 0x0000000097500000, 0x0000000097500000| Untracked 
| 348|0x0000000097600000, 0x0000000097600000, 0x0000000097700000|  0%| F|  |TAMS 0x0000000097600000, 0x0000000097600000| Untracked 
| 349|0x0000000097700000, 0x0000000097700000, 0x0000000097800000|  0%| F|  |TAMS 0x0000000097700000, 0x0000000097700000| Untracked 
| 350|0x0000000097800000, 0x0000000097800000, 0x0000000097900000|  0%| F|  |TAMS 0x0000000097800000, 0x0000000097800000| Untracked 
| 351|0x0000000097900000, 0x0000000097900000, 0x0000000097a00000|  0%| F|  |TAMS 0x0000000097900000, 0x0000000097900000| Untracked 

Card table byte_map: [0x000001de71980000,0x000001de71d80000] _byte_map_base: 0x000001de71573000

Marking Bits (Prev, Next): (CMBitMap*) 0x000001de6b852450, (CMBitMap*) 0x000001de6b852410
 Prev Bits: [0x000001de74120000, 0x000001de760b8000)
 Next Bits: [0x000001de72180000, 0x000001de74118000)

Polling page: 0x000001de69720000

Metaspace:

Usage:
  Non-class:     34.41 MB used.
      Class:      5.07 MB used.
       Both:     39.48 MB used.

Virtual space:
  Non-class space:       40.00 MB reserved,      34.62 MB ( 87%) committed,  5 nodes.
      Class space:        1.00 GB reserved,       5.25 MB ( <1%) committed,  1 nodes.
             Both:        1.04 GB reserved,      39.88 MB (  4%) committed. 

Chunk freelists:
   Non-Class:  800.00 KB
       Class:  2.64 MB
        Both:  3.42 MB

MaxMetaspaceSize: unlimited
CompressedClassSpaceSize: 1.00 GB
Initial GC threshold: 21.00 MB
Current GC threshold: 66.19 MB
CDS: off
MetaspaceReclaimPolicy: balanced
 - commit_granule_bytes: 65536.
 - commit_granule_words: 8192.
 - virtual_space_node_default_size: 1048576.
 - enlarge_chunks_in_place: 1.
 - new_chunks_are_fully_committed: 0.
 - uncommit_free_chunks: 1.
 - use_allocation_guard: 0.
 - handle_deallocations: 1.


Internal statistics:

num_allocs_failed_limit: 6.
num_arena_births: 500.
num_arena_deaths: 0.
num_vsnodes_births: 6.
num_vsnodes_deaths: 0.
num_space_committed: 638.
num_space_uncommitted: 0.
num_chunks_returned_to_freelist: 6.
num_chunks_taken_from_freelist: 1734.
num_chunk_merges: 6.
num_chunk_splits: 1190.
num_chunks_enlarged: 889.
num_purges: 0.
num_inconsistent_stats: 0.

CodeCache: size=49152Kb used=9891Kb max_used=9891Kb free=39260Kb
 bounds [0x000001de6e470000, 0x000001de6ee20000, 0x000001de71470000]
 total_blobs=4819 nmethods=4261 adapters=482
 compilation: enabled
              stopped_count=0, restarted_count=0
 full_count=0

Compilation events (20 events):
Event: 2.897 Thread 0x000001de796535a0 4252       1       io.github.classgraph.ModuleRef::getReference (5 bytes)
Event: 2.897 Thread 0x000001de796535a0 nmethod 4252 0x000001de6ee16090 code [0x000001de6ee16220, 0x000001de6ee162f8]
Event: 2.898 Thread 0x000001de79651c50 4253       1       java.lang.Class::getDeclaredConstructor (31 bytes)
Event: 2.899 Thread 0x000001de79651c50 nmethod 4253 0x000001de6ee16390 code [0x000001de6ee16580, 0x000001de6ee16898]
Event: 2.899 Thread 0x000001de796535a0 4254       1       com.google.gson.internal.bind.ObjectTypeAdapter$1::create (25 bytes)
Event: 2.899 Thread 0x000001de796535a0 nmethod 4254 0x000001de6ee16b10 code [0x000001de6ee16cc0, 0x000001de6ee16ef8]
Event: 2.900 Thread 0x000001de79652670 4255       1       java.util.TreeMap$Entry::<init> (25 bytes)
Event: 2.900 Thread 0x000001de79652670 nmethod 4255 0x000001de6ee16f90 code [0x000001de6ee17120, 0x000001de6ee172f8]
Event: 2.911 Thread 0x000001de796535a0 4257   !   1       jdk.internal.module.SystemModuleFinders$SystemModuleReader::checkPermissionToConnect (38 bytes)
Event: 2.911 Thread 0x000001de79652670 4256   !   1       jdk.internal.module.ModuleReferenceImpl::open (19 bytes)
Event: 2.911 Thread 0x000001de79652670 nmethod 4256 0x000001de6ee17390 code [0x000001de6ee17540, 0x000001de6ee176d8]
Event: 2.911 Thread 0x000001de796535a0 nmethod 4257 0x000001de6ee17810 code [0x000001de6ee179e0, 0x000001de6ee17be8]
Event: 2.911 Thread 0x000001de79651c50 4258       1       jdk.internal.module.SystemModuleFinders$2::get (16 bytes)
Event: 2.912 Thread 0x000001de79651c50 nmethod 4258 0x000001de6ee17e10 code [0x000001de6ee17fa0, 0x000001de6ee18128]
Event: 2.919 Thread 0x000001de796535a0 4259       1       jdk.internal.module.SystemModuleFinders$SystemModuleReader::<init> (14 bytes)
Event: 2.919 Thread 0x000001de796535a0 nmethod 4259 0x000001de6ee18210 code [0x000001de6ee183a0, 0x000001de6ee184e8]
Event: 2.923 Thread 0x000001de79651c50 4260       1       jdk.internal.module.SystemModuleFinders$2::get (5 bytes)
Event: 2.926 Thread 0x000001de79652670 4261       1       ch.qos.logback.classic.Logger::<init> (25 bytes)
Event: 2.936 Thread 0x000001de79651c50 nmethod 4260 0x000001de6ee18590 code [0x000001de6ee18720, 0x000001de6ee188a8]
Event: 2.936 Thread 0x000001de79652670 nmethod 4261 0x000001de6ee18990 code [0x000001de6ee18b20, 0x000001de6ee18cf8]

GC Heap History (20 events):
Event: 2.314 GC heap after
{Heap after GC invocations=12 (full 0):
 garbage-first heap   total 69632K, used 30457K [0x0000000081a00000, 0x0000000100000000)
  region size 1024K, 3 young (3072K), 3 survivors (3072K)
 Metaspace       used 37427K, committed 37824K, reserved 1089536K
  class space    used 4877K, committed 5056K, reserved 1048576K
}
Event: 2.343 GC heap before
{Heap before GC invocations=12 (full 0):
 garbage-first heap   total 69632K, used 50937K [0x0000000081a00000, 0x0000000100000000)
  region size 1024K, 23 young (23552K), 3 survivors (3072K)
 Metaspace       used 37876K, committed 38208K, reserved 1089536K
  class space    used 4921K, committed 5056K, reserved 1048576K
}
Event: 2.347 GC heap after
{Heap after GC invocations=13 (full 0):
 garbage-first heap   total 166912K, used 33910K [0x0000000081a00000, 0x0000000100000000)
  region size 1024K, 3 young (3072K), 3 survivors (3072K)
 Metaspace       used 37876K, committed 38208K, reserved 1089536K
  class space    used 4921K, committed 5056K, reserved 1048576K
}
Event: 2.505 GC heap before
{Heap before GC invocations=13 (full 0):
 garbage-first heap   total 166912K, used 116854K [0x0000000081a00000, 0x0000000100000000)
  region size 1024K, 84 young (86016K), 3 survivors (3072K)
 Metaspace       used 39470K, committed 39872K, reserved 1089536K
  class space    used 5039K, committed 5248K, reserved 1048576K
}
Event: 2.520 GC heap after
{Heap after GC invocations=14 (full 0):
 garbage-first heap   total 166912K, used 53227K [0x0000000081a00000, 0x0000000100000000)
  region size 1024K, 11 young (11264K), 11 survivors (11264K)
 Metaspace       used 39470K, committed 39872K, reserved 1089536K
  class space    used 5039K, committed 5248K, reserved 1048576K
}
Event: 2.591 GC heap before
{Heap before GC invocations=14 (full 0):
 garbage-first heap   total 166912K, used 110571K [0x0000000081a00000, 0x0000000100000000)
  region size 1024K, 66 young (67584K), 11 survivors (11264K)
 Metaspace       used 40042K, committed 40448K, reserved 1089536K
  class space    used 5132K, committed 5312K, reserved 1048576K
}
Event: 2.617 GC heap after
{Heap after GC invocations=15 (full 0):
 garbage-first heap   total 166912K, used 73673K [0x0000000081a00000, 0x0000000100000000)
  region size 1024K, 9 young (9216K), 9 survivors (9216K)
 Metaspace       used 40042K, committed 40448K, reserved 1089536K
  class space    used 5132K, committed 5312K, reserved 1048576K
}
Event: 2.641 GC heap before
{Heap before GC invocations=15 (full 0):
 garbage-first heap   total 166912K, used 117705K [0x0000000081a00000, 0x0000000100000000)
  region size 1024K, 53 young (54272K), 9 survivors (9216K)
 Metaspace       used 40056K, committed 40448K, reserved 1089536K
  class space    used 5133K, committed 5312K, reserved 1048576K
}
Event: 2.646 GC heap after
{Heap after GC invocations=16 (full 0):
 garbage-first heap   total 166912K, used 78191K [0x0000000081a00000, 0x0000000100000000)
  region size 1024K, 3 young (3072K), 3 survivors (3072K)
 Metaspace       used 40056K, committed 40448K, reserved 1089536K
  class space    used 5133K, committed 5312K, reserved 1048576K
}
Event: 2.662 GC heap before
{Heap before GC invocations=16 (full 0):
 garbage-first heap   total 166912K, used 123247K [0x0000000081a00000, 0x0000000100000000)
  region size 1024K, 48 young (49152K), 3 survivors (3072K)
 Metaspace       used 40074K, committed 40512K, reserved 1089536K
  class space    used 5138K, committed 5312K, reserved 1048576K
}
Event: 2.666 GC heap after
{Heap after GC invocations=17 (full 0):
 garbage-first heap   total 360448K, used 79656K [0x0000000081a00000, 0x0000000100000000)
  region size 1024K, 4 young (4096K), 4 survivors (4096K)
 Metaspace       used 40074K, committed 40512K, reserved 1089536K
  class space    used 5138K, committed 5312K, reserved 1048576K
}
Event: 2.790 GC heap before
{Heap before GC invocations=18 (full 0):
 garbage-first heap   total 360448K, used 248616K [0x0000000081a00000, 0x0000000100000000)
  region size 1024K, 171 young (175104K), 4 survivors (4096K)
 Metaspace       used 40299K, committed 40768K, reserved 1089536K
  class space    used 5166K, committed 5376K, reserved 1048576K
}
Event: 2.796 GC heap after
{Heap after GC invocations=19 (full 0):
 garbage-first heap   total 360448K, used 84876K [0x0000000081a00000, 0x0000000100000000)
  region size 1024K, 11 young (11264K), 11 survivors (11264K)
 Metaspace       used 40299K, committed 40768K, reserved 1089536K
  class space    used 5166K, committed 5376K, reserved 1048576K
}
Event: 2.798 GC heap before
{Heap before GC invocations=19 (full 0):
 garbage-first heap   total 360448K, used 91020K [0x0000000081a00000, 0x0000000100000000)
  region size 1024K, 17 young (17408K), 11 survivors (11264K)
 Metaspace       used 40307K, committed 40768K, reserved 1089536K
  class space    used 5168K, committed 5376K, reserved 1048576K
}
Event: 2.802 GC heap after
{Heap after GC invocations=20 (full 0):
 garbage-first heap   total 360448K, used 85185K [0x0000000081a00000, 0x0000000100000000)
  region size 1024K, 2 young (2048K), 2 survivors (2048K)
 Metaspace       used 40307K, committed 40768K, reserved 1089536K
  class space    used 5168K, committed 5376K, reserved 1048576K
}
Event: 2.845 GC heap before
{Heap before GC invocations=20 (full 0):
 garbage-first heap   total 360448K, used 271553K [0x0000000081a00000, 0x0000000100000000)
  region size 1024K, 185 young (189440K), 2 survivors (2048K)
 Metaspace       used 40362K, committed 40768K, reserved 1089536K
  class space    used 5180K, committed 5376K, reserved 1048576K
}
Event: 2.849 GC heap after
{Heap after GC invocations=21 (full 0):
 garbage-first heap   total 360448K, used 91942K [0x0000000081a00000, 0x0000000100000000)
  region size 1024K, 8 young (8192K), 8 survivors (8192K)
 Metaspace       used 40362K, committed 40768K, reserved 1089536K
  class space    used 5180K, committed 5376K, reserved 1048576K
}
Event: 2.889 GC heap before
{Heap before GC invocations=21 (full 0):
 garbage-first heap   total 360448K, used 279334K [0x0000000081a00000, 0x0000000100000000)
  region size 1024K, 192 young (196608K), 8 survivors (8192K)
 Metaspace       used 40372K, committed 40768K, reserved 1089536K
  class space    used 5181K, committed 5376K, reserved 1048576K
}
Event: 2.895 GC heap after
{Heap after GC invocations=22 (full 0):
 garbage-first heap   total 360448K, used 100134K [0x0000000081a00000, 0x0000000100000000)
  region size 1024K, 16 young (16384K), 16 survivors (16384K)
 Metaspace       used 40372K, committed 40768K, reserved 1089536K
  class space    used 5181K, committed 5376K, reserved 1048576K
}
Event: 2.937 GC heap before
{Heap before GC invocations=22 (full 0):
 garbage-first heap   total 360448K, used 285478K [0x0000000081a00000, 0x0000000100000000)
  region size 1024K, 198 young (202752K), 16 survivors (16384K)
 Metaspace       used 40425K, committed 40832K, reserved 1089536K
  class space    used 5192K, committed 5376K, reserved 1048576K
}

Dll operation events (8 events):
Event: 0.007 Loaded shared library c:\Users\Lester\.vscode\extensions\redhat.java-1.14.0-win32-x64\jre\17.0.5-win32-x86_64\bin\java.dll
Event: 0.196 Loaded shared library C:\Users\Lester\.vscode\extensions\redhat.java-1.14.0-win32-x64\jre\17.0.5-win32-x86_64\bin\net.dll
Event: 0.197 Loaded shared library C:\Users\Lester\.vscode\extensions\redhat.java-1.14.0-win32-x64\jre\17.0.5-win32-x86_64\bin\nio.dll
Event: 0.205 Loaded shared library C:\Users\Lester\.vscode\extensions\redhat.java-1.14.0-win32-x64\jre\17.0.5-win32-x86_64\bin\zip.dll
Event: 0.305 Loaded shared library C:\Users\Lester\.vscode\extensions\redhat.java-1.14.0-win32-x64\jre\17.0.5-win32-x86_64\bin\jimage.dll
Event: 0.370 Loaded shared library c:\Users\Lester\.vscode\extensions\redhat.java-1.14.0-win32-x64\jre\17.0.5-win32-x86_64\bin\verify.dll
Event: 1.881 Loaded shared library C:\Users\Lester\.vscode\extensions\redhat.java-1.14.0-win32-x64\jre\17.0.5-win32-x86_64\bin\management.dll
Event: 1.882 Loaded shared library C:\Users\Lester\.vscode\extensions\redhat.java-1.14.0-win32-x64\jre\17.0.5-win32-x86_64\bin\management_ext.dll

Deoptimization events (10 events):
Event: 1.035 Thread 0x000001de6b7f6700 DEOPT PACKING pc=0x000001de6e9f7419 sp=0x0000008fd11fd380
Event: 1.035 Thread 0x000001de6b7f6700 DEOPT UNPACKING pc=0x000001de6e4c2b43 sp=0x0000008fd11fc860 mode 3
Event: 2.027 Thread 0x000001de7ae04560 DEOPT PACKING pc=0x000001de6ec15eb5 sp=0x0000008fd32fd6d0
Event: 2.027 Thread 0x000001de7ae04560 DEOPT UNPACKING pc=0x000001de6e4c2b43 sp=0x0000008fd32fcbe8 mode 3
Event: 2.054 Thread 0x000001de7adc9840 DEOPT PACKING pc=0x000001de6e9f6581 sp=0x0000008fd31fdfb0
Event: 2.054 Thread 0x000001de7adc9840 DEOPT UNPACKING pc=0x000001de6e4c2b43 sp=0x0000008fd31fd440 mode 3
Event: 2.055 Thread 0x000001de7adb2490 DEOPT PACKING pc=0x000001de6e9f3297 sp=0x0000008fd33ff150
Event: 2.055 Thread 0x000001de7adb2490 DEOPT UNPACKING pc=0x000001de6e4c2b43 sp=0x0000008fd33fe5a8 mode 3
Event: 2.159 Thread 0x000001de7aedc560 DEOPT PACKING pc=0x000001de6ec4072b sp=0x0000008fd38fe680
Event: 2.159 Thread 0x000001de7aedc560 DEOPT UNPACKING pc=0x000001de6e4c2b43 sp=0x0000008fd38fdbc8 mode 3

Classes unloaded (0 events):
No events

Classes redefined (0 events):
No events

Internal exceptions (20 events):
Event: 2.188 Thread 0x000001de7aed9540 Exception <a 'sun/nio/fs/WindowsException'{0x00000000858ad478}> (0x00000000858ad478) 
thrown [s\src\hotspot\share\prims\jni.cpp, line 516]
Event: 2.188 Thread 0x000001de7aed9540 Exception <a 'sun/nio/fs/WindowsException'{0x00000000858adea0}> (0x00000000858adea0) 
thrown [s\src\hotspot\share\prims\jni.cpp, line 516]
Event: 2.188 Thread 0x000001de7aed9540 Exception <a 'sun/nio/fs/WindowsException'{0x00000000858ae280}> (0x00000000858ae280) 
thrown [s\src\hotspot\share\prims\jni.cpp, line 516]
Event: 2.188 Thread 0x000001de7aed9540 Exception <a 'sun/nio/fs/WindowsException'{0x00000000858aec80}> (0x00000000858aec80) 
thrown [s\src\hotspot\share\prims\jni.cpp, line 516]
Event: 2.188 Thread 0x000001de7aed9540 Exception <a 'sun/nio/fs/WindowsException'{0x00000000858af030}> (0x00000000858af030) 
thrown [s\src\hotspot\share\prims\jni.cpp, line 516]
Event: 2.188 Thread 0x000001de7aed9540 Exception <a 'sun/nio/fs/WindowsException'{0x00000000858afa38}> (0x00000000858afa38) 
thrown [s\src\hotspot\share\prims\jni.cpp, line 516]
Event: 2.188 Thread 0x000001de7aed9540 Exception <a 'sun/nio/fs/WindowsException'{0x00000000858afdf8}> (0x00000000858afdf8) 
thrown [s\src\hotspot\share\prims\jni.cpp, line 516]
Event: 2.188 Thread 0x000001de7aed9540 Exception <a 'sun/nio/fs/WindowsException'{0x00000000858b07f8}> (0x00000000858b07f8) 
thrown [s\src\hotspot\share\prims\jni.cpp, line 516]
Event: 2.188 Thread 0x000001de7aed9540 Exception <a 'sun/nio/fs/WindowsException'{0x00000000858b0ba8}> (0x00000000858b0ba8) 
thrown [s\src\hotspot\share\prims\jni.cpp, line 516]
Event: 2.188 Thread 0x000001de7aed9540 Exception <a 'sun/nio/fs/WindowsException'{0x00000000858b15b0}> (0x00000000858b15b0) 
thrown [s\src\hotspot\share\prims\jni.cpp, line 516]
Event: 2.189 Thread 0x000001de7aed9540 Exception <a 'sun/nio/fs/WindowsException'{0x00000000858b1970}> (0x00000000858b1970) 
thrown [s\src\hotspot\share\prims\jni.cpp, line 516]
Event: 2.189 Thread 0x000001de7aed9540 Exception <a 'sun/nio/fs/WindowsException'{0x00000000858b2398}> (0x00000000858b2398) 
thrown [s\src\hotspot\share\prims\jni.cpp, line 516]
Event: 2.189 Thread 0x000001de7aed9540 Exception <a 'sun/nio/fs/WindowsException'{0x00000000858b2778}> (0x00000000858b2778) 
thrown [s\src\hotspot\share\prims\jni.cpp, line 516]
Event: 2.189 Thread 0x000001de7aed9540 Exception <a 'sun/nio/fs/WindowsException'{0x00000000858b31b0}> (0x00000000858b31b0) 
thrown [s\src\hotspot\share\prims\jni.cpp, line 516]
Event: 2.189 Thread 0x000001de7aed9540 Exception <a 'sun/nio/fs/WindowsException'{0x00000000858b35a0}> (0x00000000858b35a0) 
thrown [s\src\hotspot\share\prims\jni.cpp, line 516]
Event: 2.189 Thread 0x000001de7aed9540 Exception <a 'sun/nio/fs/WindowsException'{0x00000000858b3fd0}> (0x00000000858b3fd0) 
thrown [s\src\hotspot\share\prims\jni.cpp, line 516]
Event: 2.189 Thread 0x000001de7aed9540 Exception <a 'sun/nio/fs/WindowsException'{0x00000000858b43c0}> (0x00000000858b43c0) 
thrown [s\src\hotspot\share\prims\jni.cpp, line 516]
Event: 2.477 Thread 0x000001de7ae04560 Exception <a 'java/lang/NoSuchMethodError'{0x000000008743d3a0}: 'java.lang.Object java.lang.invoke.Invokers$Holder.invoke_MT(java.lang.Object, java.lang.Object, java.lang.Object)'> (0x000000008743d3a0) 
thrown [s\src\hotspot\share\interpreter\linkResolver.cpp, line 759]
Event: 2.562 Thread 0x000001de7ae04560 Exception <a 'java/lang/NoSuchMethodError'{0x000000008a5275d0}: 'java.lang.Object java.lang.invoke.DirectMethodHandle$Holder.newInvokeSpecial(java.lang.Object, java.lang.Object, int)'> (0x000000008a5275d0) 
thrown [s\src\hotspot\share\interpreter\linkResolver.cpp, line 759]
Event: 2.754 Thread 0x000001de7afcc1a0 Exception <a 'java/lang/NoSuchMethodError'{0x0000000094594000}: 'void java.lang.invoke.DirectMethodHandle$Holder.invokeVirtual(java.lang.Object, java.lang.Object, java.lang.Object, java.lang.Object)'> (0x0000000094594000) 
thrown [s\src\hotspot\share\interpreter\linkResolver.cpp, line 759]

VM Operations (20 events):
Event: 2.787 Executing VM operation: G1Concurrent done
Event: 2.790 Executing VM operation: G1CollectForAllocation
Event: 2.790 Executing VM operation: G1CollectForAllocation done
Event: 2.790 Executing VM operation: G1CollectForAllocation
Event: 2.796 Executing VM operation: G1CollectForAllocation done
Event: 2.798 Executing VM operation: G1CollectForAllocation
Event: 2.798 Executing VM operation: G1CollectForAllocation done
Event: 2.798 Executing VM operation: G1CollectForAllocation
Event: 2.802 Executing VM operation: G1CollectForAllocation done
Event: 2.844 Executing VM operation: G1CollectForAllocation
Event: 2.845 Executing VM operation: G1CollectForAllocation done
Event: 2.845 Executing VM operation: G1CollectForAllocation
Event: 2.849 Executing VM operation: G1CollectForAllocation done
Event: 2.887 Executing VM operation: G1CollectForAllocation
Event: 2.889 Executing VM operation: G1CollectForAllocation done
Event: 2.889 Executing VM operation: G1CollectForAllocation
Event: 2.895 Executing VM operation: G1CollectForAllocation done
Event: 2.936 Executing VM operation: G1CollectForAllocation
Event: 2.936 Executing VM operation: G1CollectForAllocation done
Event: 2.936 Executing VM operation: G1CollectForAllocation

Events (20 events):
Event: 2.563 loading class java/util/concurrent/CompletableFuture$BiRelay
Event: 2.563 loading class java/util/concurrent/CompletableFuture$BiCompletion
Event: 2.563 loading class java/util/concurrent/CompletableFuture$BiCompletion done
Event: 2.563 loading class java/util/concurrent/CompletableFuture$BiRelay done
Event: 2.563 loading class java/util/concurrent/CompletableFuture$CoCompletion
Event: 2.563 loading class java/util/concurrent/CompletableFuture$CoCompletion done
Event: 2.564 Thread 0x000001de7afcc1a0 Thread added: 0x000001de7afcc1a0
Event: 2.572 Thread 0x000001de7afc8310 Thread added: 0x000001de7afc8310
Event: 2.580 loading class java/time/format/DateTimeFormatterBuilder$ZoneTextPrinterParser
Event: 2.580 loading class java/time/format/DateTimeFormatterBuilder$ZoneTextPrinterParser done
Event: 2.580 loading class java/time/format/DateTimeFormatterBuilder$ReducedPrinterParser
Event: 2.580 loading class java/time/format/DateTimeFormatterBuilder$ReducedPrinterParser done
Event: 2.774 loading class sun/security/provider/MD5
Event: 2.774 loading class sun/security/provider/MD5 done
Event: 2.774 loading class sun/security/provider/ByteArrayAccess$LE
Event: 2.775 loading class sun/security/provider/ByteArrayAccess$LE done
Event: 2.901 loading class jdk/internal/reflect/UnsafeQualifiedObjectFieldAccessorImpl
Event: 2.901 loading class jdk/internal/reflect/UnsafeQualifiedObjectFieldAccessorImpl done
Event: 2.901 loading class jdk/internal/reflect/UnsafeQualifiedLongFieldAccessorImpl
Event: 2.901 loading class jdk/internal/reflect/UnsafeQualifiedLongFieldAccessorImpl done


Dynamic libraries:
0x00007ff7fe150000 - 0x00007ff7fe15e000 	c:\Users\Lester\.vscode\extensions\redhat.java-1.14.0-win32-x64\jre\17.0.5-win32-x86_64\bin\java.exe
0x00007ff9b0f30000 - 0x00007ff9b1144000 	C:\WINDOWS\SYSTEM32\ntdll.dll
0x00007ff9afac0000 - 0x00007ff9afb82000 	C:\WINDOWS\System32\KERNEL32.DLL
0x00007ff9ae7a0000 - 0x00007ff9aeb3d000 	C:\WINDOWS\System32\KERNELBASE.dll
0x00007ff9ae360000 - 0x00007ff9ae471000 	C:\WINDOWS\System32\ucrtbase.dll
0x00007ff988140000 - 0x00007ff988159000 	c:\Users\Lester\.vscode\extensions\redhat.java-1.14.0-win32-x64\jre\17.0.5-win32-x86_64\bin\VCRUNTIME140.dll
0x00007ff988160000 - 0x00007ff988177000 	c:\Users\Lester\.vscode\extensions\redhat.java-1.14.0-win32-x64\jre\17.0.5-win32-x86_64\bin\jli.dll
0x00007ff9b0890000 - 0x00007ff9b0a3a000 	C:\WINDOWS\System32\USER32.dll
0x00007ff9ae4f0000 - 0x00007ff9ae516000 	C:\WINDOWS\System32\win32u.dll
0x00007ff989ea0000 - 0x00007ff98a12e000 	C:\WINDOWS\WinSxS\amd64_microsoft.windows.common-controls_6595b64144ccf1df_6.0.22621.608_none_a9444ca7c10bb01d\COMCTL32.dll
0x00007ff9b0a40000 - 0x00007ff9b0a69000 	C:\WINDOWS\System32\GDI32.dll
0x00007ff9ae5c0000 - 0x00007ff9ae6d2000 	C:\WINDOWS\System32\gdi32full.dll
0x00007ff9b0070000 - 0x00007ff9b0117000 	C:\WINDOWS\System32\msvcrt.dll
0x00007ff9ae520000 - 0x00007ff9ae5ba000 	C:\WINDOWS\System32\msvcp_win.dll
0x00007ff9b0350000 - 0x00007ff9b0382000 	C:\WINDOWS\System32\IMM32.DLL
0x00007ff988620000 - 0x00007ff98862c000 	c:\Users\Lester\.vscode\extensions\redhat.java-1.14.0-win32-x64\jre\17.0.5-win32-x86_64\bin\vcruntime140_1.dll
0x00007ff913eb0000 - 0x00007ff913f41000 	c:\Users\Lester\.vscode\extensions\redhat.java-1.14.0-win32-x64\jre\17.0.5-win32-x86_64\bin\msvcp140.dll
0x00007ff913260000 - 0x00007ff913ea4000 	c:\Users\Lester\.vscode\extensions\redhat.java-1.14.0-win32-x64\jre\17.0.5-win32-x86_64\bin\server\jvm.dll
0x00007ff9aed30000 - 0x00007ff9aedde000 	C:\WINDOWS\System32\ADVAPI32.dll
0x00007ff9afe00000 - 0x00007ff9afea4000 	C:\WINDOWS\System32\sechost.dll
0x00007ff9b0220000 - 0x00007ff9b0335000 	C:\WINDOWS\System32\RPCRT4.dll
0x00007ff9a7990000 - 0x00007ff9a79c4000 	C:\WINDOWS\SYSTEM32\WINMM.dll
0x00007ff991490000 - 0x00007ff991499000 	C:\WINDOWS\SYSTEM32\WSOCK32.dll
0x00007ff9afbe0000 - 0x00007ff9afc51000 	C:\WINDOWS\System32\WS2_32.dll
0x00007ff9a7560000 - 0x00007ff9a756a000 	C:\WINDOWS\SYSTEM32\VERSION.dll
0x00007ff9ad390000 - 0x00007ff9ad3a8000 	C:\WINDOWS\SYSTEM32\kernel.appcore.dll
0x00007ff988110000 - 0x00007ff98811a000 	c:\Users\Lester\.vscode\extensions\redhat.java-1.14.0-win32-x64\jre\17.0.5-win32-x86_64\bin\jimage.dll
0x00007ff9abae0000 - 0x00007ff9abd0e000 	C:\WINDOWS\SYSTEM32\DBGHELP.DLL
0x00007ff9b0390000 - 0x00007ff9b071a000 	C:\WINDOWS\System32\combase.dll
0x00007ff9b07b0000 - 0x00007ff9b0887000 	C:\WINDOWS\System32\OLEAUT32.dll
0x00007ff98a130000 - 0x00007ff98a162000 	C:\WINDOWS\SYSTEM32\dbgcore.DLL
0x00007ff9aeb40000 - 0x00007ff9aebbb000 	C:\WINDOWS\System32\bcryptPrimitives.dll
0x00007ff987360000 - 0x00007ff987385000 	c:\Users\Lester\.vscode\extensions\redhat.java-1.14.0-win32-x64\jre\17.0.5-win32-x86_64\bin\java.dll
0x00007ff9880e0000 - 0x00007ff9880f8000 	c:\Users\Lester\.vscode\extensions\redhat.java-1.14.0-win32-x64\jre\17.0.5-win32-x86_64\bin\zip.dll
0x00007ff9aee50000 - 0x00007ff9af630000 	C:\WINDOWS\System32\SHELL32.dll
0x00007ff9ac350000 - 0x00007ff9acc15000 	C:\WINDOWS\SYSTEM32\windows.storage.dll
0x00007ff9ac210000 - 0x00007ff9ac34e000 	C:\WINDOWS\SYSTEM32\wintypes.dll
0x00007ff9b0120000 - 0x00007ff9b0211000 	C:\WINDOWS\System32\SHCORE.dll
0x00007ff9af910000 - 0x00007ff9af96e000 	C:\WINDOWS\System32\shlwapi.dll
0x00007ff9ae290000 - 0x00007ff9ae2b1000 	C:\WINDOWS\SYSTEM32\profapi.dll
0x00007ff9873e0000 - 0x00007ff9873f9000 	C:\Users\Lester\.vscode\extensions\redhat.java-1.14.0-win32-x64\jre\17.0.5-win32-x86_64\bin\net.dll
0x00007ff9a7810000 - 0x00007ff9a793f000 	C:\WINDOWS\SYSTEM32\WINHTTP.dll
0x00007ff9ad7e0000 - 0x00007ff9ad849000 	C:\WINDOWS\system32\mswsock.dll
0x00007ff9873c0000 - 0x00007ff9873d5000 	C:\Users\Lester\.vscode\extensions\redhat.java-1.14.0-win32-x64\jre\17.0.5-win32-x86_64\bin\nio.dll
0x00007ff9873b0000 - 0x00007ff9873c0000 	c:\Users\Lester\.vscode\extensions\redhat.java-1.14.0-win32-x64\jre\17.0.5-win32-x86_64\bin\verify.dll
0x00007ff9adb90000 - 0x00007ff9adbab000 	C:\WINDOWS\SYSTEM32\CRYPTSP.dll
0x00007ff9ad300000 - 0x00007ff9ad335000 	C:\WINDOWS\system32\rsaenh.dll
0x00007ff9ad880000 - 0x00007ff9ad8a8000 	C:\WINDOWS\SYSTEM32\USERENV.dll
0x00007ff9add00000 - 0x00007ff9add28000 	C:\WINDOWS\SYSTEM32\bcrypt.dll
0x00007ff9adb40000 - 0x00007ff9adb4c000 	C:\WINDOWS\SYSTEM32\CRYPTBASE.dll
0x00007ff9ace70000 - 0x00007ff9ace9d000 	C:\WINDOWS\SYSTEM32\IPHLPAPI.DLL
0x00007ff9af9c0000 - 0x00007ff9af9c9000 	C:\WINDOWS\System32\NSI.dll
0x00007ff9a74a0000 - 0x00007ff9a74b9000 	C:\WINDOWS\SYSTEM32\dhcpcsvc6.DLL
0x00007ff9a7480000 - 0x00007ff9a749f000 	C:\WINDOWS\SYSTEM32\dhcpcsvc.DLL
0x00007ff9acee0000 - 0x00007ff9acfd2000 	C:\WINDOWS\SYSTEM32\DNSAPI.dll
0x00007ff9aa740000 - 0x00007ff9aa749000 	C:\Users\Lester\.vscode\extensions\redhat.java-1.14.0-win32-x64\jre\17.0.5-win32-x86_64\bin\management.dll
0x00007ff9aa730000 - 0x00007ff9aa73b000 	C:\Users\Lester\.vscode\extensions\redhat.java-1.14.0-win32-x64\jre\17.0.5-win32-x86_64\bin\management_ext.dll
0x00007ff9b0720000 - 0x00007ff9b0728000 	C:\WINDOWS\System32\PSAPI.DLL

dbghelp: loaded successfully - version: 4.0.5 - missing functions: none
symbol engine: initialized successfully - sym options: 0x614 - pdb path: .;c:\Users\Lester\.vscode\extensions\redhat.java-1.14.0-win32-x64\jre\17.0.5-win32-x86_64\bin;C:\WINDOWS\SYSTEM32;C:\WINDOWS\WinSxS\amd64_microsoft.windows.common-controls_6595b64144ccf1df_6.0.22621.608_none_a9444ca7c10bb01d;c:\Users\Lester\.vscode\extensions\redhat.java-1.14.0-win32-x64\jre\17.0.5-win32-x86_64\bin\server

VM Arguments:
jvm_args: -Dsts.lsp.client=vscode -Dsts.log.file=/dev/null -XX:TieredStopAtLevel=1 -Xlog:jni+resolve=off -Dspring.config.location=file:c:\Users\Lester\.vscode\extensions\pivotal.vscode-spring-boot-1.43.0\language-server\BOOT-INF\classes\application.properties 
java_command: org.springframework.ide.vscode.boot.app.BootLanguageServerBootApp
java_class_path (initial): c:\Users\Lester\.vscode\extensions\pivotal.vscode-spring-boot-1.43.0\language-server\BOOT-INF\classes;c:\Users\Lester\.vscode\extensions\pivotal.vscode-spring-boot-1.43.0\language-server\BOOT-INF\lib\annotations-23.1.0.jar;c:\Users\Lester\.vscode\extensions\pivotal.vscode-spring-boot-1.43.0\language-server\BOOT-INF\lib\ant-1.10.12.jar;c:\Users\Lester\.vscode\extensions\pivotal.vscode-spring-boot-1.43.0\language-server\BOOT-INF\lib\ant-launcher-1.10.12.jar;c:\Users\Lester\.vscode\extensions\pivotal.vscode-spring-boot-1.43.0\language-server\BOOT-INF\lib\antlr-runtime-3.5.2.jar;c:\Users\Lester\.vscode\extensions\pivotal.vscode-spring-boot-1.43.0\language-server\BOOT-INF\lib\antlr4-4.9.3.jar;c:\Users\Lester\.vscode\extensions\pivotal.vscode-spring-boot-1.43.0\language-server\BOOT-INF\lib\antlr4-runtime-4.9.3.jar;c:\Users\Lester\.vscode\extensions\pivotal.vscode-spring-boot-1.43.0\language-server\BOOT-INF\lib\apiguardian-api-1.1.2.jar;c:\Users\Lester\.vscode\extensions\pivotal.vscode-spring-boot-1.43.0\language-server\BOOT-INF\lib\asm-9.4.jar;c:\Users\Lester\.vscode\extensions\pivotal.vscode-spring-boot-1.43.0\language-server\BOOT-INF\lib\asm-analysis-9.4.jar;c:\Users\Lester\.vscode\extensions\pivotal.vscode-spring-boot-1.43.0\language-server\BOOT-INF\lib\asm-tree-9.4.jar;c:\Users\Lester\.vscode\extensions\pivotal.vscode-spring-boot-1.43.0\language-server\BOOT-INF\lib\asm-util-9.4.jar;c:\Users\Lester\.vscode\extensions\pivotal.vscode-spring-boot-1.43.0\language-server\BOOT-INF\lib\caffeine-3.1.2.jar;c:\Users\Lester\.vscode\extensions\pivotal.vscode-spring-boot-1.43.0\language-server\BOOT-INF\lib\checker-qual-3.12.0.jar;c:\Users\Lester\.vscode\extensions\pivotal.vscode-spring-boot-1.43.0\language-server\BOOT-INF\lib\ci-environment-9.1.0.jar;c:\Users\Lester\.vscode\extensions\pivotal.vscode-spring-boot-1.43.0\language-server\BOOT-INF\lib\classgraph-4.8.149.jar;c:\Users\Lester\.vscode\extensions\pivotal.vscode-spring-boot-1.43.0\language-server\
Launcher Type: SUN_STANDARD

[Global flags]
     intx CICompilerCount                          = 4                                         {product} {ergonomic}
     uint ConcGCThreads                            = 2                                         {product} {ergonomic}
     uint G1ConcRefinementThreads                  = 8                                         {product} {ergonomic}
   size_t G1HeapRegionSize                         = 1048576                                   {product} {ergonomic}
    uintx GCDrainStackTargetSize                   = 64                                        {product} {ergonomic}
   size_t InitialHeapSize                          = 134217728                                 {product} {ergonomic}
   size_t MarkStackSize                            = 4194304                                   {product} {ergonomic}
   size_t MaxHeapSize                              = 2120220672                                {product} {ergonomic}
   size_t MaxNewSize                               = 1271922688                                {product} {ergonomic}
   size_t MinHeapDeltaBytes                        = 1048576                                   {product} {ergonomic}
   size_t MinHeapSize                              = 8388608                                   {product} {ergonomic}
    uintx NonProfiledCodeHeapSize                  = 0                                      {pd product} {ergonomic}
     bool ProfileInterpreter                       = false                                  {pd product} {command line}
    uintx ProfiledCodeHeapSize                     = 0                                      {pd product} {ergonomic}
   size_t SoftMaxHeapSize                          = 2120220672                             {manageable} {ergonomic}
     intx TieredStopAtLevel                        = 1                                         {product} {command line}
     bool UseCompressedClassPointers               = true                           {product lp64_product} {ergonomic}
     bool UseCompressedOops                        = true                           {product lp64_product} {ergonomic}
     bool UseG1GC                                  = true                                      {product} {ergonomic}
     bool UseLargePagesIndividualAllocation        = false                                  {pd product} {ergonomic}

Logging:
Log output configuration:
 #0: stdout all=warning,jni+resolve=off uptime,level,tags
 #1: stderr all=off uptime,level,tags

Environment Variables:
PATH=C:\Program Files\Common Files\Oracle\Java\javapath;C:\Python311\Scripts\;C:\Python311\;C:\Program Files (x86)\Common Files\Oracle\Java\javapath;C:\Windows\system32;C:\Windows;C:\Windows\System32\Wbem;C:\Windows\System32\WindowsPowerShell\v1.0\;C:\Windows\System32\OpenSSH\;C:\Program Files (x86)\NVIDIA Corporation\PhysX\Common;C:\Program Files\NVIDIA Corporation\NVIDIA NvDLISR;C:\Program Files\Docker\Docker\resources\bin;C:\ProgramData\DockerDesktop\version-bin;C:\Program Files\dotnet\;C:\WINDOWS\system32;C:\WINDOWS;C:\WINDOWS\System32\Wbem;C:\WINDOWS\System32\WindowsPowerShell\v1.0\;C:\WINDOWS\System32\OpenSSH\;C:\Program Files\Calibre2\;C:\Program Files\Git\cmd;C:\Program Files\Go\bin;C:\Program Files\nodejs\;C:\ProgramData\chocolatey\bin;C:\Program Files\Microsoft SQL Server\Client SDK\ODBC\170\Tools\Binn\;C:\Program Files (x86)\Microsoft SQL Server\150\Tools\Binn\;C:\Program Files\Microsoft SQL Server\150\Tools\Binn\;C:\Program Files\Microsoft SQL Server\150\DTS\Binn\;C:\Program Files (x86)\Microsoft SQL Server\150\DTS\Binn\;C:\Program Files\Azure Data Studio\bin;C:\TDM-GCC-64\bin;C:\Program Files\MySQL\MySQL Shell 8.0\bin\;C:\Users\Lester\AppData\Local\Microsoft\WindowsApps;C:\Users\Lester\AppData\Local\GitHubDesktop\bin;C:\Users\Lester\go\bin;C:\Users\Lester\AppData\Roaming\npm;C:\Program Files\Azure Data Studio\bin;C:\Users\Lester\.dotnet\tools;C:\Users\Lester\AppData\Local\Programs\Microsoft VS Code\bin
USERNAME=Lester
OS=Windows_NT
PROCESSOR_IDENTIFIER=Intel64 Family 6 Model 158 Stepping 10, GenuineIntel
TMP=C:\Users\Lester\AppData\Local\Temp
TEMP=C:\Users\Lester\AppData\Local\Temp



---------------  S Y S T E M  ---------------

OS:
 Windows 11 , 64 bit Build 22621 (10.0.22621.755)
OS uptime: 0 days 1:11 hours
Hyper-V role detected

CPU: total 8 (initial active 8) (4 cores per cpu, 2 threads per core) family 6 model 158 stepping 10 microcode 0xde, cx8, cmov, fxsr, ht, mmx, 3dnowpref, sse, sse2, sse3, ssse3, sse4.1, sse4.2, popcnt, lzcnt, tsc, tscinvbit, avx, avx2, aes, erms, clmul, bmi1, bmi2, adx, fma, vzeroupper, clflush, clflushopt, hv

Memory: 4k page, system-wide physical 8081M (1777M free)
TotalPageFile size 10129M (AvailPageFile size 67M)
current process WorkingSet (physical memory assigned to process): 486M, peak: 486M
current process commit charge ("private bytes"): 510M, peak: 1178M

vm_info: OpenJDK 64-Bit Server VM (17.0.5+8) for windows-amd64 JRE (17.0.5+8), built on Oct 19 2022 04:48:13 by "temurin" with MS VC++ 16.7 (VS2019)

END.
