#
# There is insufficient memory for the Java Runtime Environment to continue.
# Native memory allocation (mmap) failed to map 346030080 bytes for G1 virtual space
# Possible reasons:
#   The system is out of physical RAM or swap space
#   The process is running with CompressedOops enabled, and the Java Heap may be blocking the growth of the native heap
# Possible solutions:
#   Reduce memory load on the system
#   Increase physical memory or swap space
#   Check if swap backing store is full
#   Decrease Java heap size (-Xmx/-Xms)
#   Decrease number of Java threads
#   Decrease Java thread stack sizes (-Xss)
#   Set larger code cache with -XX:ReservedCodeCacheSize=
#   JVM is running with Unscaled Compressed Oops mode in which the Java heap is
#     placed in the first 4GB address space. The Java Heap base address is the
#     maximum limit for the native heap growth. Please use -XX:HeapBaseMinAddress
#     to set the Java Heap base and to place the Java Heap above 4GB virtual address.
# This output file may be truncated or incomplete.
#
#  Out of Memory Error (os_windows.cpp:3548), pid=9708, tid=7268
#
# JRE version: OpenJDK Runtime Environment Temurin-17.0.5+8 (17.0.5+8) (build 17.0.5+8)
# Java VM: OpenJDK 64-Bit Server VM Temurin-17.0.5+8 (17.0.5+8, mixed mode, emulated-client, tiered, compressed oops, compressed class ptrs, g1 gc, windows-amd64)
# No core dump will be written. Minidumps are not enabled by default on client versions of Windows
#

---------------  S U M M A R Y ------------

Command Line: -Dsts.lsp.client=vscode -Dsts.log.file=/dev/null -XX:TieredStopAtLevel=1 -Xlog:jni+resolve=off -Dspring.config.location=file:c:\Users\Lester\.vscode\extensions\pivotal.vscode-spring-boot-1.43.0\language-server\BOOT-INF\classes\application.properties org.springframework.ide.vscode.boot.app.BootLanguageServerBootApp

Host: Intel(R) Core(TM) i5-8300H CPU @ 2.30GHz, 8 cores, 7G,  Windows 11 , 64 bit Build 22621 (10.0.22621.755)
Time: Fri Jan 20 12:19:11 2023 Hora estándar de Cuba elapsed time: 2.476327 seconds (0d 0h 0m 2s)

---------------  T H R E A D  ---------------

Current thread (0x000001cdea22ab30):  VMThread "VM Thread" [stack: 0x0000002e28200000,0x0000002e28300000] [id=7268]

Stack: [0x0000002e28200000,0x0000002e28300000]
Native frames: (J=compiled Java code, j=interpreted, Vv=VM code, C=native code)
V  [jvm.dll+0x676b3a]
V  [jvm.dll+0x831444]
V  [jvm.dll+0x832bee]
V  [jvm.dll+0x833253]
V  [jvm.dll+0x244ce5]
V  [jvm.dll+0x673a49]
V  [jvm.dll+0x66811a]
V  [jvm.dll+0x303ceb]
V  [jvm.dll+0x30b1e6]
V  [jvm.dll+0x35adbe]
V  [jvm.dll+0x35afef]
V  [jvm.dll+0x2dab88]
V  [jvm.dll+0x2d8e3c]
V  [jvm.dll+0x2d840c]
V  [jvm.dll+0x31c31b]
V  [jvm.dll+0x8376fb]
V  [jvm.dll+0x838434]
V  [jvm.dll+0x83894c]
V  [jvm.dll+0x838d24]
V  [jvm.dll+0x838df0]
V  [jvm.dll+0x7e17ea]
V  [jvm.dll+0x6759e5]
C  [ucrtbase.dll+0x29363]
C  [KERNEL32.DLL+0x1244d]
C  [ntdll.dll+0x5dfb8]

VM_Operation (0x0000002e2b2fdb00): G1CollectForAllocation, mode: safepoint, requested by thread 0x000001cdec6b4d40


---------------  P R O C E S S  ---------------

Threads class SMR info:
_java_thread_list=0x000001cdef4d8810, length=46, elements={
0x000001cdea23fb90, 0x000001cdea242660, 0x000001cdea24cfa0, 0x000001cdea24d860,
0x000001cdea24e120, 0x000001cdea24e9e0, 0x000001cdeac49840, 0x000001cdeac55650,
0x000001cdeae6bfc0, 0x000001cdeae74f20, 0x000001cdeae7b9c0, 0x000001cdeae79430,
0x000001cdebaa0a40, 0x000001cdec2a76a0, 0x000001cdec30a830, 0x000001cdec4d9470,
0x000001cddae95fe0, 0x000001cdec5673c0, 0x000001cdec5ac4d0, 0x000001cdec5d3b30,
0x000001cdec5d4000, 0x000001cdec5d72a0, 0x000001cdec5f6e30, 0x000001cdec5fe770,
0x000001cdec5fd430, 0x000001cdec5fe2a0, 0x000001cdec5fddd0, 0x000001cdec5fcf60,
0x000001cdec5fd900, 0x000001cdec6b5210, 0x000001cdec6b2b90, 0x000001cdec6b26c0,
0x000001cdec6b4870, 0x000001cdec6b3ed0, 0x000001cdec6b56e0, 0x000001cdec6b3060,
0x000001cdec6b1d20, 0x000001cdec6b43a0, 0x000001cdec6b3a00, 0x000001cdec6b4d40,
0x000001cdec6b21f0, 0x000001cdec6b3530, 0x000001cdef6802e0, 0x000001cdef683300,
0x000001cdef684b10, 0x000001cdef6837d0
}

Java Threads: ( => current thread )
  0x000001cdea23fb90 JavaThread "Reference Handler" daemon [_thread_blocked, id=3244, stack(0x0000002e28300000,0x0000002e28400000)]
  0x000001cdea242660 JavaThread "Finalizer" daemon [_thread_blocked, id=8680, stack(0x0000002e28400000,0x0000002e28500000)]
  0x000001cdea24cfa0 JavaThread "Signal Dispatcher" daemon [_thread_blocked, id=15736, stack(0x0000002e28500000,0x0000002e28600000)]
  0x000001cdea24d860 JavaThread "Attach Listener" daemon [_thread_blocked, id=16188, stack(0x0000002e28600000,0x0000002e28700000)]
  0x000001cdea24e120 JavaThread "Service Thread" daemon [_thread_blocked, id=11540, stack(0x0000002e28700000,0x0000002e28800000)]
  0x000001cdea24e9e0 JavaThread "Monitor Deflation Thread" daemon [_thread_blocked, id=2704, stack(0x0000002e28800000,0x0000002e28900000)]
  0x000001cdeac49840 JavaThread "C1 CompilerThread0" daemon [_thread_blocked, id=19140, stack(0x0000002e28900000,0x0000002e28a00000)]
  0x000001cdeac55650 JavaThread "Sweeper thread" daemon [_thread_blocked, id=4912, stack(0x0000002e28a00000,0x0000002e28b00000)]
  0x000001cdeae6bfc0 JavaThread "C1 CompilerThread1" daemon [_thread_blocked, id=5168, stack(0x0000002e28b00000,0x0000002e28c00000)]
  0x000001cdeae74f20 JavaThread "C1 CompilerThread2" daemon [_thread_blocked, id=18908, stack(0x0000002e28c00000,0x0000002e28d00000)]
  0x000001cdeae7b9c0 JavaThread "Notification Thread" daemon [_thread_blocked, id=13480, stack(0x0000002e28d00000,0x0000002e28e00000)]
  0x000001cdeae79430 JavaThread "Common-Cleaner" daemon [_thread_blocked, id=7392, stack(0x0000002e28f00000,0x0000002e29000000)]
  0x000001cdebaa0a40 JavaThread "C1 CompilerThread3" daemon [_thread_blocked, id=18956, stack(0x0000002e29400000,0x0000002e29500000)]
  0x000001cdec2a76a0 JavaThread "boundedElastic-evictor-1" daemon [_thread_blocked, id=20228, stack(0x0000002e29800000,0x0000002e29900000)]
  0x000001cdec30a830 JavaThread "pool-11-thread-1" [_thread_blocked, id=11424, stack(0x0000002e29a00000,0x0000002e29b00000)]
  0x000001cdec4d9470 JavaThread "LanguageServerApp-lifecycle" [_thread_blocked, id=14156, stack(0x0000002e29b00000,0x0000002e29c00000)]
  0x000001cddae95fe0 JavaThread "DestroyJavaVM" [_thread_blocked, id=17816, stack(0x0000002e27c00000,0x0000002e27d00000)]
  0x000001cdec5673c0 JavaThread "pool-12-thread-1" [_thread_in_native, id=1044, stack(0x0000002e29c00000,0x0000002e29d00000)]
  0x000001cdec5ac4d0 JavaThread "Simple-Language-Server main thread" daemon [_thread_blocked, id=4620, stack(0x0000002e29d00000,0x0000002e29e00000)]
  0x000001cdec5d3b30 JavaThread "pool-8-thread-1" [_thread_blocked, id=13304, stack(0x0000002e29e00000,0x0000002e29f00000)]
  0x000001cdec5d4000 JavaThread "parallel-1" daemon [_thread_blocked, id=15340, stack(0x0000002e29f00000,0x0000002e2a000000)]
  0x000001cdec5d72a0 JavaThread "parallel-2" daemon [_thread_blocked, id=9608, stack(0x0000002e2a000000,0x0000002e2a100000)]
  0x000001cdec5f6e30 JavaThread "parallel-3" daemon [_thread_blocked, id=7612, stack(0x0000002e2a100000,0x0000002e2a200000)]
  0x000001cdec5fe770 JavaThread "parallel-4" daemon [_thread_blocked, id=9028, stack(0x0000002e2a200000,0x0000002e2a300000)]
  0x000001cdec5fd430 JavaThread "ForkJoinPool.commonPool-worker-1" daemon [_thread_blocked, id=19768, stack(0x0000002e2a300000,0x0000002e2a400000)]
  0x000001cdec5fe2a0 JavaThread "pool-5-thread-1" [_thread_blocked, id=19180, stack(0x0000002e2a400000,0x0000002e2a500000)]
  0x000001cdec5fddd0 JavaThread "ForkJoinPool.commonPool-worker-2" daemon [_thread_blocked, id=3516, stack(0x0000002e2a500000,0x0000002e2a600000)]
  0x000001cdec5fcf60 JavaThread "parallel-5" daemon [_thread_blocked, id=16976, stack(0x0000002e2a600000,0x0000002e2a700000)]
  0x000001cdec5fd900 JavaThread "ClassGraph-worker-0" daemon [_thread_blocked, id=8348, stack(0x0000002e2a700000,0x0000002e2a800000)]
  0x000001cdec6b5210 JavaThread "ClassGraph-worker-1" daemon [_thread_blocked, id=16208, stack(0x0000002e2a800000,0x0000002e2a900000)]
  0x000001cdec6b2b90 JavaThread "ClassGraph-worker-2" daemon [_thread_blocked, id=13968, stack(0x0000002e2a900000,0x0000002e2aa00000)]
  0x000001cdec6b26c0 JavaThread "ClassGraph-worker-3" daemon [_thread_blocked, id=11408, stack(0x0000002e2aa00000,0x0000002e2ab00000)]
  0x000001cdec6b4870 JavaThread "ClassGraph-worker-4" daemon [_thread_blocked, id=6496, stack(0x0000002e2ab00000,0x0000002e2ac00000)]
  0x000001cdec6b3ed0 JavaThread "ClassGraph-worker-5" daemon [_thread_blocked, id=2040, stack(0x0000002e2ac00000,0x0000002e2ad00000)]
  0x000001cdec6b56e0 JavaThread "ClassGraph-worker-6" daemon [_thread_blocked, id=14220, stack(0x0000002e2ad00000,0x0000002e2ae00000)]
  0x000001cdec6b3060 JavaThread "ClassGraph-worker-7" daemon [_thread_blocked, id=16168, stack(0x0000002e2ae00000,0x0000002e2af00000)]
  0x000001cdec6b1d20 JavaThread "ClassGraph-worker-8" daemon [_thread_blocked, id=7312, stack(0x0000002e2af00000,0x0000002e2b000000)]
  0x000001cdec6b43a0 JavaThread "ClassGraph-worker-9" daemon [_thread_blocked, id=6556, stack(0x0000002e2b000000,0x0000002e2b100000)]
  0x000001cdec6b3a00 JavaThread "ClassGraph-worker-10" daemon [_thread_blocked, id=18844, stack(0x0000002e2b100000,0x0000002e2b200000)]
  0x000001cdec6b4d40 JavaThread "ClassGraph-worker-11" daemon [_thread_blocked, id=12880, stack(0x0000002e2b200000,0x0000002e2b300000)]
  0x000001cdec6b21f0 JavaThread "ClassGraph-worker-12" daemon [_thread_blocked, id=16492, stack(0x0000002e2b300000,0x0000002e2b400000)]
  0x000001cdec6b3530 JavaThread "ClassGraph-worker-13" daemon [_thread_blocked, id=10444, stack(0x0000002e2b400000,0x0000002e2b500000)]
  0x000001cdef6802e0 JavaThread "Reconciler-1" daemon [_thread_blocked, id=12328, stack(0x0000002e2b500000,0x0000002e2b600000)]
  0x000001cdef683300 JavaThread "pool-6-thread-1" [_thread_blocked, id=8316, stack(0x0000002e2b600000,0x0000002e2b700000)]
  0x000001cdef684b10 JavaThread "pool-10-thread-1" [_thread_blocked, id=18368, stack(0x0000002e2b700000,0x0000002e2b800000)]
  0x000001cdef6837d0 JavaThread "pool-10-thread-2" [_thread_blocked, id=4228, stack(0x0000002e2b800000,0x0000002e2b900000)]

Other Threads:
=>0x000001cdea22ab30 VMThread "VM Thread" [stack: 0x0000002e28200000,0x0000002e28300000] [id=7268]
  0x000001cddaf0bbb0 WatcherThread [stack: 0x0000002e28e00000,0x0000002e28f00000] [id=18088]
  0x000001cddaef1e00 GCTaskThread "GC Thread#0" [stack: 0x0000002e27d00000,0x0000002e27e00000] [id=12832]
  0x000001cdeba768a0 GCTaskThread "GC Thread#1" [stack: 0x0000002e29000000,0x0000002e29100000] [id=1060]
  0x000001cdeba76b50 GCTaskThread "GC Thread#2" [stack: 0x0000002e29100000,0x0000002e29200000] [id=8104]
  0x000001cdeba89880 GCTaskThread "GC Thread#3" [stack: 0x0000002e29200000,0x0000002e29300000] [id=4748]
  0x000001cdeba8df50 GCTaskThread "GC Thread#4" [stack: 0x0000002e29300000,0x0000002e29400000] [id=15568]
  0x000001cdebd205a0 GCTaskThread "GC Thread#5" [stack: 0x0000002e29500000,0x0000002e29600000] [id=19044]
  0x000001cdebd20850 GCTaskThread "GC Thread#6" [stack: 0x0000002e29600000,0x0000002e29700000] [id=9424]
  0x000001cdebd20b00 GCTaskThread "GC Thread#7" [stack: 0x0000002e29700000,0x0000002e29800000] [id=4416]
  0x000001cddaf02910 ConcurrentGCThread "G1 Main Marker" [stack: 0x0000002e27e00000,0x0000002e27f00000] [id=4800]
  0x000001cddaf04240 ConcurrentGCThread "G1 Conc#0" [stack: 0x0000002e27f00000,0x0000002e28000000] [id=10640]
  0x000001cdebff7570 ConcurrentGCThread "G1 Conc#1" [stack: 0x0000002e29900000,0x0000002e29a00000] [id=11428]
  0x000001cdea094cf0 ConcurrentGCThread "G1 Refine#0" [stack: 0x0000002e28000000,0x0000002e28100000] [id=18756]
  0x000001cdef5759a0 ConcurrentGCThread "G1 Refine#1" [stack: 0x0000002e2b900000,0x0000002e2ba00000] [id=7232]
  0x000001cdef5756c0 ConcurrentGCThread "G1 Refine#2" [stack: 0x0000002e2ba00000,0x0000002e2bb00000] [id=9332]
  0x000001cddaf4b310 ConcurrentGCThread "G1 Service" [stack: 0x0000002e28100000,0x0000002e28200000] [id=11120]

Threads with active compile tasks:
C1 CompilerThread0     2485 4259       1       java.lang.invoke.StringConcatFactory::parseRecipe (198 bytes)
C1 CompilerThread1     2485 4261       1       java.lang.invoke.MethodHandles::argumentsWithCombinerChecks (197 bytes)
C1 CompilerThread2     2485 4263       1       java.math.BigDecimal::checkScale (62 bytes)

VM state: at safepoint (normal execution)

VM Mutex/Monitor currently owned by a thread:  ([mutex/lock_event])
[0x000001cddad00f70] Threads_lock - owner thread: 0x000001cdea22ab30
[0x000001cddae93fa0] Heap_lock - owner thread: 0x000001cdec6b4d40
[0x000001cddae933d0] MethodCompileQueue_lock - owner thread: 0x000001cdeae6bfc0

Heap address: 0x0000000081a00000, size: 2022 MB, Compressed Oops mode: 32-bit

CDS archive(s) not mapped
Compressed class space mapped at: 0x0000000100000000-0x0000000140000000, reserved size: 1073741824
Narrow klass base: 0x0000000000000000, Narrow klass shift: 3, Narrow klass range: 0x140000000

GC Precious Log:
 CPUs: 8 total, 8 available
 Memory: 8081M
 Large Page Support: Disabled
 NUMA Support: Disabled
 Compressed Oops: Enabled (32-bit)
 Heap Region Size: 1M
 Heap Min Capacity: 8M
 Heap Initial Capacity: 128M
 Heap Max Capacity: 2022M
 Pre-touch: Disabled
 Parallel Workers: 8
 Concurrent Workers: 2
 Concurrent Refinement Workers: 8
 Periodic GC: Disabled

Heap:
 garbage-first heap   total 168960K, used 82573K [0x0000000081a00000, 0x0000000100000000)
  region size 1024K, 4 young (4096K), 4 survivors (4096K)
 Metaspace       used 40437K, committed 40832K, reserved 1089536K
  class space    used 5208K, committed 5376K, reserved 1048576K

Heap Regions: E=young(eden), S=young(survivor), O=old, HS=humongous(starts), HC=humongous(continues), CS=collection set, F=free, OA=open archive, CA=closed archive, TAMS=top-at-mark-start (previous, next)
|   0|0x0000000081a00000, 0x0000000081b00000, 0x0000000081b00000|100%| O|  |TAMS 0x0000000081b00000, 0x0000000081b00000| Untracked 
|   1|0x0000000081b00000, 0x0000000081c00000, 0x0000000081c00000|100%| O|  |TAMS 0x0000000081c00000, 0x0000000081c00000| Untracked 
|   2|0x0000000081c00000, 0x0000000081d00000, 0x0000000081d00000|100%| O|  |TAMS 0x0000000081d00000, 0x0000000081d00000| Untracked 
|   3|0x0000000081d00000, 0x0000000081e00000, 0x0000000081e00000|100%| O|  |TAMS 0x0000000081e00000, 0x0000000081e00000| Untracked 
|   4|0x0000000081e00000, 0x0000000081f00000, 0x0000000081f00000|100%| O|  |TAMS 0x0000000081f00000, 0x0000000081f00000| Untracked 
|   5|0x0000000081f00000, 0x0000000082000000, 0x0000000082000000|100%| O|  |TAMS 0x0000000082000000, 0x0000000082000000| Untracked 
|   6|0x0000000082000000, 0x0000000082100000, 0x0000000082100000|100%| O|  |TAMS 0x0000000082100000, 0x0000000082100000| Untracked 
|   7|0x0000000082100000, 0x0000000082200000, 0x0000000082200000|100%| O|  |TAMS 0x0000000082200000, 0x0000000082200000| Untracked 
|   8|0x0000000082200000, 0x0000000082300000, 0x0000000082300000|100%| O|  |TAMS 0x0000000082300000, 0x0000000082300000| Untracked 
|   9|0x0000000082300000, 0x0000000082400000, 0x0000000082400000|100%| O|  |TAMS 0x0000000082400000, 0x0000000082400000| Untracked 
|  10|0x0000000082400000, 0x00000000824cc800, 0x0000000082500000| 79%| O|  |TAMS 0x00000000824cc800, 0x00000000824cc800| Untracked 
|  11|0x0000000082500000, 0x0000000082600000, 0x0000000082600000|100%| O|  |TAMS 0x0000000082600000, 0x0000000082600000| Untracked 
|  12|0x0000000082600000, 0x0000000082700000, 0x0000000082700000|100%| O|  |TAMS 0x0000000082700000, 0x0000000082700000| Untracked 
|  13|0x0000000082700000, 0x0000000082800000, 0x0000000082800000|100%| O|  |TAMS 0x0000000082800000, 0x0000000082800000| Untracked 
|  14|0x0000000082800000, 0x0000000082900000, 0x0000000082900000|100%| O|  |TAMS 0x0000000082900000, 0x0000000082900000| Untracked 
|  15|0x0000000082900000, 0x0000000082a00000, 0x0000000082a00000|100%| O|  |TAMS 0x0000000082a00000, 0x0000000082a00000| Untracked 
|  16|0x0000000082a00000, 0x0000000082b00000, 0x0000000082b00000|100%| O|  |TAMS 0x0000000082b00000, 0x0000000082b00000| Untracked 
|  17|0x0000000082b00000, 0x0000000082c00000, 0x0000000082c00000|100%| O|  |TAMS 0x0000000082c00000, 0x0000000082c00000| Untracked 
|  18|0x0000000082c00000, 0x0000000082d00000, 0x0000000082d00000|100%| O|  |TAMS 0x0000000082d00000, 0x0000000082d00000| Untracked 
|  19|0x0000000082d00000, 0x0000000082e00000, 0x0000000082e00000|100%| O|  |TAMS 0x0000000082e00000, 0x0000000082e00000| Untracked 
|  20|0x0000000082e00000, 0x0000000082f00000, 0x0000000082f00000|100%| O|  |TAMS 0x0000000082f00000, 0x0000000082f00000| Untracked 
|  21|0x0000000082f00000, 0x0000000083000000, 0x0000000083000000|100%| O|  |TAMS 0x0000000083000000, 0x0000000083000000| Untracked 
|  22|0x0000000083000000, 0x0000000083100000, 0x0000000083100000|100%| O|  |TAMS 0x0000000083100000, 0x0000000083100000| Untracked 
|  23|0x0000000083100000, 0x0000000083200000, 0x0000000083200000|100%| O|  |TAMS 0x0000000083200000, 0x0000000083200000| Untracked 
|  24|0x0000000083200000, 0x0000000083300000, 0x0000000083300000|100%| O|  |TAMS 0x0000000083200000, 0x0000000083200000| Untracked 
|  25|0x0000000083300000, 0x0000000083400000, 0x0000000083400000|100%| O|  |TAMS 0x0000000083400000, 0x0000000083400000| Untracked 
|  26|0x0000000083400000, 0x0000000083500000, 0x0000000083500000|100%| O|  |TAMS 0x0000000083500000, 0x0000000083500000| Untracked 
|  27|0x0000000083500000, 0x0000000083600000, 0x0000000083600000|100%| O|  |TAMS 0x0000000083600000, 0x0000000083600000| Untracked 
|  28|0x0000000083600000, 0x0000000083700000, 0x0000000083700000|100%| O|  |TAMS 0x0000000083700000, 0x0000000083700000| Untracked 
|  29|0x0000000083700000, 0x0000000083800000, 0x0000000083800000|100%| O|  |TAMS 0x0000000083800000, 0x0000000083800000| Untracked 
|  30|0x0000000083800000, 0x0000000083900000, 0x0000000083900000|100%| O|  |TAMS 0x0000000083900000, 0x0000000083900000| Untracked 
|  31|0x0000000083900000, 0x0000000083a00000, 0x0000000083a00000|100%| O|  |TAMS 0x0000000083a00000, 0x0000000083a00000| Untracked 
|  32|0x0000000083a00000, 0x0000000083b00000, 0x0000000083b00000|100%| O|  |TAMS 0x0000000083b00000, 0x0000000083b00000| Untracked 
|  33|0x0000000083b00000, 0x0000000083c00000, 0x0000000083c00000|100%| O|  |TAMS 0x0000000083c00000, 0x0000000083c00000| Untracked 
|  34|0x0000000083c00000, 0x0000000083d00000, 0x0000000083d00000|100%| O|  |TAMS 0x0000000083d00000, 0x0000000083d00000| Untracked 
|  35|0x0000000083d00000, 0x0000000083e00000, 0x0000000083e00000|100%| O|  |TAMS 0x0000000083e00000, 0x0000000083e00000| Untracked 
|  36|0x0000000083e00000, 0x0000000083f00000, 0x0000000083f00000|100%| O|  |TAMS 0x0000000083f00000, 0x0000000083f00000| Untracked 
|  37|0x0000000083f00000, 0x0000000084000000, 0x0000000084000000|100%| O|  |TAMS 0x0000000084000000, 0x0000000084000000| Untracked 
|  38|0x0000000084000000, 0x0000000084100000, 0x0000000084100000|100%| O|  |TAMS 0x0000000084038400, 0x0000000084100000| Untracked 
|  39|0x0000000084100000, 0x0000000084200000, 0x0000000084200000|100%| O|  |TAMS 0x0000000084100000, 0x0000000084200000| Untracked 
|  40|0x0000000084200000, 0x0000000084300000, 0x0000000084300000|100%| O|  |TAMS 0x0000000084200000, 0x0000000084300000| Untracked 
|  41|0x0000000084300000, 0x0000000084400000, 0x0000000084400000|100%| O|  |TAMS 0x0000000084300000, 0x0000000084400000| Untracked 
|  42|0x0000000084400000, 0x0000000084500000, 0x0000000084500000|100%| O|  |TAMS 0x0000000084400000, 0x0000000084500000| Untracked 
|  43|0x0000000084500000, 0x0000000084600000, 0x0000000084600000|100%| O|  |TAMS 0x0000000084500000, 0x0000000084600000| Untracked 
|  44|0x0000000084600000, 0x0000000084700000, 0x0000000084700000|100%| O|  |TAMS 0x0000000084600000, 0x0000000084700000| Untracked 
|  45|0x0000000084700000, 0x0000000084800000, 0x0000000084800000|100%| O|  |TAMS 0x0000000084700000, 0x0000000084800000| Untracked 
|  46|0x0000000084800000, 0x0000000084900000, 0x0000000084900000|100%| O|  |TAMS 0x0000000084800000, 0x0000000084900000| Untracked 
|  47|0x0000000084900000, 0x0000000084a00000, 0x0000000084a00000|100%| O|  |TAMS 0x0000000084900000, 0x0000000084a00000| Untracked 
|  48|0x0000000084a00000, 0x0000000084b00000, 0x0000000084b00000|100%|HS|  |TAMS 0x0000000084a00000, 0x0000000084b00000| Complete 
|  49|0x0000000084b00000, 0x0000000084c00000, 0x0000000084c00000|100%|HS|  |TAMS 0x0000000084b00000, 0x0000000084c00000| Complete 
|  50|0x0000000084c00000, 0x0000000084d00000, 0x0000000084d00000|100%|HS|  |TAMS 0x0000000084c00000, 0x0000000084d00000| Complete 
|  51|0x0000000084d00000, 0x0000000084e00000, 0x0000000084e00000|100%| O|  |TAMS 0x0000000084d00000, 0x0000000084e00000| Untracked 
|  52|0x0000000084e00000, 0x0000000084f00000, 0x0000000084f00000|100%| O|  |TAMS 0x0000000084e00000, 0x0000000084f00000| Untracked 
|  53|0x0000000084f00000, 0x0000000085000000, 0x0000000085000000|100%| O|  |TAMS 0x0000000084f00000, 0x0000000085000000| Untracked 
|  54|0x0000000085000000, 0x0000000085100000, 0x0000000085100000|100%| O|  |TAMS 0x0000000085000000, 0x0000000085100000| Untracked 
|  55|0x0000000085100000, 0x0000000085200000, 0x0000000085200000|100%| O|  |TAMS 0x0000000085100000, 0x0000000085200000| Untracked 
|  56|0x0000000085200000, 0x0000000085300000, 0x0000000085300000|100%| O|  |TAMS 0x0000000085200000, 0x0000000085300000| Untracked 
|  57|0x0000000085300000, 0x0000000085400000, 0x0000000085400000|100%| O|  |TAMS 0x0000000085300000, 0x0000000085400000| Untracked 
|  58|0x0000000085400000, 0x0000000085500000, 0x0000000085500000|100%| O|  |TAMS 0x0000000085400000, 0x0000000085500000| Untracked 
|  59|0x0000000085500000, 0x0000000085600000, 0x0000000085600000|100%| O|  |TAMS 0x0000000085500000, 0x0000000085600000| Untracked 
|  60|0x0000000085600000, 0x0000000085700000, 0x0000000085700000|100%| O|  |TAMS 0x0000000085600000, 0x0000000085700000| Untracked 
|  61|0x0000000085700000, 0x0000000085800000, 0x0000000085800000|100%| O|  |TAMS 0x0000000085700000, 0x0000000085800000| Untracked 
|  62|0x0000000085800000, 0x0000000085900000, 0x0000000085900000|100%| O|  |TAMS 0x0000000085800000, 0x0000000085900000| Untracked 
|  63|0x0000000085900000, 0x0000000085a00000, 0x0000000085a00000|100%| O|  |TAMS 0x0000000085900000, 0x0000000085a00000| Untracked 
|  64|0x0000000085a00000, 0x0000000085b00000, 0x0000000085b00000|100%| O|  |TAMS 0x0000000085a00000, 0x0000000085b00000| Untracked 
|  65|0x0000000085b00000, 0x0000000085c00000, 0x0000000085c00000|100%| O|  |TAMS 0x0000000085b00000, 0x0000000085c00000| Untracked 
|  66|0x0000000085c00000, 0x0000000085d00000, 0x0000000085d00000|100%| O|  |TAMS 0x0000000085c00000, 0x0000000085d00000| Untracked 
|  67|0x0000000085d00000, 0x0000000085e00000, 0x0000000085e00000|100%| O|  |TAMS 0x0000000085d00000, 0x0000000085e00000| Untracked 
|  68|0x0000000085e00000, 0x0000000085f00000, 0x0000000085f00000|100%| O|  |TAMS 0x0000000085e00000, 0x0000000085f00000| Untracked 
|  69|0x0000000085f00000, 0x0000000086000000, 0x0000000086000000|100%| O|  |TAMS 0x0000000085f00000, 0x0000000086000000| Untracked 
|  70|0x0000000086000000, 0x0000000086100000, 0x0000000086100000|100%| O|  |TAMS 0x0000000086000000, 0x0000000086100000| Untracked 
|  71|0x0000000086100000, 0x0000000086200000, 0x0000000086200000|100%| O|  |TAMS 0x0000000086100000, 0x0000000086200000| Untracked 
|  72|0x0000000086200000, 0x0000000086300000, 0x0000000086300000|100%| O|  |TAMS 0x0000000086200000, 0x0000000086300000| Untracked 
|  73|0x0000000086300000, 0x0000000086400000, 0x0000000086400000|100%| O|  |TAMS 0x0000000086300000, 0x0000000086400000| Untracked 
|  74|0x0000000086400000, 0x0000000086500000, 0x0000000086500000|100%| O|  |TAMS 0x0000000086400000, 0x0000000086500000| Untracked 
|  75|0x0000000086500000, 0x0000000086600000, 0x0000000086600000|100%| O|  |TAMS 0x0000000086500000, 0x0000000086600000| Untracked 
|  76|0x0000000086600000, 0x0000000086700000, 0x0000000086700000|100%| O|  |TAMS 0x0000000086600000, 0x0000000086694000| Untracked 
|  77|0x0000000086700000, 0x0000000086753e00, 0x0000000086800000| 32%| O|  |TAMS 0x0000000086700000, 0x0000000086700000| Untracked 
|  78|0x0000000086800000, 0x0000000086800000, 0x0000000086900000|  0%| F|  |TAMS 0x0000000086800000, 0x0000000086800000| Untracked 
|  79|0x0000000086900000, 0x0000000086900000, 0x0000000086a00000|  0%| F|  |TAMS 0x0000000086900000, 0x0000000086900000| Untracked 
|  80|0x0000000086a00000, 0x0000000086a00000, 0x0000000086b00000|  0%| F|  |TAMS 0x0000000086a00000, 0x0000000086a00000| Untracked 
|  81|0x0000000086b00000, 0x0000000086b00000, 0x0000000086c00000|  0%| F|  |TAMS 0x0000000086b00000, 0x0000000086b00000| Untracked 
|  82|0x0000000086c00000, 0x0000000086c00000, 0x0000000086d00000|  0%| F|  |TAMS 0x0000000086c00000, 0x0000000086c00000| Untracked 
|  83|0x0000000086d00000, 0x0000000086d00000, 0x0000000086e00000|  0%| F|  |TAMS 0x0000000086d00000, 0x0000000086d00000| Untracked 
|  84|0x0000000086e00000, 0x0000000086e00000, 0x0000000086f00000|  0%| F|  |TAMS 0x0000000086e00000, 0x0000000086e00000| Untracked 
|  85|0x0000000086f00000, 0x0000000086f00000, 0x0000000087000000|  0%| F|  |TAMS 0x0000000086f00000, 0x0000000086f00000| Untracked 
|  86|0x0000000087000000, 0x0000000087000000, 0x0000000087100000|  0%| F|  |TAMS 0x0000000087000000, 0x0000000087000000| Untracked 
|  87|0x0000000087100000, 0x0000000087100000, 0x0000000087200000|  0%| F|  |TAMS 0x0000000087100000, 0x0000000087100000| Untracked 
|  88|0x0000000087200000, 0x0000000087200000, 0x0000000087300000|  0%| F|  |TAMS 0x0000000087200000, 0x0000000087200000| Untracked 
|  89|0x0000000087300000, 0x0000000087300000, 0x0000000087400000|  0%| F|  |TAMS 0x0000000087300000, 0x0000000087300000| Untracked 
|  90|0x0000000087400000, 0x0000000087400000, 0x0000000087500000|  0%| F|  |TAMS 0x0000000087400000, 0x0000000087400000| Untracked 
|  91|0x0000000087500000, 0x0000000087500000, 0x0000000087600000|  0%| F|  |TAMS 0x0000000087500000, 0x0000000087500000| Untracked 
|  92|0x0000000087600000, 0x0000000087600000, 0x0000000087700000|  0%| F|  |TAMS 0x0000000087600000, 0x0000000087600000| Untracked 
|  93|0x0000000087700000, 0x0000000087700000, 0x0000000087800000|  0%| F|  |TAMS 0x0000000087700000, 0x0000000087700000| Untracked 
|  94|0x0000000087800000, 0x0000000087800000, 0x0000000087900000|  0%| F|  |TAMS 0x0000000087800000, 0x0000000087800000| Untracked 
|  95|0x0000000087900000, 0x0000000087900000, 0x0000000087a00000|  0%| F|  |TAMS 0x0000000087900000, 0x0000000087900000| Untracked 
|  96|0x0000000087a00000, 0x0000000087a00000, 0x0000000087b00000|  0%| F|  |TAMS 0x0000000087a00000, 0x0000000087a00000| Untracked 
|  97|0x0000000087b00000, 0x0000000087b00000, 0x0000000087c00000|  0%| F|  |TAMS 0x0000000087b00000, 0x0000000087b00000| Untracked 
|  98|0x0000000087c00000, 0x0000000087c00000, 0x0000000087d00000|  0%| F|  |TAMS 0x0000000087c00000, 0x0000000087c00000| Untracked 
|  99|0x0000000087d00000, 0x0000000087d00000, 0x0000000087e00000|  0%| F|  |TAMS 0x0000000087d00000, 0x0000000087d00000| Untracked 
| 100|0x0000000087e00000, 0x0000000087e00000, 0x0000000087f00000|  0%| F|  |TAMS 0x0000000087e00000, 0x0000000087e00000| Untracked 
| 101|0x0000000087f00000, 0x0000000087f00000, 0x0000000088000000|  0%| F|  |TAMS 0x0000000087f00000, 0x0000000087f00000| Untracked 
| 102|0x0000000088000000, 0x0000000088000000, 0x0000000088100000|  0%| F|  |TAMS 0x0000000088000000, 0x0000000088000000| Untracked 
| 103|0x0000000088100000, 0x0000000088100000, 0x0000000088200000|  0%| F|  |TAMS 0x0000000088100000, 0x0000000088100000| Untracked 
| 104|0x0000000088200000, 0x0000000088200000, 0x0000000088300000|  0%| F|  |TAMS 0x0000000088200000, 0x0000000088200000| Untracked 
| 105|0x0000000088300000, 0x0000000088300000, 0x0000000088400000|  0%| F|  |TAMS 0x0000000088300000, 0x0000000088300000| Untracked 
| 106|0x0000000088400000, 0x0000000088400000, 0x0000000088500000|  0%| F|  |TAMS 0x0000000088400000, 0x0000000088400000| Untracked 
| 107|0x0000000088500000, 0x0000000088500000, 0x0000000088600000|  0%| F|  |TAMS 0x0000000088500000, 0x0000000088500000| Untracked 
| 108|0x0000000088600000, 0x0000000088600000, 0x0000000088700000|  0%| F|  |TAMS 0x0000000088600000, 0x0000000088600000| Untracked 
| 109|0x0000000088700000, 0x0000000088700000, 0x0000000088800000|  0%| F|  |TAMS 0x0000000088700000, 0x0000000088700000| Untracked 
| 110|0x0000000088800000, 0x0000000088800000, 0x0000000088900000|  0%| F|  |TAMS 0x0000000088800000, 0x0000000088800000| Untracked 
| 111|0x0000000088900000, 0x0000000088900000, 0x0000000088a00000|  0%| F|  |TAMS 0x0000000088900000, 0x0000000088900000| Untracked 
| 112|0x0000000088a00000, 0x0000000088a00000, 0x0000000088b00000|  0%| F|  |TAMS 0x0000000088a00000, 0x0000000088a00000| Untracked 
| 113|0x0000000088b00000, 0x0000000088b00000, 0x0000000088c00000|  0%| F|  |TAMS 0x0000000088b00000, 0x0000000088b00000| Untracked 
| 114|0x0000000088c00000, 0x0000000088c00000, 0x0000000088d00000|  0%| F|  |TAMS 0x0000000088c00000, 0x0000000088c00000| Untracked 
| 115|0x0000000088d00000, 0x0000000088d00000, 0x0000000088e00000|  0%| F|  |TAMS 0x0000000088d00000, 0x0000000088d00000| Untracked 
| 116|0x0000000088e00000, 0x0000000088e00000, 0x0000000088f00000|  0%| F|  |TAMS 0x0000000088e00000, 0x0000000088e00000| Untracked 
| 117|0x0000000088f00000, 0x0000000088f83140, 0x0000000089000000| 51%| S|CS|TAMS 0x0000000088f00000, 0x0000000088f00000| Complete 
| 118|0x0000000089000000, 0x0000000089100000, 0x0000000089100000|100%| S|CS|TAMS 0x0000000089000000, 0x0000000089000000| Complete 
| 119|0x0000000089100000, 0x0000000089200000, 0x0000000089200000|100%| S|CS|TAMS 0x0000000089100000, 0x0000000089100000| Complete 
| 120|0x0000000089200000, 0x0000000089300000, 0x0000000089300000|100%| S|CS|TAMS 0x0000000089200000, 0x0000000089200000| Complete 
| 121|0x0000000089300000, 0x0000000089300000, 0x0000000089400000|  0%| F|  |TAMS 0x0000000089300000, 0x0000000089300000| Untracked 
| 122|0x0000000089400000, 0x0000000089400000, 0x0000000089500000|  0%| F|  |TAMS 0x0000000089400000, 0x0000000089400000| Untracked 
| 123|0x0000000089500000, 0x0000000089500000, 0x0000000089600000|  0%| F|  |TAMS 0x0000000089500000, 0x0000000089500000| Untracked 
| 124|0x0000000089600000, 0x0000000089600000, 0x0000000089700000|  0%| F|  |TAMS 0x0000000089600000, 0x0000000089600000| Untracked 
| 125|0x0000000089700000, 0x0000000089700000, 0x0000000089800000|  0%| F|  |TAMS 0x0000000089700000, 0x0000000089700000| Untracked 
| 126|0x0000000089800000, 0x0000000089800000, 0x0000000089900000|  0%| F|  |TAMS 0x0000000089800000, 0x0000000089800000| Untracked 
| 127|0x0000000089900000, 0x0000000089900000, 0x0000000089a00000|  0%| F|  |TAMS 0x0000000089900000, 0x0000000089900000| Untracked 
| 128|0x0000000089a00000, 0x0000000089a00000, 0x0000000089b00000|  0%| F|  |TAMS 0x0000000089a00000, 0x0000000089a00000| Untracked 
| 129|0x0000000089b00000, 0x0000000089b00000, 0x0000000089c00000|  0%| F|  |TAMS 0x0000000089b00000, 0x0000000089b00000| Untracked 
| 130|0x0000000089c00000, 0x0000000089c00000, 0x0000000089d00000|  0%| F|  |TAMS 0x0000000089c00000, 0x0000000089c00000| Untracked 
| 131|0x0000000089d00000, 0x0000000089d00000, 0x0000000089e00000|  0%| F|  |TAMS 0x0000000089d00000, 0x0000000089d00000| Untracked 
| 132|0x0000000089e00000, 0x0000000089e00000, 0x0000000089f00000|  0%| F|  |TAMS 0x0000000089e00000, 0x0000000089e00000| Untracked 
| 133|0x0000000089f00000, 0x0000000089f00000, 0x000000008a000000|  0%| F|  |TAMS 0x0000000089f00000, 0x0000000089f00000| Untracked 
| 134|0x000000008a000000, 0x000000008a000000, 0x000000008a100000|  0%| F|  |TAMS 0x000000008a000000, 0x000000008a000000| Untracked 
| 135|0x000000008a100000, 0x000000008a100000, 0x000000008a200000|  0%| F|  |TAMS 0x000000008a100000, 0x000000008a100000| Untracked 
| 136|0x000000008a200000, 0x000000008a200000, 0x000000008a300000|  0%| F|  |TAMS 0x000000008a200000, 0x000000008a200000| Untracked 
| 137|0x000000008a300000, 0x000000008a300000, 0x000000008a400000|  0%| F|  |TAMS 0x000000008a300000, 0x000000008a300000| Untracked 
| 138|0x000000008a400000, 0x000000008a400000, 0x000000008a500000|  0%| F|  |TAMS 0x000000008a400000, 0x000000008a400000| Untracked 
| 139|0x000000008a500000, 0x000000008a500000, 0x000000008a600000|  0%| F|  |TAMS 0x000000008a500000, 0x000000008a500000| Untracked 
| 140|0x000000008a600000, 0x000000008a600000, 0x000000008a700000|  0%| F|  |TAMS 0x000000008a600000, 0x000000008a600000| Untracked 
| 141|0x000000008a700000, 0x000000008a700000, 0x000000008a800000|  0%| F|  |TAMS 0x000000008a700000, 0x000000008a700000| Untracked 
| 142|0x000000008a800000, 0x000000008a800000, 0x000000008a900000|  0%| F|  |TAMS 0x000000008a800000, 0x000000008a800000| Untracked 
| 143|0x000000008a900000, 0x000000008a900000, 0x000000008aa00000|  0%| F|  |TAMS 0x000000008a900000, 0x000000008a900000| Untracked 
| 144|0x000000008aa00000, 0x000000008aa00000, 0x000000008ab00000|  0%| F|  |TAMS 0x000000008aa00000, 0x000000008aa00000| Untracked 
| 145|0x000000008ab00000, 0x000000008ab00000, 0x000000008ac00000|  0%| F|  |TAMS 0x000000008ab00000, 0x000000008ab00000| Untracked 
| 146|0x000000008ac00000, 0x000000008ac00000, 0x000000008ad00000|  0%| F|  |TAMS 0x000000008ac00000, 0x000000008ac00000| Untracked 
| 147|0x000000008ad00000, 0x000000008ad00000, 0x000000008ae00000|  0%| F|  |TAMS 0x000000008ad00000, 0x000000008ad00000| Untracked 
| 148|0x000000008ae00000, 0x000000008ae00000, 0x000000008af00000|  0%| F|  |TAMS 0x000000008ae00000, 0x000000008ae00000| Untracked 
| 149|0x000000008af00000, 0x000000008af00000, 0x000000008b000000|  0%| F|  |TAMS 0x000000008af00000, 0x000000008af00000| Untracked 
| 150|0x000000008b000000, 0x000000008b000000, 0x000000008b100000|  0%| F|  |TAMS 0x000000008b000000, 0x000000008b000000| Untracked 
| 151|0x000000008b100000, 0x000000008b100000, 0x000000008b200000|  0%| F|  |TAMS 0x000000008b100000, 0x000000008b100000| Untracked 
| 152|0x000000008b200000, 0x000000008b200000, 0x000000008b300000|  0%| F|  |TAMS 0x000000008b200000, 0x000000008b200000| Untracked 
| 153|0x000000008b300000, 0x000000008b300000, 0x000000008b400000|  0%| F|  |TAMS 0x000000008b300000, 0x000000008b300000| Untracked 
| 154|0x000000008b400000, 0x000000008b400000, 0x000000008b500000|  0%| F|  |TAMS 0x000000008b400000, 0x000000008b400000| Untracked 
| 155|0x000000008b500000, 0x000000008b500000, 0x000000008b600000|  0%| F|  |TAMS 0x000000008b500000, 0x000000008b500000| Untracked 
| 156|0x000000008b600000, 0x000000008b600000, 0x000000008b700000|  0%| F|  |TAMS 0x000000008b600000, 0x000000008b600000| Untracked 
| 157|0x000000008b700000, 0x000000008b700000, 0x000000008b800000|  0%| F|  |TAMS 0x000000008b700000, 0x000000008b700000| Untracked 
| 158|0x000000008b800000, 0x000000008b800000, 0x000000008b900000|  0%| F|  |TAMS 0x000000008b800000, 0x000000008b800000| Untracked 
| 159|0x000000008b900000, 0x000000008b900000, 0x000000008ba00000|  0%| F|  |TAMS 0x000000008b900000, 0x000000008b900000| Untracked 
| 160|0x000000008ba00000, 0x000000008ba00000, 0x000000008bb00000|  0%| F|  |TAMS 0x000000008ba00000, 0x000000008ba00000| Untracked 
| 161|0x000000008bb00000, 0x000000008bb00000, 0x000000008bc00000|  0%| F|  |TAMS 0x000000008bb00000, 0x000000008bb00000| Untracked 
| 162|0x000000008bc00000, 0x000000008bc00000, 0x000000008bd00000|  0%| F|  |TAMS 0x000000008bc00000, 0x000000008bc00000| Untracked 
| 163|0x000000008bd00000, 0x000000008bd00000, 0x000000008be00000|  0%| F|  |TAMS 0x000000008bd00000, 0x000000008bd00000| Untracked 
| 164|0x000000008be00000, 0x000000008be00000, 0x000000008bf00000|  0%| F|  |TAMS 0x000000008be00000, 0x000000008be00000| Untracked 

Card table byte_map: [0x000001cde2ff0000,0x000001cde33f0000] _byte_map_base: 0x000001cde2be3000

Marking Bits (Prev, Next): (CMBitMap*) 0x000001cddaef2360, (CMBitMap*) 0x000001cddaef2320
 Prev Bits: [0x000001cde5790000, 0x000001cde7728000)
 Next Bits: [0x000001cde37f0000, 0x000001cde5788000)

Polling page: 0x000001cddaf50000

Metaspace:

Usage:
  Non-class:     34.40 MB used.
      Class:      5.09 MB used.
       Both:     39.49 MB used.

Virtual space:
  Non-class space:       40.00 MB reserved,      34.62 MB ( 87%) committed,  5 nodes.
      Class space:        1.00 GB reserved,       5.25 MB ( <1%) committed,  1 nodes.
             Both:        1.04 GB reserved,      39.88 MB (  4%) committed. 

Chunk freelists:
   Non-Class:  784.00 KB
       Class:  2.63 MB
        Both:  3.39 MB

MaxMetaspaceSize: unlimited
CompressedClassSpaceSize: 1.00 GB
Initial GC threshold: 21.00 MB
Current GC threshold: 64.19 MB
CDS: off
MetaspaceReclaimPolicy: balanced
 - commit_granule_bytes: 65536.
 - commit_granule_words: 8192.
 - virtual_space_node_default_size: 1048576.
 - enlarge_chunks_in_place: 1.
 - new_chunks_are_fully_committed: 0.
 - uncommit_free_chunks: 1.
 - use_allocation_guard: 0.
 - handle_deallocations: 1.


Internal statistics:

num_allocs_failed_limit: 8.
num_arena_births: 510.
num_arena_deaths: 0.
num_vsnodes_births: 6.
num_vsnodes_deaths: 0.
num_space_committed: 638.
num_space_uncommitted: 0.
num_chunks_returned_to_freelist: 8.
num_chunks_taken_from_freelist: 1748.
num_chunk_merges: 8.
num_chunk_splits: 1198.
num_chunks_enlarged: 893.
num_purges: 0.
num_inconsistent_stats: 0.

CodeCache: size=49152Kb used=9886Kb max_used=9886Kb free=39265Kb
 bounds [0x000001cddf300000, 0x000001cddfcb0000, 0x000001cde2300000]
 total_blobs=4817 nmethods=4260 adapters=481
 compilation: enabled
              stopped_count=0, restarted_count=0
 full_count=0

Compilation events (20 events):
Event: 2.449 Thread 0x000001cdeae6bfc0 nmethod 4250 0x000001cddfca3a90 code [0x000001cddfca3c20, 0x000001cddfca3df8]
Event: 2.449 Thread 0x000001cdeae74f20 4213       1       java.io.ByteArrayOutputStream::close (1 bytes)
Event: 2.449 Thread 0x000001cdeae6bfc0 4184       1       nonapi.io.github.classgraph.fileslice.reader.ClassfileReader::buf (5 bytes)
Event: 2.449 Thread 0x000001cdeae74f20 nmethod 4213 0x000001cddfca3e90 code [0x000001cddfca4020, 0x000001cddfca40d8]
Event: 2.449 Thread 0x000001cdeae6bfc0 nmethod 4184 0x000001cddfca4190 code [0x000001cddfca4320, 0x000001cddfca43f8]
Event: 2.449 Thread 0x000001cdebaa0a40 nmethod 4247 0x000001cddfca4490 code [0x000001cddfca46a0, 0x000001cddfca4bc8]
Event: 2.449 Thread 0x000001cdeac49840 nmethod 4255 0x000001cddfca4e10 code [0x000001cddfca5000, 0x000001cddfca5438]
Event: 2.458 Thread 0x000001cdeac49840 4256       1       java.time.LocalTime::ofNanoOfDay (68 bytes)
Event: 2.458 Thread 0x000001cdebaa0a40 4257       1       java.time.LocalTime::create (26 bytes)
Event: 2.458 Thread 0x000001cdebaa0a40 nmethod 4257 0x000001cddfca5710 code [0x000001cddfca58a0, 0x000001cddfca5a18]
Event: 2.459 Thread 0x000001cdeac49840 nmethod 4256 0x000001cddfca5b10 code [0x000001cddfca5ce0, 0x000001cddfca60b8]
Event: 2.459 Thread 0x000001cdeac49840 4258       1       java.time.Instant::getEpochSecond (5 bytes)
Event: 2.459 Thread 0x000001cdeac49840 nmethod 4258 0x000001cddfca6310 code [0x000001cddfca64a0, 0x000001cddfca6578]
Event: 2.461 Thread 0x000001cdeac49840 4259       1       java.lang.invoke.StringConcatFactory::parseRecipe (198 bytes)
Event: 2.461 Thread 0x000001cdebaa0a40 4260       1       java.lang.invoke.MethodHandles::argumentsWithCombiner (130 bytes)
Event: 2.461 Thread 0x000001cdeae6bfc0 4261       1       java.lang.invoke.MethodHandles::argumentsWithCombinerChecks (197 bytes)
Event: 2.461 Thread 0x000001cdeae74f20 4262   !   1       java.lang.invoke.BoundMethodHandle$Species_L::copyWithExtendL (31 bytes)
Event: 2.461 Thread 0x000001cdeae74f20 nmethod 4262 0x000001cddfca6610 code [0x000001cddfca6800, 0x000001cddfca6b88]
Event: 2.461 Thread 0x000001cdeae74f20 4263       1       java.math.BigDecimal::checkScale (62 bytes)
Event: 2.462 Thread 0x000001cdebaa0a40 nmethod 4260 0x000001cddfca6e10 code [0x000001cddfca7020, 0x000001cddfca74f8]

GC Heap History (20 events):
Event: 2.056 GC heap after
{Heap after GC invocations=12 (full 0):
 garbage-first heap   total 58368K, used 27992K [0x0000000081a00000, 0x0000000100000000)
  region size 1024K, 3 young (3072K), 3 survivors (3072K)
 Metaspace       used 36734K, committed 37120K, reserved 1089536K
  class space    used 4817K, committed 4992K, reserved 1048576K
}
Event: 2.097 GC heap before
{Heap before GC invocations=12 (full 0):
 garbage-first heap   total 58368K, used 43352K [0x0000000081a00000, 0x0000000100000000)
  region size 1024K, 18 young (18432K), 3 survivors (3072K)
 Metaspace       used 37157K, committed 37504K, reserved 1089536K
  class space    used 4855K, committed 4992K, reserved 1048576K
}
Event: 2.101 GC heap after
{Heap after GC invocations=13 (full 0):
 garbage-first heap   total 83968K, used 31249K [0x0000000081a00000, 0x0000000100000000)
  region size 1024K, 3 young (3072K), 3 survivors (3072K)
 Metaspace       used 37157K, committed 37504K, reserved 1089536K
  class space    used 4855K, committed 4992K, reserved 1048576K
}
Event: 2.158 GC heap before
{Heap before GC invocations=13 (full 0):
 garbage-first heap   total 83968K, used 59921K [0x0000000081a00000, 0x0000000100000000)
  region size 1024K, 32 young (32768K), 3 survivors (3072K)
 Metaspace       used 37993K, committed 38336K, reserved 1089536K
  class space    used 4930K, committed 5056K, reserved 1048576K
}
Event: 2.162 GC heap after
{Heap after GC invocations=14 (full 0):
 garbage-first heap   total 83968K, used 35634K [0x0000000081a00000, 0x0000000100000000)
  region size 1024K, 4 young (4096K), 4 survivors (4096K)
 Metaspace       used 37993K, committed 38336K, reserved 1089536K
  class space    used 4930K, committed 5056K, reserved 1048576K
}
Event: 2.196 GC heap before
{Heap before GC invocations=14 (full 0):
 garbage-first heap   total 83968K, used 62258K [0x0000000081a00000, 0x0000000100000000)
  region size 1024K, 30 young (30720K), 4 survivors (4096K)
 Metaspace       used 38577K, committed 38976K, reserved 1089536K
  class space    used 4954K, committed 5120K, reserved 1048576K
}
Event: 2.202 GC heap after
{Heap after GC invocations=15 (full 0):
 garbage-first heap   total 83968K, used 43027K [0x0000000081a00000, 0x0000000100000000)
  region size 1024K, 4 young (4096K), 4 survivors (4096K)
 Metaspace       used 38577K, committed 38976K, reserved 1089536K
  class space    used 4954K, committed 5120K, reserved 1048576K
}
Event: 2.224 GC heap before
{Heap before GC invocations=15 (full 0):
 garbage-first heap   total 83968K, used 62483K [0x0000000081a00000, 0x0000000100000000)
  region size 1024K, 23 young (23552K), 4 survivors (4096K)
 Metaspace       used 38822K, committed 39232K, reserved 1089536K
  class space    used 4970K, committed 5120K, reserved 1048576K
}
Event: 2.229 GC heap after
{Heap after GC invocations=16 (full 0):
 garbage-first heap   total 83968K, used 48499K [0x0000000081a00000, 0x0000000100000000)
  region size 1024K, 3 young (3072K), 3 survivors (3072K)
 Metaspace       used 38822K, committed 39232K, reserved 1089536K
  class space    used 4970K, committed 5120K, reserved 1048576K
}
Event: 2.255 GC heap before
{Heap before GC invocations=16 (full 0):
 garbage-first heap   total 83968K, used 62835K [0x0000000081a00000, 0x0000000100000000)
  region size 1024K, 18 young (18432K), 3 survivors (3072K)
 Metaspace       used 38936K, committed 39360K, reserved 1089536K
  class space    used 4980K, committed 5184K, reserved 1048576K
}
Event: 2.259 GC heap after
{Heap after GC invocations=17 (full 0):
 garbage-first heap   total 168960K, used 51616K [0x0000000081a00000, 0x0000000100000000)
  region size 1024K, 3 young (3072K), 3 survivors (3072K)
 Metaspace       used 38936K, committed 39360K, reserved 1089536K
  class space    used 4980K, committed 5184K, reserved 1048576K
}
Event: 2.390 GC heap before
{Heap before GC invocations=18 (full 0):
 garbage-first heap   total 168960K, used 112032K [0x0000000081a00000, 0x0000000100000000)
  region size 1024K, 60 young (61440K), 3 survivors (3072K)
 Metaspace       used 40350K, committed 40768K, reserved 1089536K
  class space    used 5187K, committed 5376K, reserved 1048576K
}
Event: 2.414 GC heap after
{Heap after GC invocations=19 (full 0):
 garbage-first heap   total 168960K, used 75513K [0x0000000081a00000, 0x0000000100000000)
  region size 1024K, 8 young (8192K), 8 survivors (8192K)
 Metaspace       used 40350K, committed 40768K, reserved 1089536K
  class space    used 5187K, committed 5376K, reserved 1048576K
}
Event: 2.416 GC heap before
{Heap before GC invocations=19 (full 0):
 garbage-first heap   total 168960K, used 75513K [0x0000000081a00000, 0x0000000100000000)
  region size 1024K, 9 young (9216K), 8 survivors (8192K)
 Metaspace       used 40355K, committed 40768K, reserved 1089536K
  class space    used 5188K, committed 5376K, reserved 1048576K
}
Event: 2.420 GC heap after
{Heap after GC invocations=20 (full 0):
 garbage-first heap   total 168960K, used 77994K [0x0000000081a00000, 0x0000000100000000)
  region size 1024K, 1 young (1024K), 1 survivors (1024K)
 Metaspace       used 40355K, committed 40768K, reserved 1089536K
  class space    used 5188K, committed 5376K, reserved 1048576K
}
Event: 2.433 GC heap before
{Heap before GC invocations=20 (full 0):
 garbage-first heap   total 168960K, used 112810K [0x0000000081a00000, 0x0000000100000000)
  region size 1024K, 36 young (36864K), 1 survivors (1024K)
 Metaspace       used 40379K, committed 40768K, reserved 1089536K
  class space    used 5192K, committed 5376K, reserved 1048576K
}
Event: 2.435 GC heap after
{Heap after GC invocations=21 (full 0):
 garbage-first heap   total 168960K, used 79193K [0x0000000081a00000, 0x0000000100000000)
  region size 1024K, 2 young (2048K), 2 survivors (2048K)
 Metaspace       used 40379K, committed 40768K, reserved 1089536K
  class space    used 5192K, committed 5376K, reserved 1048576K
}
Event: 2.456 GC heap before
{Heap before GC invocations=21 (full 0):
 garbage-first heap   total 168960K, used 117081K [0x0000000081a00000, 0x0000000100000000)
  region size 1024K, 40 young (40960K), 2 survivors (2048K)
 Metaspace       used 40379K, committed 40768K, reserved 1089536K
  class space    used 5192K, committed 5376K, reserved 1048576K
}
Event: 2.458 GC heap after
{Heap after GC invocations=22 (full 0):
 garbage-first heap   total 168960K, used 80613K [0x0000000081a00000, 0x0000000100000000)
  region size 1024K, 4 young (4096K), 4 survivors (4096K)
 Metaspace       used 40379K, committed 40768K, reserved 1089536K
  class space    used 5192K, committed 5376K, reserved 1048576K
}
Event: 2.473 GC heap before
{Heap before GC invocations=22 (full 0):
 garbage-first heap   total 168960K, used 120549K [0x0000000081a00000, 0x0000000100000000)
  region size 1024K, 44 young (45056K), 4 survivors (4096K)
 Metaspace       used 40437K, committed 40832K, reserved 1089536K
  class space    used 5208K, committed 5376K, reserved 1048576K
}

Dll operation events (8 events):
Event: 0.007 Loaded shared library c:\Users\Lester\.vscode\extensions\redhat.java-1.14.0-win32-x64\jre\17.0.5-win32-x86_64\bin\java.dll
Event: 0.210 Loaded shared library C:\Users\Lester\.vscode\extensions\redhat.java-1.14.0-win32-x64\jre\17.0.5-win32-x86_64\bin\net.dll
Event: 0.211 Loaded shared library C:\Users\Lester\.vscode\extensions\redhat.java-1.14.0-win32-x64\jre\17.0.5-win32-x86_64\bin\nio.dll
Event: 0.216 Loaded shared library C:\Users\Lester\.vscode\extensions\redhat.java-1.14.0-win32-x64\jre\17.0.5-win32-x86_64\bin\zip.dll
Event: 0.302 Loaded shared library C:\Users\Lester\.vscode\extensions\redhat.java-1.14.0-win32-x64\jre\17.0.5-win32-x86_64\bin\jimage.dll
Event: 0.368 Loaded shared library c:\Users\Lester\.vscode\extensions\redhat.java-1.14.0-win32-x64\jre\17.0.5-win32-x86_64\bin\verify.dll
Event: 1.671 Loaded shared library C:\Users\Lester\.vscode\extensions\redhat.java-1.14.0-win32-x64\jre\17.0.5-win32-x86_64\bin\management.dll
Event: 1.672 Loaded shared library C:\Users\Lester\.vscode\extensions\redhat.java-1.14.0-win32-x64\jre\17.0.5-win32-x86_64\bin\management_ext.dll

Deoptimization events (10 events):
Event: 0.993 Thread 0x000001cddae95fe0 DEOPT PACKING pc=0x000001cddf894519 sp=0x0000002e27cfd280
Event: 0.993 Thread 0x000001cddae95fe0 DEOPT UNPACKING pc=0x000001cddf352b43 sp=0x0000002e27cfc760 mode 3
Event: 1.811 Thread 0x000001cdec5ac4d0 DEOPT PACKING pc=0x000001cddfaa0635 sp=0x0000002e29dfdc50
Event: 1.811 Thread 0x000001cdec5ac4d0 DEOPT UNPACKING pc=0x000001cddf352b43 sp=0x0000002e29dfd178 mode 3
Event: 1.831 Thread 0x000001cdec5673c0 DEOPT PACKING pc=0x000001cddf898301 sp=0x0000002e29cfdd00
Event: 1.831 Thread 0x000001cdec5673c0 DEOPT UNPACKING pc=0x000001cddf352b43 sp=0x0000002e29cfd190 mode 3
Event: 1.832 Thread 0x000001cdec5d3b30 DEOPT PACKING pc=0x000001cddf891a17 sp=0x0000002e29eff140
Event: 1.832 Thread 0x000001cdec5d3b30 DEOPT UNPACKING pc=0x000001cddf352b43 sp=0x0000002e29efe598 mode 3
Event: 1.913 Thread 0x000001cdec5fd430 DEOPT PACKING pc=0x000001cddfac852b sp=0x0000002e2a3fe110
Event: 1.913 Thread 0x000001cdec5fd430 DEOPT UNPACKING pc=0x000001cddf352b43 sp=0x0000002e2a3fd658 mode 3

Classes unloaded (0 events):
No events

Classes redefined (0 events):
No events

Internal exceptions (20 events):
Event: 1.947 Thread 0x000001cdec6b5210 Exception <a 'sun/nio/fs/WindowsException'{0x0000000084d0f5b0}> (0x0000000084d0f5b0) 
thrown [s\src\hotspot\share\prims\jni.cpp, line 516]
Event: 1.947 Thread 0x000001cdec6b5210 Exception <a 'sun/nio/fs/WindowsException'{0x0000000084d0ffb8}> (0x0000000084d0ffb8) 
thrown [s\src\hotspot\share\prims\jni.cpp, line 516]
Event: 1.947 Thread 0x000001cdec6b5210 Exception <a 'sun/nio/fs/WindowsException'{0x0000000084d10378}> (0x0000000084d10378) 
thrown [s\src\hotspot\share\prims\jni.cpp, line 516]
Event: 1.947 Thread 0x000001cdec6b5210 Exception <a 'sun/nio/fs/WindowsException'{0x0000000084d10da0}> (0x0000000084d10da0) 
thrown [s\src\hotspot\share\prims\jni.cpp, line 516]
Event: 1.947 Thread 0x000001cdec6b5210 Exception <a 'sun/nio/fs/WindowsException'{0x0000000084d11180}> (0x0000000084d11180) 
thrown [s\src\hotspot\share\prims\jni.cpp, line 516]
Event: 1.948 Thread 0x000001cdec6b5210 Exception <a 'sun/nio/fs/WindowsException'{0x0000000084c27db0}> (0x0000000084c27db0) 
thrown [s\src\hotspot\share\prims\jni.cpp, line 516]
Event: 1.948 Thread 0x000001cdec6b5210 Exception <a 'sun/nio/fs/WindowsException'{0x0000000084c281a0}> (0x0000000084c281a0) 
thrown [s\src\hotspot\share\prims\jni.cpp, line 516]
Event: 1.948 Thread 0x000001cdec6b5210 Exception <a 'sun/nio/fs/WindowsException'{0x0000000084c28bd0}> (0x0000000084c28bd0) 
thrown [s\src\hotspot\share\prims\jni.cpp, line 516]
Event: 1.948 Thread 0x000001cdec6b5210 Exception <a 'sun/nio/fs/WindowsException'{0x0000000084c28fc0}> (0x0000000084c28fc0) 
thrown [s\src\hotspot\share\prims\jni.cpp, line 516]
Event: 2.287 Thread 0x000001cdec5ac4d0 Exception <a 'java/lang/NoSuchMethodError'{0x000000008b994238}: 'java.lang.Object java.lang.invoke.Invokers$Holder.invoke_MT(java.lang.Object, java.lang.Object, java.lang.Object)'> (0x000000008b994238) 
thrown [s\src\hotspot\share\interpreter\linkResolver.cpp, line 759]
Event: 2.354 Thread 0x000001cdec5ac4d0 Exception <a 'java/lang/NoSuchMethodError'{0x0000000089920740}: 'java.lang.Object java.lang.invoke.DirectMethodHandle$Holder.newInvokeSpecial(java.lang.Object, java.lang.Object, int)'> (0x0000000089920740) 
thrown [s\src\hotspot\share\interpreter\linkResolver.cpp, line 759]
Event: 2.374 Thread 0x000001cdef684b10 Exception <a 'java/lang/NoSuchMethodError'{0x00000000893aac58}: 'void java.lang.invoke.DirectMethodHandle$Holder.invokeVirtual(java.lang.Object, java.lang.Object, java.lang.Object, java.lang.Object)'> (0x00000000893aac58) 
thrown [s\src\hotspot\share\interpreter\linkResolver.cpp, line 759]
Event: 2.460 Thread 0x000001cdef683300 Exception <a 'sun/nio/fs/WindowsException'{0x000000008ba93aa8}> (0x000000008ba93aa8) 
thrown [s\src\hotspot\share\prims\jni.cpp, line 516]
Event: 2.460 Thread 0x000001cdef683300 Exception <a 'sun/nio/fs/WindowsException'{0x000000008ba94608}> (0x000000008ba94608) 
thrown [s\src\hotspot\share\prims\jni.cpp, line 516]
Event: 2.460 Thread 0x000001cdef683300 Exception <a 'sun/nio/fs/WindowsException'{0x000000008ba95128}> (0x000000008ba95128) 
thrown [s\src\hotspot\share\prims\jni.cpp, line 516]
Event: 2.460 Thread 0x000001cdef683300 Exception <a 'sun/nio/fs/WindowsException'{0x000000008ba95d50}> (0x000000008ba95d50) 
thrown [s\src\hotspot\share\prims\jni.cpp, line 516]
Event: 2.461 Thread 0x000001cdef683300 Exception <a 'sun/nio/fs/WindowsException'{0x000000008ba96a18}> (0x000000008ba96a18) 
thrown [s\src\hotspot\share\prims\jni.cpp, line 516]
Event: 2.461 Thread 0x000001cdef683300 Exception <a 'sun/nio/fs/WindowsException'{0x000000008b82ced8}> (0x000000008b82ced8) 
thrown [s\src\hotspot\share\prims\jni.cpp, line 516]
Event: 2.461 Thread 0x000001cdef683300 Exception <a 'sun/nio/fs/WindowsException'{0x000000008b82da38}> (0x000000008b82da38) 
thrown [s\src\hotspot\share\prims\jni.cpp, line 516]
Event: 2.461 Thread 0x000001cdef683300 Exception <a 'sun/nio/fs/WindowsException'{0x000000008b82e558}> (0x000000008b82e558) 
thrown [s\src\hotspot\share\prims\jni.cpp, line 516]

VM Operations (20 events):
Event: 2.373 Executing VM operation: HandshakeAllThreads done
Event: 2.389 Executing VM operation: G1CollectForAllocation
Event: 2.390 Executing VM operation: G1CollectForAllocation done
Event: 2.390 Executing VM operation: G1CollectForAllocation
Event: 2.415 Executing VM operation: G1CollectForAllocation done
Event: 2.415 Executing VM operation: G1CollectForAllocation
Event: 2.416 Executing VM operation: G1CollectForAllocation done
Event: 2.416 Executing VM operation: G1CollectForAllocation
Event: 2.420 Executing VM operation: G1CollectForAllocation done
Event: 2.432 Executing VM operation: G1CollectForAllocation
Event: 2.433 Executing VM operation: G1CollectForAllocation done
Event: 2.433 Executing VM operation: G1CollectForAllocation
Event: 2.435 Executing VM operation: G1CollectForAllocation done
Event: 2.456 Executing VM operation: G1CollectForAllocation
Event: 2.456 Executing VM operation: G1CollectForAllocation done
Event: 2.456 Executing VM operation: G1CollectForAllocation
Event: 2.458 Executing VM operation: G1CollectForAllocation done
Event: 2.462 Executing VM operation: HandshakeAllThreads
Event: 2.464 Executing VM operation: HandshakeAllThreads done
Event: 2.472 Executing VM operation: G1CollectForAllocation

Events (20 events):
Event: 2.355 loading class java/util/concurrent/CompletableFuture$BiRelay
Event: 2.355 loading class java/util/concurrent/CompletableFuture$BiCompletion
Event: 2.355 loading class java/util/concurrent/CompletableFuture$BiCompletion done
Event: 2.355 loading class java/util/concurrent/CompletableFuture$BiRelay done
Event: 2.355 loading class java/util/concurrent/CompletableFuture$CoCompletion
Event: 2.355 loading class java/util/concurrent/CompletableFuture$CoCompletion done
Event: 2.356 Thread 0x000001cdef684b10 Thread added: 0x000001cdef684b10
Event: 2.362 Thread 0x000001cdef6837d0 Thread added: 0x000001cdef6837d0
Event: 2.366 loading class java/time/format/DateTimeFormatterBuilder$ZoneTextPrinterParser
Event: 2.366 loading class java/time/format/DateTimeFormatterBuilder$ZoneTextPrinterParser done
Event: 2.366 loading class java/time/format/DateTimeFormatterBuilder$ReducedPrinterParser
Event: 2.366 loading class java/time/format/DateTimeFormatterBuilder$ReducedPrinterParser done
Event: 2.368 loading class sun/security/provider/MD5
Event: 2.368 loading class sun/security/provider/MD5 done
Event: 2.368 loading class sun/security/provider/ByteArrayAccess$LE
Event: 2.368 loading class sun/security/provider/ByteArrayAccess$LE done
Event: 2.376 loading class jdk/internal/reflect/UnsafeQualifiedObjectFieldAccessorImpl
Event: 2.376 loading class jdk/internal/reflect/UnsafeQualifiedObjectFieldAccessorImpl done
Event: 2.376 loading class jdk/internal/reflect/UnsafeQualifiedLongFieldAccessorImpl
Event: 2.376 loading class jdk/internal/reflect/UnsafeQualifiedLongFieldAccessorImpl done


Dynamic libraries:
0x00007ff7fe150000 - 0x00007ff7fe15e000 	c:\Users\Lester\.vscode\extensions\redhat.java-1.14.0-win32-x64\jre\17.0.5-win32-x86_64\bin\java.exe
0x00007ff9b0f30000 - 0x00007ff9b1144000 	C:\WINDOWS\SYSTEM32\ntdll.dll
0x00007ff9afac0000 - 0x00007ff9afb82000 	C:\WINDOWS\System32\KERNEL32.DLL
0x00007ff9ae7a0000 - 0x00007ff9aeb3d000 	C:\WINDOWS\System32\KERNELBASE.dll
0x00007ff9ae360000 - 0x00007ff9ae471000 	C:\WINDOWS\System32\ucrtbase.dll
0x00007ff988140000 - 0x00007ff988159000 	c:\Users\Lester\.vscode\extensions\redhat.java-1.14.0-win32-x64\jre\17.0.5-win32-x86_64\bin\VCRUNTIME140.dll
0x00007ff988160000 - 0x00007ff988177000 	c:\Users\Lester\.vscode\extensions\redhat.java-1.14.0-win32-x64\jre\17.0.5-win32-x86_64\bin\jli.dll
0x00007ff9b0890000 - 0x00007ff9b0a3a000 	C:\WINDOWS\System32\USER32.dll
0x00007ff989ea0000 - 0x00007ff98a12e000 	C:\WINDOWS\WinSxS\amd64_microsoft.windows.common-controls_6595b64144ccf1df_6.0.22621.608_none_a9444ca7c10bb01d\COMCTL32.dll
0x00007ff9ae4f0000 - 0x00007ff9ae516000 	C:\WINDOWS\System32\win32u.dll
0x00007ff9b0070000 - 0x00007ff9b0117000 	C:\WINDOWS\System32\msvcrt.dll
0x00007ff9b0a40000 - 0x00007ff9b0a69000 	C:\WINDOWS\System32\GDI32.dll
0x00007ff9ae5c0000 - 0x00007ff9ae6d2000 	C:\WINDOWS\System32\gdi32full.dll
0x00007ff9ae520000 - 0x00007ff9ae5ba000 	C:\WINDOWS\System32\msvcp_win.dll
0x00007ff9b0350000 - 0x00007ff9b0382000 	C:\WINDOWS\System32\IMM32.DLL
0x00007ff988620000 - 0x00007ff98862c000 	c:\Users\Lester\.vscode\extensions\redhat.java-1.14.0-win32-x64\jre\17.0.5-win32-x86_64\bin\vcruntime140_1.dll
0x00007ff913eb0000 - 0x00007ff913f41000 	c:\Users\Lester\.vscode\extensions\redhat.java-1.14.0-win32-x64\jre\17.0.5-win32-x86_64\bin\msvcp140.dll
0x00007ff913260000 - 0x00007ff913ea4000 	c:\Users\Lester\.vscode\extensions\redhat.java-1.14.0-win32-x64\jre\17.0.5-win32-x86_64\bin\server\jvm.dll
0x00007ff9aed30000 - 0x00007ff9aedde000 	C:\WINDOWS\System32\ADVAPI32.dll
0x00007ff9afe00000 - 0x00007ff9afea4000 	C:\WINDOWS\System32\sechost.dll
0x00007ff9b0220000 - 0x00007ff9b0335000 	C:\WINDOWS\System32\RPCRT4.dll
0x00007ff991490000 - 0x00007ff991499000 	C:\WINDOWS\SYSTEM32\WSOCK32.dll
0x00007ff9a7990000 - 0x00007ff9a79c4000 	C:\WINDOWS\SYSTEM32\WINMM.dll
0x00007ff9a7560000 - 0x00007ff9a756a000 	C:\WINDOWS\SYSTEM32\VERSION.dll
0x00007ff9afbe0000 - 0x00007ff9afc51000 	C:\WINDOWS\System32\WS2_32.dll
0x00007ff9ad390000 - 0x00007ff9ad3a8000 	C:\WINDOWS\SYSTEM32\kernel.appcore.dll
0x00007ff988110000 - 0x00007ff98811a000 	c:\Users\Lester\.vscode\extensions\redhat.java-1.14.0-win32-x64\jre\17.0.5-win32-x86_64\bin\jimage.dll
0x00007ff9abae0000 - 0x00007ff9abd0e000 	C:\WINDOWS\SYSTEM32\DBGHELP.DLL
0x00007ff9b0390000 - 0x00007ff9b071a000 	C:\WINDOWS\System32\combase.dll
0x00007ff9b07b0000 - 0x00007ff9b0887000 	C:\WINDOWS\System32\OLEAUT32.dll
0x00007ff98a130000 - 0x00007ff98a162000 	C:\WINDOWS\SYSTEM32\dbgcore.DLL
0x00007ff9aeb40000 - 0x00007ff9aebbb000 	C:\WINDOWS\System32\bcryptPrimitives.dll
0x00007ff987360000 - 0x00007ff987385000 	c:\Users\Lester\.vscode\extensions\redhat.java-1.14.0-win32-x64\jre\17.0.5-win32-x86_64\bin\java.dll
0x00007ff9880e0000 - 0x00007ff9880f8000 	c:\Users\Lester\.vscode\extensions\redhat.java-1.14.0-win32-x64\jre\17.0.5-win32-x86_64\bin\zip.dll
0x00007ff9aee50000 - 0x00007ff9af630000 	C:\WINDOWS\System32\SHELL32.dll
0x00007ff9ac350000 - 0x00007ff9acc15000 	C:\WINDOWS\SYSTEM32\windows.storage.dll
0x00007ff9ac210000 - 0x00007ff9ac34e000 	C:\WINDOWS\SYSTEM32\wintypes.dll
0x00007ff9b0120000 - 0x00007ff9b0211000 	C:\WINDOWS\System32\SHCORE.dll
0x00007ff9af910000 - 0x00007ff9af96e000 	C:\WINDOWS\System32\shlwapi.dll
0x00007ff9ae290000 - 0x00007ff9ae2b1000 	C:\WINDOWS\SYSTEM32\profapi.dll
0x00007ff9873e0000 - 0x00007ff9873f9000 	C:\Users\Lester\.vscode\extensions\redhat.java-1.14.0-win32-x64\jre\17.0.5-win32-x86_64\bin\net.dll
0x00007ff9a7810000 - 0x00007ff9a793f000 	C:\WINDOWS\SYSTEM32\WINHTTP.dll
0x00007ff9ad7e0000 - 0x00007ff9ad849000 	C:\WINDOWS\system32\mswsock.dll
0x00007ff9873c0000 - 0x00007ff9873d5000 	C:\Users\Lester\.vscode\extensions\redhat.java-1.14.0-win32-x64\jre\17.0.5-win32-x86_64\bin\nio.dll
0x00007ff9873b0000 - 0x00007ff9873c0000 	c:\Users\Lester\.vscode\extensions\redhat.java-1.14.0-win32-x64\jre\17.0.5-win32-x86_64\bin\verify.dll
0x00007ff9adb90000 - 0x00007ff9adbab000 	C:\WINDOWS\SYSTEM32\CRYPTSP.dll
0x00007ff9ad300000 - 0x00007ff9ad335000 	C:\WINDOWS\system32\rsaenh.dll
0x00007ff9ad880000 - 0x00007ff9ad8a8000 	C:\WINDOWS\SYSTEM32\USERENV.dll
0x00007ff9add00000 - 0x00007ff9add28000 	C:\WINDOWS\SYSTEM32\bcrypt.dll
0x00007ff9adb40000 - 0x00007ff9adb4c000 	C:\WINDOWS\SYSTEM32\CRYPTBASE.dll
0x00007ff9ace70000 - 0x00007ff9ace9d000 	C:\WINDOWS\SYSTEM32\IPHLPAPI.DLL
0x00007ff9af9c0000 - 0x00007ff9af9c9000 	C:\WINDOWS\System32\NSI.dll
0x00007ff9a74a0000 - 0x00007ff9a74b9000 	C:\WINDOWS\SYSTEM32\dhcpcsvc6.DLL
0x00007ff9a7480000 - 0x00007ff9a749f000 	C:\WINDOWS\SYSTEM32\dhcpcsvc.DLL
0x00007ff9acee0000 - 0x00007ff9acfd2000 	C:\WINDOWS\SYSTEM32\DNSAPI.dll
0x00007ff9aa740000 - 0x00007ff9aa749000 	C:\Users\Lester\.vscode\extensions\redhat.java-1.14.0-win32-x64\jre\17.0.5-win32-x86_64\bin\management.dll
0x00007ff9aa730000 - 0x00007ff9aa73b000 	C:\Users\Lester\.vscode\extensions\redhat.java-1.14.0-win32-x64\jre\17.0.5-win32-x86_64\bin\management_ext.dll
0x00007ff9b0720000 - 0x00007ff9b0728000 	C:\WINDOWS\System32\PSAPI.DLL

dbghelp: loaded successfully - version: 4.0.5 - missing functions: none
symbol engine: initialized successfully - sym options: 0x614 - pdb path: .;c:\Users\Lester\.vscode\extensions\redhat.java-1.14.0-win32-x64\jre\17.0.5-win32-x86_64\bin;C:\WINDOWS\SYSTEM32;C:\WINDOWS\WinSxS\amd64_microsoft.windows.common-controls_6595b64144ccf1df_6.0.22621.608_none_a9444ca7c10bb01d;c:\Users\Lester\.vscode\extensions\redhat.java-1.14.0-win32-x64\jre\17.0.5-win32-x86_64\bin\server

VM Arguments:
jvm_args: -Dsts.lsp.client=vscode -Dsts.log.file=/dev/null -XX:TieredStopAtLevel=1 -Xlog:jni+resolve=off -Dspring.config.location=file:c:\Users\Lester\.vscode\extensions\pivotal.vscode-spring-boot-1.43.0\language-server\BOOT-INF\classes\application.properties 
java_command: org.springframework.ide.vscode.boot.app.BootLanguageServerBootApp
java_class_path (initial): c:\Users\Lester\.vscode\extensions\pivotal.vscode-spring-boot-1.43.0\language-server\BOOT-INF\classes;c:\Users\Lester\.vscode\extensions\pivotal.vscode-spring-boot-1.43.0\language-server\BOOT-INF\lib\annotations-23.1.0.jar;c:\Users\Lester\.vscode\extensions\pivotal.vscode-spring-boot-1.43.0\language-server\BOOT-INF\lib\ant-1.10.12.jar;c:\Users\Lester\.vscode\extensions\pivotal.vscode-spring-boot-1.43.0\language-server\BOOT-INF\lib\ant-launcher-1.10.12.jar;c:\Users\Lester\.vscode\extensions\pivotal.vscode-spring-boot-1.43.0\language-server\BOOT-INF\lib\antlr-runtime-3.5.2.jar;c:\Users\Lester\.vscode\extensions\pivotal.vscode-spring-boot-1.43.0\language-server\BOOT-INF\lib\antlr4-4.9.3.jar;c:\Users\Lester\.vscode\extensions\pivotal.vscode-spring-boot-1.43.0\language-server\BOOT-INF\lib\antlr4-runtime-4.9.3.jar;c:\Users\Lester\.vscode\extensions\pivotal.vscode-spring-boot-1.43.0\language-server\BOOT-INF\lib\apiguardian-api-1.1.2.jar;c:\Users\Lester\.vscode\extensions\pivotal.vscode-spring-boot-1.43.0\language-server\BOOT-INF\lib\asm-9.4.jar;c:\Users\Lester\.vscode\extensions\pivotal.vscode-spring-boot-1.43.0\language-server\BOOT-INF\lib\asm-analysis-9.4.jar;c:\Users\Lester\.vscode\extensions\pivotal.vscode-spring-boot-1.43.0\language-server\BOOT-INF\lib\asm-tree-9.4.jar;c:\Users\Lester\.vscode\extensions\pivotal.vscode-spring-boot-1.43.0\language-server\BOOT-INF\lib\asm-util-9.4.jar;c:\Users\Lester\.vscode\extensions\pivotal.vscode-spring-boot-1.43.0\language-server\BOOT-INF\lib\caffeine-3.1.2.jar;c:\Users\Lester\.vscode\extensions\pivotal.vscode-spring-boot-1.43.0\language-server\BOOT-INF\lib\checker-qual-3.12.0.jar;c:\Users\Lester\.vscode\extensions\pivotal.vscode-spring-boot-1.43.0\language-server\BOOT-INF\lib\ci-environment-9.1.0.jar;c:\Users\Lester\.vscode\extensions\pivotal.vscode-spring-boot-1.43.0\language-server\BOOT-INF\lib\classgraph-4.8.149.jar;c:\Users\Lester\.vscode\extensions\pivotal.vscode-spring-boot-1.43.0\language-server\
Launcher Type: SUN_STANDARD

[Global flags]
     intx CICompilerCount                          = 4                                         {product} {ergonomic}
     uint ConcGCThreads                            = 2                                         {product} {ergonomic}
     uint G1ConcRefinementThreads                  = 8                                         {product} {ergonomic}
   size_t G1HeapRegionSize                         = 1048576                                   {product} {ergonomic}
    uintx GCDrainStackTargetSize                   = 64                                        {product} {ergonomic}
   size_t InitialHeapSize                          = 134217728                                 {product} {ergonomic}
   size_t MarkStackSize                            = 4194304                                   {product} {ergonomic}
   size_t MaxHeapSize                              = 2120220672                                {product} {ergonomic}
   size_t MaxNewSize                               = 1271922688                                {product} {ergonomic}
   size_t MinHeapDeltaBytes                        = 1048576                                   {product} {ergonomic}
   size_t MinHeapSize                              = 8388608                                   {product} {ergonomic}
    uintx NonProfiledCodeHeapSize                  = 0                                      {pd product} {ergonomic}
     bool ProfileInterpreter                       = false                                  {pd product} {command line}
    uintx ProfiledCodeHeapSize                     = 0                                      {pd product} {ergonomic}
   size_t SoftMaxHeapSize                          = 2120220672                             {manageable} {ergonomic}
     intx TieredStopAtLevel                        = 1                                         {product} {command line}
     bool UseCompressedClassPointers               = true                           {product lp64_product} {ergonomic}
     bool UseCompressedOops                        = true                           {product lp64_product} {ergonomic}
     bool UseG1GC                                  = true                                      {product} {ergonomic}
     bool UseLargePagesIndividualAllocation        = false                                  {pd product} {ergonomic}

Logging:
Log output configuration:
 #0: stdout all=warning,jni+resolve=off uptime,level,tags
 #1: stderr all=off uptime,level,tags

Environment Variables:
PATH=C:\Program Files\Common Files\Oracle\Java\javapath;C:\Python311\Scripts\;C:\Python311\;C:\Program Files (x86)\Common Files\Oracle\Java\javapath;C:\Windows\system32;C:\Windows;C:\Windows\System32\Wbem;C:\Windows\System32\WindowsPowerShell\v1.0\;C:\Windows\System32\OpenSSH\;C:\Program Files (x86)\NVIDIA Corporation\PhysX\Common;C:\Program Files\NVIDIA Corporation\NVIDIA NvDLISR;C:\Program Files\Docker\Docker\resources\bin;C:\ProgramData\DockerDesktop\version-bin;C:\Program Files\dotnet\;C:\WINDOWS\system32;C:\WINDOWS;C:\WINDOWS\System32\Wbem;C:\WINDOWS\System32\WindowsPowerShell\v1.0\;C:\WINDOWS\System32\OpenSSH\;C:\Program Files\Calibre2\;C:\Program Files\Git\cmd;C:\Program Files\Go\bin;C:\Program Files\nodejs\;C:\ProgramData\chocolatey\bin;C:\Program Files\Microsoft SQL Server\Client SDK\ODBC\170\Tools\Binn\;C:\Program Files (x86)\Microsoft SQL Server\150\Tools\Binn\;C:\Program Files\Microsoft SQL Server\150\Tools\Binn\;C:\Program Files\Microsoft SQL Server\150\DTS\Binn\;C:\Program Files (x86)\Microsoft SQL Server\150\DTS\Binn\;C:\Program Files\Azure Data Studio\bin;C:\TDM-GCC-64\bin;C:\Program Files\MySQL\MySQL Shell 8.0\bin\;C:\Users\Lester\AppData\Local\Microsoft\WindowsApps;C:\Users\Lester\AppData\Local\GitHubDesktop\bin;C:\Users\Lester\go\bin;C:\Users\Lester\AppData\Roaming\npm;C:\Program Files\Azure Data Studio\bin;C:\Users\Lester\.dotnet\tools;C:\Users\Lester\AppData\Local\Programs\Microsoft VS Code\bin
USERNAME=Lester
OS=Windows_NT
PROCESSOR_IDENTIFIER=Intel64 Family 6 Model 158 Stepping 10, GenuineIntel
TMP=C:\Users\Lester\AppData\Local\Temp
TEMP=C:\Users\Lester\AppData\Local\Temp



---------------  S Y S T E M  ---------------

OS:
 Windows 11 , 64 bit Build 22621 (10.0.22621.755)
OS uptime: 0 days 1:11 hours
Hyper-V role detected

CPU: total 8 (initial active 8) (4 cores per cpu, 2 threads per core) family 6 model 158 stepping 10 microcode 0xde, cx8, cmov, fxsr, ht, mmx, 3dnowpref, sse, sse2, sse3, ssse3, sse4.1, sse4.2, popcnt, lzcnt, tsc, tscinvbit, avx, avx2, aes, erms, clmul, bmi1, bmi2, adx, fma, vzeroupper, clflush, clflushopt, hv

Memory: 4k page, system-wide physical 8081M (1963M free)
TotalPageFile size 10129M (AvailPageFile size 250M)
current process WorkingSet (physical memory assigned to process): 257M, peak: 257M
current process commit charge ("private bytes"): 316M, peak: 646M

vm_info: OpenJDK 64-Bit Server VM (17.0.5+8) for windows-amd64 JRE (17.0.5+8), built on Oct 19 2022 04:48:13 by "temurin" with MS VC++ 16.7 (VS2019)

END.
