#
# There is insufficient memory for the Java Runtime Environment to continue.
# Native memory allocation (mmap) failed to map 487587840 bytes for G1 virtual space
# Possible reasons:
#   The system is out of physical RAM or swap space
#   The process is running with CompressedOops enabled, and the Java Heap may be blocking the growth of the native heap
# Possible solutions:
#   Reduce memory load on the system
#   Increase physical memory or swap space
#   Check if swap backing store is full
#   Decrease Java heap size (-Xmx/-Xms)
#   Decrease number of Java threads
#   Decrease Java thread stack sizes (-Xss)
#   Set larger code cache with -XX:ReservedCodeCacheSize=
#   JVM is running with Unscaled Compressed Oops mode in which the Java heap is
#     placed in the first 4GB address space. The Java Heap base address is the
#     maximum limit for the native heap growth. Please use -XX:HeapBaseMinAddress
#     to set the Java Heap base and to place the Java Heap above 4GB virtual address.
# This output file may be truncated or incomplete.
#
#  Out of Memory Error (os_windows.cpp:3548), pid=7048, tid=16756
#
# JRE version: OpenJDK Runtime Environment Temurin-17.0.5+8 (17.0.5+8) (build 17.0.5+8)
# Java VM: OpenJDK 64-Bit Server VM Temurin-17.0.5+8 (17.0.5+8, mixed mode, emulated-client, tiered, compressed oops, compressed class ptrs, g1 gc, windows-amd64)
# No core dump will be written. Minidumps are not enabled by default on client versions of Windows
#

---------------  S U M M A R Y ------------

Command Line: -Dsts.lsp.client=vscode -Dsts.log.file=/dev/null -XX:TieredStopAtLevel=1 -Xlog:jni+resolve=off -Dspring.config.location=file:c:\Users\Lester\.vscode\extensions\pivotal.vscode-spring-boot-1.43.0\language-server\BOOT-INF\classes\application.properties org.springframework.ide.vscode.boot.app.BootLanguageServerBootApp

Host: Intel(R) Core(TM) i5-8300H CPU @ 2.30GHz, 8 cores, 7G,  Windows 11 , 64 bit Build 22621 (10.0.22621.755)
Time: Fri Jan 20 12:19:08 2023 Hora estándar de Cuba elapsed time: 2.665362 seconds (0d 0h 0m 2s)

---------------  T H R E A D  ---------------

Current thread (0x000001876a545070):  VMThread "VM Thread" [stack: 0x0000006ce0600000,0x0000006ce0700000] [id=16756]

Stack: [0x0000006ce0600000,0x0000006ce0700000]
Native frames: (J=compiled Java code, j=interpreted, Vv=VM code, C=native code)
V  [jvm.dll+0x676b3a]
V  [jvm.dll+0x831444]
V  [jvm.dll+0x832bee]
V  [jvm.dll+0x833253]
V  [jvm.dll+0x244ce5]
V  [jvm.dll+0x673a49]
V  [jvm.dll+0x66811a]
V  [jvm.dll+0x303ceb]
V  [jvm.dll+0x30b1e6]
V  [jvm.dll+0x35adbe]
V  [jvm.dll+0x35afef]
V  [jvm.dll+0x2dab88]
V  [jvm.dll+0x2d8e3c]
V  [jvm.dll+0x2d840c]
V  [jvm.dll+0x31c31b]
V  [jvm.dll+0x8376fb]
V  [jvm.dll+0x838434]
V  [jvm.dll+0x83894c]
V  [jvm.dll+0x838d24]
V  [jvm.dll+0x838df0]
V  [jvm.dll+0x7e17ea]
V  [jvm.dll+0x6759e5]
C  [ucrtbase.dll+0x29363]
C  [KERNEL32.DLL+0x1244d]
C  [ntdll.dll+0x5dfb8]

VM_Operation (0x0000006ce34fe0b0): G1CollectForAllocation, mode: safepoint, requested by thread 0x000001876c919070


---------------  P R O C E S S  ---------------

Threads class SMR info:
_java_thread_list=0x000001876fa4dff0, length=46, elements={
0x000001876b013260, 0x000001876a55ede0, 0x000001876a572ce0, 0x000001876a5735a0,
0x000001876a573e60, 0x000001876a574720, 0x000001876a574fe0, 0x000001876b03cca0,
0x000001876b22f940, 0x000001876b23ab20, 0x000001876b23e460, 0x000001876b247300,
0x000001876beefe00, 0x000001876c5e8ed0, 0x000001876c7602c0, 0x000001876c760790,
0x000001875d2366d0, 0x000001876c839030, 0x000001876c8783b0, 0x000001876c888000,
0x000001876c8d9020, 0x000001876c88b4f0, 0x000001876c88b9c0, 0x000001876c8f6380,
0x000001876c8f6850, 0x000001876c919540, 0x000001876c919a10, 0x000001876c917390,
0x000001876c91ad50, 0x000001876c919ee0, 0x000001876c917860, 0x000001876c918200,
0x000001876c91a3b0, 0x000001876c91a880, 0x000001876c918ba0, 0x000001876c917d30,
0x000001876c9186d0, 0x000001876c919070, 0x000001876c9e3b50, 0x000001876c9ea060,
0x000001876c9eaa00, 0x000001876c9e8d20, 0x000001876c9eaed0, 0x000001876c9e8850,
0x000001876c9e6b70, 0x000001876c9e66a0
}

Java Threads: ( => current thread )
  0x000001876b013260 JavaThread "Reference Handler" daemon [_thread_blocked, id=19868, stack(0x0000006ce0700000,0x0000006ce0800000)]
  0x000001876a55ede0 JavaThread "Finalizer" daemon [_thread_blocked, id=10432, stack(0x0000006ce0800000,0x0000006ce0900000)]
  0x000001876a572ce0 JavaThread "Signal Dispatcher" daemon [_thread_blocked, id=19636, stack(0x0000006ce0900000,0x0000006ce0a00000)]
  0x000001876a5735a0 JavaThread "Attach Listener" daemon [_thread_blocked, id=5388, stack(0x0000006ce0a00000,0x0000006ce0b00000)]
  0x000001876a573e60 JavaThread "Service Thread" daemon [_thread_blocked, id=13948, stack(0x0000006ce0b00000,0x0000006ce0c00000)]
  0x000001876a574720 JavaThread "Monitor Deflation Thread" daemon [_thread_blocked, id=6512, stack(0x0000006ce0c00000,0x0000006ce0d00000)]
  0x000001876a574fe0 JavaThread "C1 CompilerThread0" daemon [_thread_blocked, id=8500, stack(0x0000006ce0d00000,0x0000006ce0e00000)]
  0x000001876b03cca0 JavaThread "Sweeper thread" daemon [_thread_blocked, id=3856, stack(0x0000006ce0e00000,0x0000006ce0f00000)]
  0x000001876b22f940 JavaThread "C1 CompilerThread1" daemon [_thread_blocked, id=19864, stack(0x0000006ce0f00000,0x0000006ce1000000)]
  0x000001876b23ab20 JavaThread "C1 CompilerThread2" daemon [_thread_blocked, id=12088, stack(0x0000006ce1000000,0x0000006ce1100000)]
  0x000001876b23e460 JavaThread "Notification Thread" daemon [_thread_blocked, id=9184, stack(0x0000006ce1100000,0x0000006ce1200000)]
  0x000001876b247300 JavaThread "Common-Cleaner" daemon [_thread_blocked, id=13816, stack(0x0000006ce1300000,0x0000006ce1400000)]
  0x000001876beefe00 JavaThread "C1 CompilerThread3" daemon [_thread_blocked, id=11300, stack(0x0000006ce1800000,0x0000006ce1900000)]
  0x000001876c5e8ed0 JavaThread "boundedElastic-evictor-1" daemon [_thread_blocked, id=5340, stack(0x0000006ce1c00000,0x0000006ce1d00000)]
  0x000001876c7602c0 JavaThread "pool-11-thread-1" [_thread_blocked, id=16476, stack(0x0000006ce1e00000,0x0000006ce1f00000)]
  0x000001876c760790 JavaThread "LanguageServerApp-lifecycle" [_thread_blocked, id=6128, stack(0x0000006ce1f00000,0x0000006ce2000000)]
  0x000001875d2366d0 JavaThread "DestroyJavaVM" [_thread_blocked, id=19520, stack(0x0000006ce0000000,0x0000006ce0100000)]
  0x000001876c839030 JavaThread "pool-12-thread-1" [_thread_in_native, id=12124, stack(0x0000006ce2000000,0x0000006ce2100000)]
  0x000001876c8783b0 JavaThread "Simple-Language-Server main thread" daemon [_thread_blocked, id=14424, stack(0x0000006ce2100000,0x0000006ce2200000)]
  0x000001876c888000 JavaThread "pool-8-thread-1" [_thread_blocked, id=9428, stack(0x0000006ce2200000,0x0000006ce2300000)]
  0x000001876c8d9020 JavaThread "parallel-1" daemon [_thread_blocked, id=2068, stack(0x0000006ce2300000,0x0000006ce2400000)]
  0x000001876c88b4f0 JavaThread "parallel-2" daemon [_thread_blocked, id=2232, stack(0x0000006ce2400000,0x0000006ce2500000)]
  0x000001876c88b9c0 JavaThread "parallel-3" daemon [_thread_blocked, id=4200, stack(0x0000006ce2500000,0x0000006ce2600000)]
  0x000001876c8f6380 JavaThread "parallel-4" daemon [_thread_blocked, id=11712, stack(0x0000006ce2600000,0x0000006ce2700000)]
  0x000001876c8f6850 JavaThread "ForkJoinPool.commonPool-worker-1" daemon [_thread_blocked, id=10596, stack(0x0000006ce2700000,0x0000006ce2800000)]
  0x000001876c919540 JavaThread "pool-5-thread-1" [_thread_blocked, id=1292, stack(0x0000006ce2800000,0x0000006ce2900000)]
  0x000001876c919a10 JavaThread "ForkJoinPool.commonPool-worker-2" daemon [_thread_blocked, id=13552, stack(0x0000006ce2900000,0x0000006ce2a00000)]
  0x000001876c917390 JavaThread "parallel-5" daemon [_thread_blocked, id=20368, stack(0x0000006ce2a00000,0x0000006ce2b00000)]
  0x000001876c91ad50 JavaThread "ClassGraph-worker-0" daemon [_thread_blocked, id=17724, stack(0x0000006ce2b00000,0x0000006ce2c00000)]
  0x000001876c919ee0 JavaThread "ClassGraph-worker-1" daemon [_thread_blocked, id=12336, stack(0x0000006ce2c00000,0x0000006ce2d00000)]
  0x000001876c917860 JavaThread "ClassGraph-worker-2" daemon [_thread_blocked, id=13984, stack(0x0000006ce2d00000,0x0000006ce2e00000)]
  0x000001876c918200 JavaThread "ClassGraph-worker-3" daemon [_thread_blocked, id=3460, stack(0x0000006ce2e00000,0x0000006ce2f00000)]
  0x000001876c91a3b0 JavaThread "ClassGraph-worker-4" daemon [_thread_blocked, id=15004, stack(0x0000006ce2f00000,0x0000006ce3000000)]
  0x000001876c91a880 JavaThread "ClassGraph-worker-5" daemon [_thread_blocked, id=4848, stack(0x0000006ce3000000,0x0000006ce3100000)]
  0x000001876c918ba0 JavaThread "ClassGraph-worker-6" daemon [_thread_blocked, id=14188, stack(0x0000006ce3100000,0x0000006ce3200000)]
  0x000001876c917d30 JavaThread "ClassGraph-worker-7" daemon [_thread_blocked, id=13812, stack(0x0000006ce3200000,0x0000006ce3300000)]
  0x000001876c9186d0 JavaThread "ClassGraph-worker-8" daemon [_thread_blocked, id=9704, stack(0x0000006ce3300000,0x0000006ce3400000)]
  0x000001876c919070 JavaThread "ClassGraph-worker-9" daemon [_thread_blocked, id=3208, stack(0x0000006ce3400000,0x0000006ce3500000)]
  0x000001876c9e3b50 JavaThread "ClassGraph-worker-10" daemon [_thread_blocked, id=15840, stack(0x0000006ce3500000,0x0000006ce3600000)]
  0x000001876c9ea060 JavaThread "ClassGraph-worker-11" daemon [_thread_blocked, id=68, stack(0x0000006ce3600000,0x0000006ce3700000)]
  0x000001876c9eaa00 JavaThread "ClassGraph-worker-12" daemon [_thread_blocked, id=6504, stack(0x0000006ce3700000,0x0000006ce3800000)]
  0x000001876c9e8d20 JavaThread "ClassGraph-worker-13" daemon [_thread_blocked, id=13180, stack(0x0000006ce3800000,0x0000006ce3900000)]
  0x000001876c9eaed0 JavaThread "Reconciler-1" daemon [_thread_blocked, id=10384, stack(0x0000006ce3900000,0x0000006ce3a00000)]
  0x000001876c9e8850 JavaThread "pool-6-thread-1" [_thread_blocked, id=2452, stack(0x0000006ce3e00000,0x0000006ce3f00000)]
  0x000001876c9e6b70 JavaThread "pool-10-thread-1" [_thread_blocked, id=12168, stack(0x0000006ce3f00000,0x0000006ce4000000)]
  0x000001876c9e66a0 JavaThread "pool-10-thread-2" [_thread_blocked, id=14100, stack(0x0000006ce4000000,0x0000006ce4100000)]

Other Threads:
=>0x000001876a545070 VMThread "VM Thread" [stack: 0x0000006ce0600000,0x0000006ce0700000] [id=16756]
  0x000001876b23a6a0 WatcherThread [stack: 0x0000006ce1200000,0x0000006ce1300000] [id=15064]
  0x000001875d291e30 GCTaskThread "GC Thread#0" [stack: 0x0000006ce0100000,0x0000006ce0200000] [id=20316]
  0x000001876bdf0a70 GCTaskThread "GC Thread#1" [stack: 0x0000006ce1400000,0x0000006ce1500000] [id=8616]
  0x000001876be0d7e0 GCTaskThread "GC Thread#2" [stack: 0x0000006ce1500000,0x0000006ce1600000] [id=4316]
  0x000001876be7ecb0 GCTaskThread "GC Thread#3" [stack: 0x0000006ce1600000,0x0000006ce1700000] [id=14640]
  0x000001876be82f70 GCTaskThread "GC Thread#4" [stack: 0x0000006ce1700000,0x0000006ce1800000] [id=1636]
  0x000001876c102740 GCTaskThread "GC Thread#5" [stack: 0x0000006ce1900000,0x0000006ce1a00000] [id=3152]
  0x000001876c1029f0 GCTaskThread "GC Thread#6" [stack: 0x0000006ce1a00000,0x0000006ce1b00000] [id=18856]
  0x000001876c102ca0 GCTaskThread "GC Thread#7" [stack: 0x0000006ce1b00000,0x0000006ce1c00000] [id=6784]
  0x000001875d2a2f50 ConcurrentGCThread "G1 Main Marker" [stack: 0x0000006ce0200000,0x0000006ce0300000] [id=1840]
  0x000001875d2a4880 ConcurrentGCThread "G1 Conc#0" [stack: 0x0000006ce0300000,0x0000006ce0400000] [id=14052]
  0x000001876c2b8a70 ConcurrentGCThread "G1 Conc#1" [stack: 0x0000006ce1d00000,0x0000006ce1e00000] [id=6672]
  0x000001875d2ed820 ConcurrentGCThread "G1 Refine#0" [stack: 0x0000006ce0400000,0x0000006ce0500000] [id=20064]
  0x000001876fa81c40 ConcurrentGCThread "G1 Refine#1" [stack: 0x0000006ce3a00000,0x0000006ce3b00000] [id=3544]
  0x000001876fa1d5c0 ConcurrentGCThread "G1 Refine#2" [stack: 0x0000006ce3b00000,0x0000006ce3c00000] [id=5728]
  0x000001876f89ac30 ConcurrentGCThread "G1 Refine#3" [stack: 0x0000006ce3c00000,0x0000006ce3d00000] [id=3720]
  0x000001876fb320b0 ConcurrentGCThread "G1 Refine#4" [stack: 0x0000006ce3d00000,0x0000006ce3e00000] [id=17364]
  0x000001876fb91200 ConcurrentGCThread "G1 Refine#5" [stack: 0x0000006ce4100000,0x0000006ce4200000] [id=10208]
  0x000001875d2edff0 ConcurrentGCThread "G1 Service" [stack: 0x0000006ce0500000,0x0000006ce0600000] [id=20224]

Threads with active compile tasks:

VM state: at safepoint (normal execution)

VM Mutex/Monitor currently owned by a thread:  ([mutex/lock_event])
[0x000001875aef2380] Threads_lock - owner thread: 0x000001876a545070
[0x000001875d2347b0] Heap_lock - owner thread: 0x000001876c919070

Heap address: 0x0000000081a00000, size: 2022 MB, Compressed Oops mode: 32-bit

CDS archive(s) not mapped
Compressed class space mapped at: 0x0000000100000000-0x0000000140000000, reserved size: 1073741824
Narrow klass base: 0x0000000000000000, Narrow klass shift: 3, Narrow klass range: 0x140000000

GC Precious Log:
 CPUs: 8 total, 8 available
 Memory: 8081M
 Large Page Support: Disabled
 NUMA Support: Disabled
 Compressed Oops: Enabled (32-bit)
 Heap Region Size: 1M
 Heap Min Capacity: 8M
 Heap Initial Capacity: 128M
 Heap Max Capacity: 2022M
 Pre-touch: Disabled
 Parallel Workers: 8
 Concurrent Workers: 2
 Concurrent Refinement Workers: 8
 Periodic GC: Disabled

Heap:
 garbage-first heap   total 249856K, used 89571K [0x0000000081a00000, 0x0000000100000000)
  region size 1024K, 11 young (11264K), 11 survivors (11264K)
 Metaspace       used 40514K, committed 40896K, reserved 1089536K
  class space    used 5212K, committed 5376K, reserved 1048576K

Heap Regions: E=young(eden), S=young(survivor), O=old, HS=humongous(starts), HC=humongous(continues), CS=collection set, F=free, OA=open archive, CA=closed archive, TAMS=top-at-mark-start (previous, next)
|   0|0x0000000081a00000, 0x0000000081b00000, 0x0000000081b00000|100%| O|  |TAMS 0x0000000081b00000, 0x0000000081a00000| Untracked 
|   1|0x0000000081b00000, 0x0000000081c00000, 0x0000000081c00000|100%| O|  |TAMS 0x0000000081c00000, 0x0000000081b00000| Untracked 
|   2|0x0000000081c00000, 0x0000000081d00000, 0x0000000081d00000|100%| O|  |TAMS 0x0000000081d00000, 0x0000000081c00000| Untracked 
|   3|0x0000000081d00000, 0x0000000081e00000, 0x0000000081e00000|100%| O|  |TAMS 0x0000000081e00000, 0x0000000081d00000| Untracked 
|   4|0x0000000081e00000, 0x0000000081f00000, 0x0000000081f00000|100%| O|  |TAMS 0x0000000081f00000, 0x0000000081e00000| Untracked 
|   5|0x0000000081f00000, 0x0000000082000000, 0x0000000082000000|100%| O|  |TAMS 0x0000000082000000, 0x0000000081f00000| Untracked 
|   6|0x0000000082000000, 0x0000000082100000, 0x0000000082100000|100%| O|  |TAMS 0x0000000082100000, 0x0000000082000000| Untracked 
|   7|0x0000000082100000, 0x0000000082200000, 0x0000000082200000|100%| O|  |TAMS 0x0000000082200000, 0x0000000082100000| Untracked 
|   8|0x0000000082200000, 0x0000000082300000, 0x0000000082300000|100%| O|  |TAMS 0x0000000082300000, 0x0000000082200000| Untracked 
|   9|0x0000000082300000, 0x0000000082400000, 0x0000000082400000|100%| O|  |TAMS 0x0000000082400000, 0x0000000082300000| Untracked 
|  10|0x0000000082400000, 0x0000000082500000, 0x0000000082500000|100%| O|  |TAMS 0x0000000082500000, 0x0000000082400000| Untracked 
|  11|0x0000000082500000, 0x0000000082600000, 0x0000000082600000|100%| O|  |TAMS 0x0000000082600000, 0x0000000082500000| Untracked 
|  12|0x0000000082600000, 0x0000000082700000, 0x0000000082700000|100%| O|  |TAMS 0x0000000082700000, 0x0000000082600000| Untracked 
|  13|0x0000000082700000, 0x0000000082800000, 0x0000000082800000|100%| O|  |TAMS 0x0000000082800000, 0x0000000082700000| Untracked 
|  14|0x0000000082800000, 0x0000000082900000, 0x0000000082900000|100%| O|  |TAMS 0x0000000082900000, 0x0000000082800000| Untracked 
|  15|0x0000000082900000, 0x0000000082a00000, 0x0000000082a00000|100%| O|  |TAMS 0x0000000082a00000, 0x0000000082900000| Untracked 
|  16|0x0000000082a00000, 0x0000000082b00000, 0x0000000082b00000|100%| O|  |TAMS 0x0000000082b00000, 0x0000000082a00000| Untracked 
|  17|0x0000000082b00000, 0x0000000082c00000, 0x0000000082c00000|100%| O|  |TAMS 0x0000000082c00000, 0x0000000082b00000| Untracked 
|  18|0x0000000082c00000, 0x0000000082c00000, 0x0000000082d00000|  0%| F|  |TAMS 0x0000000082c00000, 0x0000000082c00000| Untracked 
|  19|0x0000000082d00000, 0x0000000082e00000, 0x0000000082e00000|100%| O|  |TAMS 0x0000000082e00000, 0x0000000082d00000| Untracked 
|  20|0x0000000082e00000, 0x0000000082f00000, 0x0000000082f00000|100%| O|  |TAMS 0x0000000082f00000, 0x0000000082e00000| Untracked 
|  21|0x0000000082f00000, 0x0000000083000000, 0x0000000083000000|100%| O|  |TAMS 0x0000000083000000, 0x0000000082f00000| Untracked 
|  22|0x0000000083000000, 0x0000000083100000, 0x0000000083100000|100%| O|  |TAMS 0x0000000083100000, 0x0000000083000000| Untracked 
|  23|0x0000000083100000, 0x0000000083200000, 0x0000000083200000|100%| O|  |TAMS 0x0000000083200000, 0x0000000083100000| Untracked 
|  24|0x0000000083200000, 0x0000000083300000, 0x0000000083300000|100%| O|  |TAMS 0x0000000083300000, 0x0000000083200000| Untracked 
|  25|0x0000000083300000, 0x0000000083400000, 0x0000000083400000|100%| O|  |TAMS 0x0000000083400000, 0x0000000083300000| Untracked 
|  26|0x0000000083400000, 0x0000000083500000, 0x0000000083500000|100%| O|  |TAMS 0x0000000083500000, 0x0000000083400000| Untracked 
|  27|0x0000000083500000, 0x0000000083600000, 0x0000000083600000|100%| O|  |TAMS 0x0000000083600000, 0x0000000083500000| Untracked 
|  28|0x0000000083600000, 0x0000000083700000, 0x0000000083700000|100%| O|  |TAMS 0x0000000083700000, 0x0000000083600000| Untracked 
|  29|0x0000000083700000, 0x0000000083800000, 0x0000000083800000|100%| O|  |TAMS 0x0000000083800000, 0x0000000083700000| Untracked 
|  30|0x0000000083800000, 0x0000000083900000, 0x0000000083900000|100%| O|  |TAMS 0x0000000083900000, 0x0000000083800000| Untracked 
|  31|0x0000000083900000, 0x0000000083a00000, 0x0000000083a00000|100%| O|  |TAMS 0x0000000083a00000, 0x0000000083900000| Untracked 
|  32|0x0000000083a00000, 0x0000000083b00000, 0x0000000083b00000|100%| O|  |TAMS 0x0000000083b00000, 0x0000000083a00000| Untracked 
|  33|0x0000000083b00000, 0x0000000083c00000, 0x0000000083c00000|100%| O|  |TAMS 0x0000000083c00000, 0x0000000083b00000| Untracked 
|  34|0x0000000083c00000, 0x0000000083d00000, 0x0000000083d00000|100%| O|  |TAMS 0x0000000083d00000, 0x0000000083c00000| Untracked 
|  35|0x0000000083d00000, 0x0000000083e00000, 0x0000000083e00000|100%| O|  |TAMS 0x0000000083e00000, 0x0000000083d00000| Untracked 
|  36|0x0000000083e00000, 0x0000000083f00000, 0x0000000083f00000|100%| O|  |TAMS 0x0000000083f00000, 0x0000000083e00000| Untracked 
|  37|0x0000000083f00000, 0x0000000084000000, 0x0000000084000000|100%| O|  |TAMS 0x0000000084000000, 0x0000000083f00000| Untracked 
|  38|0x0000000084000000, 0x0000000084100000, 0x0000000084100000|100%| O|  |TAMS 0x0000000084100000, 0x0000000084000000| Untracked 
|  39|0x0000000084100000, 0x0000000084200000, 0x0000000084200000|100%| O|  |TAMS 0x0000000084200000, 0x0000000084100000| Untracked 
|  40|0x0000000084200000, 0x0000000084300000, 0x0000000084300000|100%| O|  |TAMS 0x0000000084300000, 0x0000000084200000| Untracked 
|  41|0x0000000084300000, 0x0000000084400000, 0x0000000084400000|100%| O|  |TAMS 0x0000000084400000, 0x0000000084300000| Untracked 
|  42|0x0000000084400000, 0x0000000084500000, 0x0000000084500000|100%| O|  |TAMS 0x0000000084500000, 0x0000000084400000| Untracked 
|  43|0x0000000084500000, 0x0000000084600000, 0x0000000084600000|100%| O|  |TAMS 0x0000000084600000, 0x0000000084500000| Untracked 
|  44|0x0000000084600000, 0x0000000084700000, 0x0000000084700000|100%| O|  |TAMS 0x0000000084700000, 0x0000000084600000| Untracked 
|  45|0x0000000084700000, 0x0000000084800000, 0x0000000084800000|100%| O|  |TAMS 0x0000000084700000, 0x0000000084700000| Untracked 
|  46|0x0000000084800000, 0x0000000084900000, 0x0000000084900000|100%| O|  |TAMS 0x0000000084800000, 0x0000000084800000| Untracked 
|  47|0x0000000084900000, 0x0000000084a00000, 0x0000000084a00000|100%| O|  |TAMS 0x0000000084900000, 0x0000000084900000| Untracked 
|  48|0x0000000084a00000, 0x0000000084b00000, 0x0000000084b00000|100%| O|  |TAMS 0x0000000084a00000, 0x0000000084a00000| Untracked 
|  49|0x0000000084b00000, 0x0000000084c00000, 0x0000000084c00000|100%| O|  |TAMS 0x0000000084b00000, 0x0000000084b00000| Untracked 
|  50|0x0000000084c00000, 0x0000000084d00000, 0x0000000084d00000|100%|HS|  |TAMS 0x0000000084c00000, 0x0000000084c00000| Complete 
|  51|0x0000000084d00000, 0x0000000084e00000, 0x0000000084e00000|100%|HS|  |TAMS 0x0000000084d00000, 0x0000000084d00000| Complete 
|  52|0x0000000084e00000, 0x0000000084f00000, 0x0000000084f00000|100%| O|  |TAMS 0x0000000084e00000, 0x0000000084e00000| Untracked 
|  53|0x0000000084f00000, 0x0000000085000000, 0x0000000085000000|100%| O|  |TAMS 0x0000000084f00000, 0x0000000084f00000| Untracked 
|  54|0x0000000085000000, 0x0000000085100000, 0x0000000085100000|100%| O|  |TAMS 0x0000000085000000, 0x0000000085000000| Untracked 
|  55|0x0000000085100000, 0x0000000085200000, 0x0000000085200000|100%| O|  |TAMS 0x0000000085100000, 0x0000000085100000| Untracked 
|  56|0x0000000085200000, 0x0000000085300000, 0x0000000085300000|100%| O|  |TAMS 0x0000000085200000, 0x0000000085200000| Untracked 
|  57|0x0000000085300000, 0x0000000085400000, 0x0000000085400000|100%| O|  |TAMS 0x0000000085300000, 0x0000000085300000| Untracked 
|  58|0x0000000085400000, 0x0000000085500000, 0x0000000085500000|100%| O|  |TAMS 0x0000000085400000, 0x0000000085400000| Untracked 
|  59|0x0000000085500000, 0x0000000085600000, 0x0000000085600000|100%| O|  |TAMS 0x0000000085500000, 0x0000000085500000| Untracked 
|  60|0x0000000085600000, 0x0000000085700000, 0x0000000085700000|100%| O|  |TAMS 0x0000000085600000, 0x0000000085600000| Untracked 
|  61|0x0000000085700000, 0x0000000085800000, 0x0000000085800000|100%| O|  |TAMS 0x0000000085700000, 0x0000000085700000| Untracked 
|  62|0x0000000085800000, 0x0000000085900000, 0x0000000085900000|100%| O|  |TAMS 0x0000000085800000, 0x0000000085800000| Untracked 
|  63|0x0000000085900000, 0x0000000085a00000, 0x0000000085a00000|100%|HS|  |TAMS 0x0000000085900000, 0x0000000085900000| Complete 
|  64|0x0000000085a00000, 0x0000000085b00000, 0x0000000085b00000|100%| O|  |TAMS 0x0000000085a00000, 0x0000000085a00000| Untracked 
|  65|0x0000000085b00000, 0x0000000085c00000, 0x0000000085c00000|100%| O|  |TAMS 0x0000000085b00000, 0x0000000085b00000| Untracked 
|  66|0x0000000085c00000, 0x0000000085d00000, 0x0000000085d00000|100%| O|  |TAMS 0x0000000085c00000, 0x0000000085c00000| Untracked 
|  67|0x0000000085d00000, 0x0000000085e00000, 0x0000000085e00000|100%| O|  |TAMS 0x0000000085d00000, 0x0000000085d00000| Untracked 
|  68|0x0000000085e00000, 0x0000000085f00000, 0x0000000085f00000|100%| O|  |TAMS 0x0000000085e00000, 0x0000000085e00000| Untracked 
|  69|0x0000000085f00000, 0x0000000086000000, 0x0000000086000000|100%| O|  |TAMS 0x0000000085f00000, 0x0000000085f00000| Untracked 
|  70|0x0000000086000000, 0x0000000086100000, 0x0000000086100000|100%| O|  |TAMS 0x0000000086000000, 0x0000000086000000| Untracked 
|  71|0x0000000086100000, 0x0000000086200000, 0x0000000086200000|100%| O|  |TAMS 0x0000000086100000, 0x0000000086100000| Untracked 
|  72|0x0000000086200000, 0x0000000086300000, 0x0000000086300000|100%| O|  |TAMS 0x0000000086200000, 0x0000000086200000| Untracked 
|  73|0x0000000086300000, 0x0000000086400000, 0x0000000086400000|100%| O|  |TAMS 0x0000000086300000, 0x0000000086300000| Untracked 
|  74|0x0000000086400000, 0x0000000086500000, 0x0000000086500000|100%| O|  |TAMS 0x0000000086400000, 0x0000000086400000| Untracked 
|  75|0x0000000086500000, 0x0000000086600000, 0x0000000086600000|100%| O|  |TAMS 0x0000000086500000, 0x0000000086500000| Untracked 
|  76|0x0000000086600000, 0x0000000086700000, 0x0000000086700000|100%| O|  |TAMS 0x0000000086600000, 0x0000000086600000| Untracked 
|  77|0x0000000086700000, 0x0000000086779c00, 0x0000000086800000| 47%| O|  |TAMS 0x0000000086700000, 0x0000000086700000| Untracked 
|  78|0x0000000086800000, 0x0000000086800000, 0x0000000086900000|  0%| F|  |TAMS 0x0000000086800000, 0x0000000086800000| Untracked 
|  79|0x0000000086900000, 0x0000000086900000, 0x0000000086a00000|  0%| F|  |TAMS 0x0000000086900000, 0x0000000086900000| Untracked 
|  80|0x0000000086a00000, 0x0000000086a00000, 0x0000000086b00000|  0%| F|  |TAMS 0x0000000086a00000, 0x0000000086a00000| Untracked 
|  81|0x0000000086b00000, 0x0000000086b00000, 0x0000000086c00000|  0%| F|  |TAMS 0x0000000086b00000, 0x0000000086b00000| Untracked 
|  82|0x0000000086c00000, 0x0000000086c00000, 0x0000000086d00000|  0%| F|  |TAMS 0x0000000086c00000, 0x0000000086c00000| Untracked 
|  83|0x0000000086d00000, 0x0000000086d00000, 0x0000000086e00000|  0%| F|  |TAMS 0x0000000086d00000, 0x0000000086d00000| Untracked 
|  84|0x0000000086e00000, 0x0000000086e00000, 0x0000000086f00000|  0%| F|  |TAMS 0x0000000086e00000, 0x0000000086e00000| Untracked 
|  85|0x0000000086f00000, 0x0000000086f00000, 0x0000000087000000|  0%| F|  |TAMS 0x0000000086f00000, 0x0000000086f00000| Untracked 
|  86|0x0000000087000000, 0x0000000087000000, 0x0000000087100000|  0%| F|  |TAMS 0x0000000087000000, 0x0000000087000000| Untracked 
|  87|0x0000000087100000, 0x0000000087100000, 0x0000000087200000|  0%| F|  |TAMS 0x0000000087100000, 0x0000000087100000| Untracked 
|  88|0x0000000087200000, 0x0000000087200000, 0x0000000087300000|  0%| F|  |TAMS 0x0000000087200000, 0x0000000087200000| Untracked 
|  89|0x0000000087300000, 0x0000000087300000, 0x0000000087400000|  0%| F|  |TAMS 0x0000000087300000, 0x0000000087300000| Untracked 
|  90|0x0000000087400000, 0x0000000087400000, 0x0000000087500000|  0%| F|  |TAMS 0x0000000087400000, 0x0000000087400000| Untracked 
|  91|0x0000000087500000, 0x0000000087500000, 0x0000000087600000|  0%| F|  |TAMS 0x0000000087500000, 0x0000000087500000| Untracked 
|  92|0x0000000087600000, 0x0000000087600000, 0x0000000087700000|  0%| F|  |TAMS 0x0000000087600000, 0x0000000087600000| Untracked 
|  93|0x0000000087700000, 0x0000000087700000, 0x0000000087800000|  0%| F|  |TAMS 0x0000000087700000, 0x0000000087700000| Untracked 
|  94|0x0000000087800000, 0x0000000087800000, 0x0000000087900000|  0%| F|  |TAMS 0x0000000087800000, 0x0000000087800000| Untracked 
|  95|0x0000000087900000, 0x0000000087900000, 0x0000000087a00000|  0%| F|  |TAMS 0x0000000087900000, 0x0000000087900000| Untracked 
|  96|0x0000000087a00000, 0x0000000087a00000, 0x0000000087b00000|  0%| F|  |TAMS 0x0000000087a00000, 0x0000000087a00000| Untracked 
|  97|0x0000000087b00000, 0x0000000087b00000, 0x0000000087c00000|  0%| F|  |TAMS 0x0000000087b00000, 0x0000000087b00000| Untracked 
|  98|0x0000000087c00000, 0x0000000087c00000, 0x0000000087d00000|  0%| F|  |TAMS 0x0000000087c00000, 0x0000000087c00000| Untracked 
|  99|0x0000000087d00000, 0x0000000087d00000, 0x0000000087e00000|  0%| F|  |TAMS 0x0000000087d00000, 0x0000000087d00000| Untracked 
| 100|0x0000000087e00000, 0x0000000087e00000, 0x0000000087f00000|  0%| F|  |TAMS 0x0000000087e00000, 0x0000000087e00000| Untracked 
| 101|0x0000000087f00000, 0x0000000087f00000, 0x0000000088000000|  0%| F|  |TAMS 0x0000000087f00000, 0x0000000087f00000| Untracked 
| 102|0x0000000088000000, 0x0000000088000000, 0x0000000088100000|  0%| F|  |TAMS 0x0000000088000000, 0x0000000088000000| Untracked 
| 103|0x0000000088100000, 0x0000000088100000, 0x0000000088200000|  0%| F|  |TAMS 0x0000000088100000, 0x0000000088100000| Untracked 
| 104|0x0000000088200000, 0x0000000088200000, 0x0000000088300000|  0%| F|  |TAMS 0x0000000088200000, 0x0000000088200000| Untracked 
| 105|0x0000000088300000, 0x0000000088300000, 0x0000000088400000|  0%| F|  |TAMS 0x0000000088300000, 0x0000000088300000| Untracked 
| 106|0x0000000088400000, 0x0000000088400000, 0x0000000088500000|  0%| F|  |TAMS 0x0000000088400000, 0x0000000088400000| Untracked 
| 107|0x0000000088500000, 0x0000000088500000, 0x0000000088600000|  0%| F|  |TAMS 0x0000000088500000, 0x0000000088500000| Untracked 
| 108|0x0000000088600000, 0x0000000088600000, 0x0000000088700000|  0%| F|  |TAMS 0x0000000088600000, 0x0000000088600000| Untracked 
| 109|0x0000000088700000, 0x0000000088700000, 0x0000000088800000|  0%| F|  |TAMS 0x0000000088700000, 0x0000000088700000| Untracked 
| 110|0x0000000088800000, 0x0000000088800000, 0x0000000088900000|  0%| F|  |TAMS 0x0000000088800000, 0x0000000088800000| Untracked 
| 111|0x0000000088900000, 0x0000000088900000, 0x0000000088a00000|  0%| F|  |TAMS 0x0000000088900000, 0x0000000088900000| Untracked 
| 112|0x0000000088a00000, 0x0000000088a00000, 0x0000000088b00000|  0%| F|  |TAMS 0x0000000088a00000, 0x0000000088a00000| Untracked 
| 113|0x0000000088b00000, 0x0000000088b00000, 0x0000000088c00000|  0%| F|  |TAMS 0x0000000088b00000, 0x0000000088b00000| Untracked 
| 114|0x0000000088c00000, 0x0000000088c00000, 0x0000000088d00000|  0%| F|  |TAMS 0x0000000088c00000, 0x0000000088c00000| Untracked 
| 115|0x0000000088d00000, 0x0000000088d00000, 0x0000000088e00000|  0%| F|  |TAMS 0x0000000088d00000, 0x0000000088d00000| Untracked 
| 116|0x0000000088e00000, 0x0000000088e00000, 0x0000000088f00000|  0%| F|  |TAMS 0x0000000088e00000, 0x0000000088e00000| Untracked 
| 117|0x0000000088f00000, 0x0000000088f00000, 0x0000000089000000|  0%| F|  |TAMS 0x0000000088f00000, 0x0000000088f00000| Untracked 
| 118|0x0000000089000000, 0x0000000089000000, 0x0000000089100000|  0%| F|  |TAMS 0x0000000089000000, 0x0000000089000000| Untracked 
| 119|0x0000000089100000, 0x0000000089100000, 0x0000000089200000|  0%| F|  |TAMS 0x0000000089100000, 0x0000000089100000| Untracked 
| 120|0x0000000089200000, 0x0000000089200000, 0x0000000089300000|  0%| F|  |TAMS 0x0000000089200000, 0x0000000089200000| Untracked 
| 121|0x0000000089300000, 0x0000000089300000, 0x0000000089400000|  0%| F|  |TAMS 0x0000000089300000, 0x0000000089300000| Untracked 
| 122|0x0000000089400000, 0x0000000089400000, 0x0000000089500000|  0%| F|  |TAMS 0x0000000089400000, 0x0000000089400000| Untracked 
| 123|0x0000000089500000, 0x0000000089500000, 0x0000000089600000|  0%| F|  |TAMS 0x0000000089500000, 0x0000000089500000| Untracked 
| 124|0x0000000089600000, 0x0000000089600000, 0x0000000089700000|  0%| F|  |TAMS 0x0000000089600000, 0x0000000089600000| Untracked 
| 125|0x0000000089700000, 0x0000000089700000, 0x0000000089800000|  0%| F|  |TAMS 0x0000000089700000, 0x0000000089700000| Untracked 
| 126|0x0000000089800000, 0x0000000089800000, 0x0000000089900000|  0%| F|  |TAMS 0x0000000089800000, 0x0000000089800000| Untracked 
| 127|0x0000000089900000, 0x0000000089900000, 0x0000000089a00000|  0%| F|  |TAMS 0x0000000089900000, 0x0000000089900000| Untracked 
| 128|0x0000000089a00000, 0x0000000089aff3a0, 0x0000000089b00000| 99%| S|CS|TAMS 0x0000000089a00000, 0x0000000089a00000| Complete 
| 129|0x0000000089b00000, 0x0000000089c00000, 0x0000000089c00000|100%| S|CS|TAMS 0x0000000089b00000, 0x0000000089b00000| Complete 
| 130|0x0000000089c00000, 0x0000000089d00000, 0x0000000089d00000|100%| S|CS|TAMS 0x0000000089c00000, 0x0000000089c00000| Complete 
| 131|0x0000000089d00000, 0x0000000089e00000, 0x0000000089e00000|100%| S|CS|TAMS 0x0000000089d00000, 0x0000000089d00000| Complete 
| 132|0x0000000089e00000, 0x0000000089f00000, 0x0000000089f00000|100%| S|CS|TAMS 0x0000000089e00000, 0x0000000089e00000| Complete 
| 133|0x0000000089f00000, 0x000000008a000000, 0x000000008a000000|100%| S|CS|TAMS 0x0000000089f00000, 0x0000000089f00000| Complete 
| 134|0x000000008a000000, 0x000000008a100000, 0x000000008a100000|100%| S|CS|TAMS 0x000000008a000000, 0x000000008a000000| Complete 
| 135|0x000000008a100000, 0x000000008a200000, 0x000000008a200000|100%| S|CS|TAMS 0x000000008a100000, 0x000000008a100000| Complete 
| 136|0x000000008a200000, 0x000000008a300000, 0x000000008a300000|100%| S|CS|TAMS 0x000000008a200000, 0x000000008a200000| Complete 
| 137|0x000000008a300000, 0x000000008a400000, 0x000000008a400000|100%| S|CS|TAMS 0x000000008a300000, 0x000000008a300000| Complete 
| 138|0x000000008a400000, 0x000000008a500000, 0x000000008a500000|100%| S|CS|TAMS 0x000000008a400000, 0x000000008a400000| Complete 
| 139|0x000000008a500000, 0x000000008a500000, 0x000000008a600000|  0%| F|  |TAMS 0x000000008a500000, 0x000000008a500000| Untracked 
| 140|0x000000008a600000, 0x000000008a600000, 0x000000008a700000|  0%| F|  |TAMS 0x000000008a600000, 0x000000008a600000| Untracked 
| 141|0x000000008a700000, 0x000000008a700000, 0x000000008a800000|  0%| F|  |TAMS 0x000000008a700000, 0x000000008a700000| Untracked 
| 142|0x000000008a800000, 0x000000008a800000, 0x000000008a900000|  0%| F|  |TAMS 0x000000008a800000, 0x000000008a800000| Untracked 
| 143|0x000000008a900000, 0x000000008a900000, 0x000000008aa00000|  0%| F|  |TAMS 0x000000008a900000, 0x000000008a900000| Untracked 
| 144|0x000000008aa00000, 0x000000008aa00000, 0x000000008ab00000|  0%| F|  |TAMS 0x000000008aa00000, 0x000000008aa00000| Untracked 
| 145|0x000000008ab00000, 0x000000008ab00000, 0x000000008ac00000|  0%| F|  |TAMS 0x000000008ab00000, 0x000000008ab00000| Untracked 
| 146|0x000000008ac00000, 0x000000008ac00000, 0x000000008ad00000|  0%| F|  |TAMS 0x000000008ac00000, 0x000000008ac00000| Untracked 
| 147|0x000000008ad00000, 0x000000008ad00000, 0x000000008ae00000|  0%| F|  |TAMS 0x000000008ad00000, 0x000000008ad00000| Untracked 
| 148|0x000000008ae00000, 0x000000008ae00000, 0x000000008af00000|  0%| F|  |TAMS 0x000000008ae00000, 0x000000008ae00000| Untracked 
| 149|0x000000008af00000, 0x000000008af00000, 0x000000008b000000|  0%| F|  |TAMS 0x000000008af00000, 0x000000008af00000| Untracked 
| 150|0x000000008b000000, 0x000000008b000000, 0x000000008b100000|  0%| F|  |TAMS 0x000000008b000000, 0x000000008b000000| Untracked 
| 151|0x000000008b100000, 0x000000008b100000, 0x000000008b200000|  0%| F|  |TAMS 0x000000008b100000, 0x000000008b100000| Untracked 
| 152|0x000000008b200000, 0x000000008b200000, 0x000000008b300000|  0%| F|  |TAMS 0x000000008b200000, 0x000000008b200000| Untracked 
| 153|0x000000008b300000, 0x000000008b300000, 0x000000008b400000|  0%| F|  |TAMS 0x000000008b300000, 0x000000008b300000| Untracked 
| 154|0x000000008b400000, 0x000000008b400000, 0x000000008b500000|  0%| F|  |TAMS 0x000000008b400000, 0x000000008b400000| Untracked 
| 155|0x000000008b500000, 0x000000008b500000, 0x000000008b600000|  0%| F|  |TAMS 0x000000008b500000, 0x000000008b500000| Untracked 
| 156|0x000000008b600000, 0x000000008b600000, 0x000000008b700000|  0%| F|  |TAMS 0x000000008b600000, 0x000000008b600000| Untracked 
| 157|0x000000008b700000, 0x000000008b700000, 0x000000008b800000|  0%| F|  |TAMS 0x000000008b700000, 0x000000008b700000| Untracked 
| 158|0x000000008b800000, 0x000000008b800000, 0x000000008b900000|  0%| F|  |TAMS 0x000000008b800000, 0x000000008b800000| Untracked 
| 159|0x000000008b900000, 0x000000008b900000, 0x000000008ba00000|  0%| F|  |TAMS 0x000000008b900000, 0x000000008b900000| Untracked 
| 160|0x000000008ba00000, 0x000000008ba00000, 0x000000008bb00000|  0%| F|  |TAMS 0x000000008ba00000, 0x000000008ba00000| Untracked 
| 161|0x000000008bb00000, 0x000000008bb00000, 0x000000008bc00000|  0%| F|  |TAMS 0x000000008bb00000, 0x000000008bb00000| Untracked 
| 162|0x000000008bc00000, 0x000000008bc00000, 0x000000008bd00000|  0%| F|  |TAMS 0x000000008bc00000, 0x000000008bc00000| Untracked 
| 163|0x000000008bd00000, 0x000000008bd00000, 0x000000008be00000|  0%| F|  |TAMS 0x000000008bd00000, 0x000000008bd00000| Untracked 
| 164|0x000000008be00000, 0x000000008be00000, 0x000000008bf00000|  0%| F|  |TAMS 0x000000008be00000, 0x000000008be00000| Untracked 
| 165|0x000000008bf00000, 0x000000008bf00000, 0x000000008c000000|  0%| F|  |TAMS 0x000000008bf00000, 0x000000008bf00000| Untracked 
| 166|0x000000008c000000, 0x000000008c000000, 0x000000008c100000|  0%| F|  |TAMS 0x000000008c000000, 0x000000008c000000| Untracked 
| 167|0x000000008c100000, 0x000000008c100000, 0x000000008c200000|  0%| F|  |TAMS 0x000000008c100000, 0x000000008c100000| Untracked 
| 168|0x000000008c200000, 0x000000008c200000, 0x000000008c300000|  0%| F|  |TAMS 0x000000008c200000, 0x000000008c200000| Untracked 
| 169|0x000000008c300000, 0x000000008c300000, 0x000000008c400000|  0%| F|  |TAMS 0x000000008c300000, 0x000000008c300000| Untracked 
| 170|0x000000008c400000, 0x000000008c400000, 0x000000008c500000|  0%| F|  |TAMS 0x000000008c400000, 0x000000008c400000| Untracked 
| 171|0x000000008c500000, 0x000000008c500000, 0x000000008c600000|  0%| F|  |TAMS 0x000000008c500000, 0x000000008c500000| Untracked 
| 172|0x000000008c600000, 0x000000008c600000, 0x000000008c700000|  0%| F|  |TAMS 0x000000008c600000, 0x000000008c600000| Untracked 
| 173|0x000000008c700000, 0x000000008c700000, 0x000000008c800000|  0%| F|  |TAMS 0x000000008c700000, 0x000000008c700000| Untracked 
| 174|0x000000008c800000, 0x000000008c800000, 0x000000008c900000|  0%| F|  |TAMS 0x000000008c800000, 0x000000008c800000| Untracked 
| 175|0x000000008c900000, 0x000000008c900000, 0x000000008ca00000|  0%| F|  |TAMS 0x000000008c900000, 0x000000008c900000| Untracked 
| 176|0x000000008ca00000, 0x000000008ca00000, 0x000000008cb00000|  0%| F|  |TAMS 0x000000008ca00000, 0x000000008ca00000| Untracked 
| 177|0x000000008cb00000, 0x000000008cb00000, 0x000000008cc00000|  0%| F|  |TAMS 0x000000008cb00000, 0x000000008cb00000| Untracked 
| 178|0x000000008cc00000, 0x000000008cc00000, 0x000000008cd00000|  0%| F|  |TAMS 0x000000008cc00000, 0x000000008cc00000| Untracked 
| 179|0x000000008cd00000, 0x000000008cd00000, 0x000000008ce00000|  0%| F|  |TAMS 0x000000008cd00000, 0x000000008cd00000| Untracked 
| 180|0x000000008ce00000, 0x000000008ce00000, 0x000000008cf00000|  0%| F|  |TAMS 0x000000008ce00000, 0x000000008ce00000| Untracked 
| 181|0x000000008cf00000, 0x000000008cf00000, 0x000000008d000000|  0%| F|  |TAMS 0x000000008cf00000, 0x000000008cf00000| Untracked 
| 182|0x000000008d000000, 0x000000008d000000, 0x000000008d100000|  0%| F|  |TAMS 0x000000008d000000, 0x000000008d000000| Untracked 
| 183|0x000000008d100000, 0x000000008d100000, 0x000000008d200000|  0%| F|  |TAMS 0x000000008d100000, 0x000000008d100000| Untracked 
| 184|0x000000008d200000, 0x000000008d200000, 0x000000008d300000|  0%| F|  |TAMS 0x000000008d200000, 0x000000008d200000| Untracked 
| 185|0x000000008d300000, 0x000000008d300000, 0x000000008d400000|  0%| F|  |TAMS 0x000000008d300000, 0x000000008d300000| Untracked 
| 186|0x000000008d400000, 0x000000008d400000, 0x000000008d500000|  0%| F|  |TAMS 0x000000008d400000, 0x000000008d400000| Untracked 
| 187|0x000000008d500000, 0x000000008d500000, 0x000000008d600000|  0%| F|  |TAMS 0x000000008d500000, 0x000000008d500000| Untracked 
| 188|0x000000008d600000, 0x000000008d600000, 0x000000008d700000|  0%| F|  |TAMS 0x000000008d600000, 0x000000008d600000| Untracked 
| 189|0x000000008d700000, 0x000000008d700000, 0x000000008d800000|  0%| F|  |TAMS 0x000000008d700000, 0x000000008d700000| Untracked 
| 190|0x000000008d800000, 0x000000008d800000, 0x000000008d900000|  0%| F|  |TAMS 0x000000008d800000, 0x000000008d800000| Untracked 
| 191|0x000000008d900000, 0x000000008d900000, 0x000000008da00000|  0%| F|  |TAMS 0x000000008d900000, 0x000000008d900000| Untracked 
| 192|0x000000008da00000, 0x000000008da00000, 0x000000008db00000|  0%| F|  |TAMS 0x000000008da00000, 0x000000008da00000| Untracked 
| 193|0x000000008db00000, 0x000000008db00000, 0x000000008dc00000|  0%| F|  |TAMS 0x000000008db00000, 0x000000008db00000| Untracked 
| 194|0x000000008dc00000, 0x000000008dc00000, 0x000000008dd00000|  0%| F|  |TAMS 0x000000008dc00000, 0x000000008dc00000| Untracked 
| 195|0x000000008dd00000, 0x000000008dd00000, 0x000000008de00000|  0%| F|  |TAMS 0x000000008dd00000, 0x000000008dd00000| Untracked 
| 196|0x000000008de00000, 0x000000008de00000, 0x000000008df00000|  0%| F|  |TAMS 0x000000008de00000, 0x000000008de00000| Untracked 
| 197|0x000000008df00000, 0x000000008df00000, 0x000000008e000000|  0%| F|  |TAMS 0x000000008df00000, 0x000000008df00000| Untracked 
| 198|0x000000008e000000, 0x000000008e000000, 0x000000008e100000|  0%| F|  |TAMS 0x000000008e000000, 0x000000008e000000| Untracked 
| 199|0x000000008e100000, 0x000000008e100000, 0x000000008e200000|  0%| F|  |TAMS 0x000000008e100000, 0x000000008e100000| Untracked 
| 200|0x000000008e200000, 0x000000008e200000, 0x000000008e300000|  0%| F|  |TAMS 0x000000008e200000, 0x000000008e200000| Untracked 
| 201|0x000000008e300000, 0x000000008e300000, 0x000000008e400000|  0%| F|  |TAMS 0x000000008e300000, 0x000000008e300000| Untracked 
| 202|0x000000008e400000, 0x000000008e400000, 0x000000008e500000|  0%| F|  |TAMS 0x000000008e400000, 0x000000008e400000| Untracked 
| 203|0x000000008e500000, 0x000000008e500000, 0x000000008e600000|  0%| F|  |TAMS 0x000000008e500000, 0x000000008e500000| Untracked 
| 204|0x000000008e600000, 0x000000008e600000, 0x000000008e700000|  0%| F|  |TAMS 0x000000008e600000, 0x000000008e600000| Untracked 
| 205|0x000000008e700000, 0x000000008e700000, 0x000000008e800000|  0%| F|  |TAMS 0x000000008e700000, 0x000000008e700000| Untracked 
| 206|0x000000008e800000, 0x000000008e800000, 0x000000008e900000|  0%| F|  |TAMS 0x000000008e800000, 0x000000008e800000| Untracked 
| 207|0x000000008e900000, 0x000000008e900000, 0x000000008ea00000|  0%| F|  |TAMS 0x000000008e900000, 0x000000008e900000| Untracked 
| 208|0x000000008ea00000, 0x000000008ea00000, 0x000000008eb00000|  0%| F|  |TAMS 0x000000008ea00000, 0x000000008ea00000| Untracked 
| 209|0x000000008eb00000, 0x000000008eb00000, 0x000000008ec00000|  0%| F|  |TAMS 0x000000008eb00000, 0x000000008eb00000| Untracked 
| 210|0x000000008ec00000, 0x000000008ec00000, 0x000000008ed00000|  0%| F|  |TAMS 0x000000008ec00000, 0x000000008ec00000| Untracked 
| 211|0x000000008ed00000, 0x000000008ed00000, 0x000000008ee00000|  0%| F|  |TAMS 0x000000008ed00000, 0x000000008ed00000| Untracked 
| 212|0x000000008ee00000, 0x000000008ee00000, 0x000000008ef00000|  0%| F|  |TAMS 0x000000008ee00000, 0x000000008ee00000| Untracked 
| 213|0x000000008ef00000, 0x000000008ef00000, 0x000000008f000000|  0%| F|  |TAMS 0x000000008ef00000, 0x000000008ef00000| Untracked 
| 214|0x000000008f000000, 0x000000008f000000, 0x000000008f100000|  0%| F|  |TAMS 0x000000008f000000, 0x000000008f000000| Untracked 
| 215|0x000000008f100000, 0x000000008f100000, 0x000000008f200000|  0%| F|  |TAMS 0x000000008f100000, 0x000000008f100000| Untracked 
| 216|0x000000008f200000, 0x000000008f200000, 0x000000008f300000|  0%| F|  |TAMS 0x000000008f200000, 0x000000008f200000| Untracked 
| 217|0x000000008f300000, 0x000000008f300000, 0x000000008f400000|  0%| F|  |TAMS 0x000000008f300000, 0x000000008f300000| Untracked 
| 218|0x000000008f400000, 0x000000008f400000, 0x000000008f500000|  0%| F|  |TAMS 0x000000008f400000, 0x000000008f400000| Untracked 
| 219|0x000000008f500000, 0x000000008f500000, 0x000000008f600000|  0%| F|  |TAMS 0x000000008f500000, 0x000000008f500000| Untracked 
| 220|0x000000008f600000, 0x000000008f600000, 0x000000008f700000|  0%| F|  |TAMS 0x000000008f600000, 0x000000008f600000| Untracked 
| 221|0x000000008f700000, 0x000000008f700000, 0x000000008f800000|  0%| F|  |TAMS 0x000000008f700000, 0x000000008f700000| Untracked 
| 222|0x000000008f800000, 0x000000008f800000, 0x000000008f900000|  0%| F|  |TAMS 0x000000008f800000, 0x000000008f800000| Untracked 
| 223|0x000000008f900000, 0x000000008f900000, 0x000000008fa00000|  0%| F|  |TAMS 0x000000008f900000, 0x000000008f900000| Untracked 
| 224|0x000000008fa00000, 0x000000008fa00000, 0x000000008fb00000|  0%| F|  |TAMS 0x000000008fa00000, 0x000000008fa00000| Untracked 
| 225|0x000000008fb00000, 0x000000008fb00000, 0x000000008fc00000|  0%| F|  |TAMS 0x000000008fb00000, 0x000000008fb00000| Untracked 
| 226|0x000000008fc00000, 0x000000008fc00000, 0x000000008fd00000|  0%| F|  |TAMS 0x000000008fc00000, 0x000000008fc00000| Untracked 
| 227|0x000000008fd00000, 0x000000008fd00000, 0x000000008fe00000|  0%| F|  |TAMS 0x000000008fd00000, 0x000000008fd00000| Untracked 
| 228|0x000000008fe00000, 0x000000008fe00000, 0x000000008ff00000|  0%| F|  |TAMS 0x000000008fe00000, 0x000000008fe00000| Untracked 
| 229|0x000000008ff00000, 0x000000008ff00000, 0x0000000090000000|  0%| F|  |TAMS 0x000000008ff00000, 0x000000008ff00000| Untracked 
| 230|0x0000000090000000, 0x0000000090000000, 0x0000000090100000|  0%| F|  |TAMS 0x0000000090000000, 0x0000000090000000| Untracked 
| 231|0x0000000090100000, 0x0000000090100000, 0x0000000090200000|  0%| F|  |TAMS 0x0000000090100000, 0x0000000090100000| Untracked 
| 232|0x0000000090200000, 0x0000000090200000, 0x0000000090300000|  0%| F|  |TAMS 0x0000000090200000, 0x0000000090200000| Untracked 
| 233|0x0000000090300000, 0x0000000090300000, 0x0000000090400000|  0%| F|  |TAMS 0x0000000090300000, 0x0000000090300000| Untracked 
| 234|0x0000000090400000, 0x0000000090400000, 0x0000000090500000|  0%| F|  |TAMS 0x0000000090400000, 0x0000000090400000| Untracked 
| 235|0x0000000090500000, 0x0000000090500000, 0x0000000090600000|  0%| F|  |TAMS 0x0000000090500000, 0x0000000090500000| Untracked 
| 236|0x0000000090600000, 0x0000000090600000, 0x0000000090700000|  0%| F|  |TAMS 0x0000000090600000, 0x0000000090600000| Untracked 
| 237|0x0000000090700000, 0x0000000090700000, 0x0000000090800000|  0%| F|  |TAMS 0x0000000090700000, 0x0000000090700000| Untracked 
| 238|0x0000000090800000, 0x0000000090800000, 0x0000000090900000|  0%| F|  |TAMS 0x0000000090800000, 0x0000000090800000| Untracked 
| 239|0x0000000090900000, 0x0000000090900000, 0x0000000090a00000|  0%| F|  |TAMS 0x0000000090900000, 0x0000000090900000| Untracked 
| 240|0x0000000090a00000, 0x0000000090a00000, 0x0000000090b00000|  0%| F|  |TAMS 0x0000000090a00000, 0x0000000090a00000| Untracked 
| 241|0x0000000090b00000, 0x0000000090b00000, 0x0000000090c00000|  0%| F|  |TAMS 0x0000000090b00000, 0x0000000090b00000| Untracked 
| 242|0x0000000090c00000, 0x0000000090c00000, 0x0000000090d00000|  0%| F|  |TAMS 0x0000000090c00000, 0x0000000090c00000| Untracked 
| 243|0x0000000090d00000, 0x0000000090d00000, 0x0000000090e00000|  0%| F|  |TAMS 0x0000000090d00000, 0x0000000090d00000| Untracked 

Card table byte_map: [0x00000187633c0000,0x00000187637c0000] _byte_map_base: 0x0000018762fb3000

Marking Bits (Prev, Next): (CMBitMap*) 0x000001875d292390, (CMBitMap*) 0x000001875d292350
 Prev Bits: [0x0000018765b60000, 0x0000018767af8000)
 Next Bits: [0x0000018763bc0000, 0x0000018765b58000)

Polling page: 0x000001875b170000

Metaspace:

Usage:
  Non-class:     34.47 MB used.
      Class:      5.09 MB used.
       Both:     39.56 MB used.

Virtual space:
  Non-class space:       40.00 MB reserved,      34.69 MB ( 87%) committed,  5 nodes.
      Class space:        1.00 GB reserved,       5.25 MB ( <1%) committed,  1 nodes.
             Both:        1.04 GB reserved,      39.94 MB (  4%) committed. 

Chunk freelists:
   Non-Class:  720.00 KB
       Class:  2.62 MB
        Both:  3.33 MB

MaxMetaspaceSize: unlimited
CompressedClassSpaceSize: 1.00 GB
Initial GC threshold: 21.00 MB
Current GC threshold: 65.31 MB
CDS: off
MetaspaceReclaimPolicy: balanced
 - commit_granule_bytes: 65536.
 - commit_granule_words: 8192.
 - virtual_space_node_default_size: 1048576.
 - enlarge_chunks_in_place: 1.
 - new_chunks_are_fully_committed: 0.
 - uncommit_free_chunks: 1.
 - use_allocation_guard: 0.
 - handle_deallocations: 1.


Internal statistics:

num_allocs_failed_limit: 8.
num_arena_births: 510.
num_arena_deaths: 0.
num_vsnodes_births: 6.
num_vsnodes_deaths: 0.
num_space_committed: 639.
num_space_uncommitted: 0.
num_chunks_returned_to_freelist: 8.
num_chunks_taken_from_freelist: 1756.
num_chunk_merges: 8.
num_chunk_splits: 1205.
num_chunks_enlarged: 890.
num_purges: 0.
num_inconsistent_stats: 0.

CodeCache: size=49152Kb used=9938Kb max_used=9938Kb free=39214Kb
 bounds [0x000001875feb0000, 0x0000018760870000, 0x0000018762eb0000]
 total_blobs=4851 nmethods=4293 adapters=482
 compilation: enabled
              stopped_count=0, restarted_count=0
 full_count=0

Compilation events (20 events):
Event: 2.634 Thread 0x000001876b22f940 nmethod 4238 0x000001876085c310 code [0x000001876085c4a0, 0x000001876085c5f8]
Event: 2.634 Thread 0x000001876b22f940 4247       1       java.io.ByteArrayOutputStream::close (1 bytes)
Event: 2.634 Thread 0x000001876b22f940 nmethod 4247 0x000001876085c690 code [0x000001876085c820, 0x000001876085c8d8]
Event: 2.634 Thread 0x000001876b22f940 4214       1       jdk.internal.jimage.decompressor.CompressedResourceHeader::getDecompressorNameOffset (5 bytes)
Event: 2.635 Thread 0x000001876b22f940 nmethod 4214 0x000001876085c990 code [0x000001876085cb20, 0x000001876085cbf8]
Event: 2.635 Thread 0x000001876b22f940 4215       1       jdk.internal.jimage.decompressor.CompressedResourceHeader::getUncompressedSize (5 bytes)
Event: 2.635 Thread 0x000001876b22f940 nmethod 4215 0x000001876085cc90 code [0x000001876085ce20, 0x000001876085cef8]
Event: 2.635 Thread 0x000001876b22f940 4291       1       jdk.internal.jimage.decompressor.ZipDecompressor::decompress (10 bytes)
Event: 2.635 Thread 0x000001876b23ab20 nmethod 4241 0x000001876085cf90 code [0x000001876085d160, 0x000001876085d4f8]
Event: 2.635 Thread 0x000001876b23ab20 4287       1       java.util.zip.Inflater::<init> (6 bytes)
Event: 2.635 Thread 0x000001876b22f940 nmethod 4291 0x000001876085d690 code [0x000001876085d820, 0x000001876085d908]
Event: 2.635 Thread 0x000001876b22f940 4217       1       nonapi.io.github.classgraph.fileslice.reader.ClassfileReader::buf (5 bytes)
Event: 2.635 Thread 0x000001876b22f940 nmethod 4217 0x000001876085e210 code [0x000001876085e3a0, 0x000001876085e478]
Event: 2.635 Thread 0x000001876beefe00 nmethod 4234 0x000001876085d990 code [0x000001876085db80, 0x000001876085dff8]
Event: 2.635 Thread 0x000001876b22f940 4266       1       nonapi.io.github.classgraph.fileslice.reader.ClassfileReader::bufferTo (14 bytes)
Event: 2.635 Thread 0x000001876a574fe0 nmethod 4260 0x000001876085e890 code [0x000001876085f100, 0x0000018760861e68]
Event: 2.635 Thread 0x000001876b23ab20 nmethod 4287 0x0000018760863b10 code [0x0000018760863ce0, 0x0000018760864078]
Event: 2.635 Thread 0x000001876beefe00 4196       1       com.google.gson.stream.JsonReader::isLenient (5 bytes)
Event: 2.635 Thread 0x000001876b22f940 nmethod 4266 0x0000018760864210 code [0x00000187608643a0, 0x0000018760864488]
Event: 2.635 Thread 0x000001876beefe00 nmethod 4196 0x0000018760864510 code [0x00000187608646a0, 0x0000018760864778]

GC Heap History (20 events):
Event: 2.233 GC heap after
{Heap after GC invocations=12 (full 0):
 garbage-first heap   total 71680K, used 31129K [0x0000000081a00000, 0x0000000100000000)
  region size 1024K, 4 young (4096K), 4 survivors (4096K)
 Metaspace       used 37406K, committed 37824K, reserved 1089536K
  class space    used 4872K, committed 5056K, reserved 1048576K
}
Event: 2.267 GC heap before
{Heap before GC invocations=12 (full 0):
 garbage-first heap   total 71680K, used 52633K [0x0000000081a00000, 0x0000000100000000)
  region size 1024K, 25 young (25600K), 4 survivors (4096K)
 Metaspace       used 37940K, committed 38272K, reserved 1089536K
  class space    used 4930K, committed 5056K, reserved 1048576K
}
Event: 2.271 GC heap after
{Heap after GC invocations=13 (full 0):
 garbage-first heap   total 98304K, used 35206K [0x0000000081a00000, 0x0000000100000000)
  region size 1024K, 4 young (4096K), 4 survivors (4096K)
 Metaspace       used 37940K, committed 38272K, reserved 1089536K
  class space    used 4930K, committed 5056K, reserved 1048576K
}
Event: 2.321 GC heap before
{Heap before GC invocations=13 (full 0):
 garbage-first heap   total 98304K, used 71046K [0x0000000081a00000, 0x0000000100000000)
  region size 1024K, 39 young (39936K), 4 survivors (4096K)
 Metaspace       used 38710K, committed 39104K, reserved 1089536K
  class space    used 4961K, committed 5120K, reserved 1048576K
}
Event: 2.328 GC heap after
{Heap after GC invocations=14 (full 0):
 garbage-first heap   total 98304K, used 43868K [0x0000000081a00000, 0x0000000100000000)
  region size 1024K, 5 young (5120K), 5 survivors (5120K)
 Metaspace       used 38710K, committed 39104K, reserved 1089536K
  class space    used 4961K, committed 5120K, reserved 1048576K
}
Event: 2.358 GC heap before
{Heap before GC invocations=14 (full 0):
 garbage-first heap   total 98304K, used 70492K [0x0000000081a00000, 0x0000000100000000)
  region size 1024K, 32 young (32768K), 5 survivors (5120K)
 Metaspace       used 38835K, committed 39296K, reserved 1089536K
  class space    used 4974K, committed 5184K, reserved 1048576K
}
Event: 2.364 GC heap after
{Heap after GC invocations=15 (full 0):
 garbage-first heap   total 98304K, used 49306K [0x0000000081a00000, 0x0000000100000000)
  region size 1024K, 4 young (4096K), 4 survivors (4096K)
 Metaspace       used 38835K, committed 39296K, reserved 1089536K
  class space    used 4974K, committed 5184K, reserved 1048576K
}
Event: 2.421 GC heap before
{Heap before GC invocations=15 (full 0):
 garbage-first heap   total 98304K, used 63642K [0x0000000081a00000, 0x0000000100000000)
  region size 1024K, 20 young (20480K), 4 survivors (4096K)
 Metaspace       used 39474K, committed 39872K, reserved 1089536K
  class space    used 5040K, committed 5248K, reserved 1048576K
}
Event: 2.425 GC heap after
{Heap after GC invocations=16 (full 0):
 garbage-first heap   total 98304K, used 53885K [0x0000000081a00000, 0x0000000100000000)
  region size 1024K, 4 young (4096K), 4 survivors (4096K)
 Metaspace       used 39474K, committed 39872K, reserved 1089536K
  class space    used 5040K, committed 5248K, reserved 1048576K
}
Event: 2.462 GC heap before
{Heap before GC invocations=16 (full 0):
 garbage-first heap   total 124928K, used 74365K [0x0000000081a00000, 0x0000000100000000)
  region size 1024K, 23 young (23552K), 4 survivors (4096K)
 Metaspace       used 39684K, committed 40128K, reserved 1089536K
  class space    used 5081K, committed 5312K, reserved 1048576K
}
Event: 2.470 GC heap after
{Heap after GC invocations=17 (full 0):
 garbage-first heap   total 249856K, used 66299K [0x0000000081a00000, 0x0000000100000000)
  region size 1024K, 3 young (3072K), 3 survivors (3072K)
 Metaspace       used 39684K, committed 40128K, reserved 1089536K
  class space    used 5081K, committed 5312K, reserved 1048576K
}
Event: 2.543 GC heap before
{Heap before GC invocations=18 (full 0):
 garbage-first heap   total 249856K, used 153339K [0x0000000081a00000, 0x0000000100000000)
  region size 1024K, 88 young (90112K), 3 survivors (3072K)
 Metaspace       used 40306K, committed 40704K, reserved 1089536K
  class space    used 5174K, committed 5376K, reserved 1048576K
}
Event: 2.559 GC heap after
{Heap after GC invocations=19 (full 0):
 garbage-first heap   total 249856K, used 77945K [0x0000000081a00000, 0x0000000100000000)
  region size 1024K, 11 young (11264K), 11 survivors (11264K)
 Metaspace       used 40306K, committed 40704K, reserved 1089536K
  class space    used 5174K, committed 5376K, reserved 1048576K
}
Event: 2.561 GC heap before
{Heap before GC invocations=19 (full 0):
 garbage-first heap   total 249856K, used 77945K [0x0000000081a00000, 0x0000000100000000)
  region size 1024K, 12 young (12288K), 11 survivors (11264K)
 Metaspace       used 40307K, committed 40704K, reserved 1089536K
  class space    used 5175K, committed 5376K, reserved 1048576K
}
Event: 2.568 GC heap after
{Heap after GC invocations=20 (full 0):
 garbage-first heap   total 249856K, used 79503K [0x0000000081a00000, 0x0000000100000000)
  region size 1024K, 2 young (2048K), 2 survivors (2048K)
 Metaspace       used 40307K, committed 40704K, reserved 1089536K
  class space    used 5175K, committed 5376K, reserved 1048576K
}
Event: 2.608 GC heap before
{Heap before GC invocations=20 (full 0):
 garbage-first heap   total 249856K, used 164495K [0x0000000081a00000, 0x0000000100000000)
  region size 1024K, 86 young (88064K), 2 survivors (2048K)
 Metaspace       used 40359K, committed 40768K, reserved 1089536K
  class space    used 5190K, committed 5376K, reserved 1048576K
}
Event: 2.610 GC heap after
{Heap after GC invocations=21 (full 0):
 garbage-first heap   total 249856K, used 82037K [0x0000000081a00000, 0x0000000100000000)
  region size 1024K, 4 young (4096K), 4 survivors (4096K)
 Metaspace       used 40359K, committed 40768K, reserved 1089536K
  class space    used 5190K, committed 5376K, reserved 1048576K
}
Event: 2.636 GC heap before
{Heap before GC invocations=21 (full 0):
 garbage-first heap   total 249856K, used 169077K [0x0000000081a00000, 0x0000000100000000)
  region size 1024K, 90 young (92160K), 4 survivors (4096K)
 Metaspace       used 40504K, committed 40896K, reserved 1089536K
  class space    used 5209K, committed 5376K, reserved 1048576K
}
Event: 2.639 GC heap after
{Heap after GC invocations=22 (full 0):
 garbage-first heap   total 249856K, used 85630K [0x0000000081a00000, 0x0000000100000000)
  region size 1024K, 8 young (8192K), 8 survivors (8192K)
 Metaspace       used 40504K, committed 40896K, reserved 1089536K
  class space    used 5209K, committed 5376K, reserved 1048576K
}
Event: 2.659 GC heap before
{Heap before GC invocations=22 (full 0):
 garbage-first heap   total 249856K, used 183934K [0x0000000081a00000, 0x0000000100000000)
  region size 1024K, 105 young (107520K), 8 survivors (8192K)
 Metaspace       used 40514K, committed 40896K, reserved 1089536K
  class space    used 5212K, committed 5376K, reserved 1048576K
}

Dll operation events (8 events):
Event: 0.008 Loaded shared library c:\Users\Lester\.vscode\extensions\redhat.java-1.14.0-win32-x64\jre\17.0.5-win32-x86_64\bin\java.dll
Event: 0.277 Loaded shared library C:\Users\Lester\.vscode\extensions\redhat.java-1.14.0-win32-x64\jre\17.0.5-win32-x86_64\bin\net.dll
Event: 0.278 Loaded shared library C:\Users\Lester\.vscode\extensions\redhat.java-1.14.0-win32-x64\jre\17.0.5-win32-x86_64\bin\nio.dll
Event: 0.283 Loaded shared library C:\Users\Lester\.vscode\extensions\redhat.java-1.14.0-win32-x64\jre\17.0.5-win32-x86_64\bin\zip.dll
Event: 0.364 Loaded shared library C:\Users\Lester\.vscode\extensions\redhat.java-1.14.0-win32-x64\jre\17.0.5-win32-x86_64\bin\jimage.dll
Event: 0.435 Loaded shared library c:\Users\Lester\.vscode\extensions\redhat.java-1.14.0-win32-x64\jre\17.0.5-win32-x86_64\bin\verify.dll
Event: 1.765 Loaded shared library C:\Users\Lester\.vscode\extensions\redhat.java-1.14.0-win32-x64\jre\17.0.5-win32-x86_64\bin\management.dll
Event: 1.766 Loaded shared library C:\Users\Lester\.vscode\extensions\redhat.java-1.14.0-win32-x64\jre\17.0.5-win32-x86_64\bin\management_ext.dll

Deoptimization events (10 events):
Event: 1.079 Thread 0x000001875d2366d0 DEOPT PACKING pc=0x0000018760446399 sp=0x0000006ce00fd650
Event: 1.079 Thread 0x000001875d2366d0 DEOPT UNPACKING pc=0x000001875ff02b43 sp=0x0000006ce00fcb30 mode 3
Event: 1.915 Thread 0x000001876c8783b0 DEOPT PACKING pc=0x0000018760659eb5 sp=0x0000006ce21fdb60
Event: 1.915 Thread 0x000001876c8783b0 DEOPT UNPACKING pc=0x000001875ff02b43 sp=0x0000006ce21fd088 mode 3
Event: 1.936 Thread 0x000001876c839030 DEOPT PACKING pc=0x000001876044ae01 sp=0x0000006ce20fe0d0
Event: 1.936 Thread 0x000001876c839030 DEOPT UNPACKING pc=0x000001875ff02b43 sp=0x0000006ce20fd560 mode 3
Event: 1.937 Thread 0x000001876c888000 DEOPT PACKING pc=0x0000018760444417 sp=0x0000006ce22fed20
Event: 1.937 Thread 0x000001876c888000 DEOPT UNPACKING pc=0x000001875ff02b43 sp=0x0000006ce22fe178 mode 3
Event: 2.036 Thread 0x000001876c8f6850 DEOPT PACKING pc=0x00000187606817ab sp=0x0000006ce27fe4a0
Event: 2.036 Thread 0x000001876c8f6850 DEOPT UNPACKING pc=0x000001875ff02b43 sp=0x0000006ce27fd9e8 mode 3

Classes unloaded (0 events):
No events

Classes redefined (0 events):
No events

Internal exceptions (20 events):
Event: 2.062 Thread 0x000001876c919ee0 Exception <a 'sun/nio/fs/WindowsException'{0x0000000085a31400}> (0x0000000085a31400) 
thrown [s\src\hotspot\share\prims\jni.cpp, line 516]
Event: 2.062 Thread 0x000001876c919ee0 Exception <a 'sun/nio/fs/WindowsException'{0x0000000085a31e28}> (0x0000000085a31e28) 
thrown [s\src\hotspot\share\prims\jni.cpp, line 516]
Event: 2.062 Thread 0x000001876c919ee0 Exception <a 'sun/nio/fs/WindowsException'{0x0000000085a32208}> (0x0000000085a32208) 
thrown [s\src\hotspot\share\prims\jni.cpp, line 516]
Event: 2.062 Thread 0x000001876c919ee0 Exception <a 'sun/nio/fs/WindowsException'{0x0000000085a32c08}> (0x0000000085a32c08) 
thrown [s\src\hotspot\share\prims\jni.cpp, line 516]
Event: 2.062 Thread 0x000001876c919ee0 Exception <a 'sun/nio/fs/WindowsException'{0x0000000085a32fb8}> (0x0000000085a32fb8) 
thrown [s\src\hotspot\share\prims\jni.cpp, line 516]
Event: 2.062 Thread 0x000001876c919ee0 Exception <a 'sun/nio/fs/WindowsException'{0x0000000085a339c0}> (0x0000000085a339c0) 
thrown [s\src\hotspot\share\prims\jni.cpp, line 516]
Event: 2.062 Thread 0x000001876c919ee0 Exception <a 'sun/nio/fs/WindowsException'{0x0000000085a33d80}> (0x0000000085a33d80) 
thrown [s\src\hotspot\share\prims\jni.cpp, line 516]
Event: 2.062 Thread 0x000001876c919ee0 Exception <a 'sun/nio/fs/WindowsException'{0x0000000085a34780}> (0x0000000085a34780) 
thrown [s\src\hotspot\share\prims\jni.cpp, line 516]
Event: 2.062 Thread 0x000001876c919ee0 Exception <a 'sun/nio/fs/WindowsException'{0x0000000085a34b30}> (0x0000000085a34b30) 
thrown [s\src\hotspot\share\prims\jni.cpp, line 516]
Event: 2.062 Thread 0x000001876c919ee0 Exception <a 'sun/nio/fs/WindowsException'{0x0000000085a35538}> (0x0000000085a35538) 
thrown [s\src\hotspot\share\prims\jni.cpp, line 516]
Event: 2.062 Thread 0x000001876c919ee0 Exception <a 'sun/nio/fs/WindowsException'{0x0000000085a358f8}> (0x0000000085a358f8) 
thrown [s\src\hotspot\share\prims\jni.cpp, line 516]
Event: 2.062 Thread 0x000001876c919ee0 Exception <a 'sun/nio/fs/WindowsException'{0x0000000085a36320}> (0x0000000085a36320) 
thrown [s\src\hotspot\share\prims\jni.cpp, line 516]
Event: 2.062 Thread 0x000001876c919ee0 Exception <a 'sun/nio/fs/WindowsException'{0x0000000085a36700}> (0x0000000085a36700) 
thrown [s\src\hotspot\share\prims\jni.cpp, line 516]
Event: 2.062 Thread 0x000001876c919ee0 Exception <a 'sun/nio/fs/WindowsException'{0x0000000085a37138}> (0x0000000085a37138) 
thrown [s\src\hotspot\share\prims\jni.cpp, line 516]
Event: 2.062 Thread 0x000001876c919ee0 Exception <a 'sun/nio/fs/WindowsException'{0x0000000085a37528}> (0x0000000085a37528) 
thrown [s\src\hotspot\share\prims\jni.cpp, line 516]
Event: 2.062 Thread 0x000001876c919ee0 Exception <a 'sun/nio/fs/WindowsException'{0x0000000085a37f58}> (0x0000000085a37f58) 
thrown [s\src\hotspot\share\prims\jni.cpp, line 516]
Event: 2.062 Thread 0x000001876c919ee0 Exception <a 'sun/nio/fs/WindowsException'{0x0000000085a38348}> (0x0000000085a38348) 
thrown [s\src\hotspot\share\prims\jni.cpp, line 516]
Event: 2.392 Thread 0x000001876c8783b0 Exception <a 'java/lang/NoSuchMethodError'{0x0000000087478b78}: 'java.lang.Object java.lang.invoke.Invokers$Holder.invoke_MT(java.lang.Object, java.lang.Object, java.lang.Object)'> (0x0000000087478b78) 
thrown [s\src\hotspot\share\interpreter\linkResolver.cpp, line 759]
Event: 2.479 Thread 0x000001876c8783b0 Exception <a 'java/lang/NoSuchMethodError'{0x0000000090cd08b8}: 'java.lang.Object java.lang.invoke.DirectMethodHandle$Holder.newInvokeSpecial(java.lang.Object, java.lang.Object, int)'> (0x0000000090cd08b8) 
thrown [s\src\hotspot\share\interpreter\linkResolver.cpp, line 759]
Event: 2.497 Thread 0x000001876c9e6b70 Exception <a 'java/lang/NoSuchMethodError'{0x00000000904b17c8}: 'void java.lang.invoke.DirectMethodHandle$Holder.invokeVirtual(java.lang.Object, java.lang.Object, java.lang.Object, java.lang.Object)'> (0x00000000904b17c8) 
thrown [s\src\hotspot\share\interpreter\linkResolver.cpp, line 759]

VM Operations (20 events):
Event: 2.496 Executing VM operation: HandshakeAllThreads done
Event: 2.542 Executing VM operation: G1CollectForAllocation
Event: 2.543 Executing VM operation: G1CollectForAllocation done
Event: 2.543 Executing VM operation: G1CollectForAllocation
Event: 2.559 Executing VM operation: G1CollectForAllocation done
Event: 2.561 Executing VM operation: G1CollectForAllocation
Event: 2.568 Executing VM operation: G1CollectForAllocation done
Event: 2.606 Executing VM operation: HandshakeAllThreads
Event: 2.607 Executing VM operation: HandshakeAllThreads done
Event: 2.607 Executing VM operation: G1CollectForAllocation
Event: 2.607 Executing VM operation: G1CollectForAllocation done
Event: 2.608 Executing VM operation: G1CollectForAllocation
Event: 2.610 Executing VM operation: G1CollectForAllocation done
Event: 2.636 Executing VM operation: G1CollectForAllocation
Event: 2.636 Executing VM operation: G1CollectForAllocation done
Event: 2.636 Executing VM operation: G1CollectForAllocation
Event: 2.639 Executing VM operation: G1CollectForAllocation done
Event: 2.659 Executing VM operation: G1CollectForAllocation
Event: 2.659 Executing VM operation: G1CollectForAllocation done
Event: 2.659 Executing VM operation: G1CollectForAllocation

Events (20 events):
Event: 2.479 loading class java/util/concurrent/CompletableFuture$BiRelay
Event: 2.479 loading class java/util/concurrent/CompletableFuture$BiCompletion
Event: 2.479 loading class java/util/concurrent/CompletableFuture$BiCompletion done
Event: 2.479 loading class java/util/concurrent/CompletableFuture$BiRelay done
Event: 2.479 loading class java/util/concurrent/CompletableFuture$CoCompletion
Event: 2.479 loading class java/util/concurrent/CompletableFuture$CoCompletion done
Event: 2.481 Thread 0x000001876c9e6b70 Thread added: 0x000001876c9e6b70
Event: 2.488 Thread 0x000001876c9e66a0 Thread added: 0x000001876c9e66a0
Event: 2.491 loading class java/time/format/DateTimeFormatterBuilder$ZoneTextPrinterParser
Event: 2.491 loading class java/time/format/DateTimeFormatterBuilder$ZoneTextPrinterParser done
Event: 2.491 loading class java/time/format/DateTimeFormatterBuilder$ReducedPrinterParser
Event: 2.491 loading class java/time/format/DateTimeFormatterBuilder$ReducedPrinterParser done
Event: 2.493 loading class sun/security/provider/MD5
Event: 2.493 loading class sun/security/provider/MD5 done
Event: 2.493 loading class sun/security/provider/ByteArrayAccess$LE
Event: 2.493 loading class sun/security/provider/ByteArrayAccess$LE done
Event: 2.499 loading class jdk/internal/reflect/UnsafeQualifiedObjectFieldAccessorImpl
Event: 2.499 loading class jdk/internal/reflect/UnsafeQualifiedObjectFieldAccessorImpl done
Event: 2.499 loading class jdk/internal/reflect/UnsafeQualifiedLongFieldAccessorImpl
Event: 2.499 loading class jdk/internal/reflect/UnsafeQualifiedLongFieldAccessorImpl done


Dynamic libraries:
0x00007ff7fe150000 - 0x00007ff7fe15e000 	c:\Users\Lester\.vscode\extensions\redhat.java-1.14.0-win32-x64\jre\17.0.5-win32-x86_64\bin\java.exe
0x00007ff9b0f30000 - 0x00007ff9b1144000 	C:\WINDOWS\SYSTEM32\ntdll.dll
0x00007ff9afac0000 - 0x00007ff9afb82000 	C:\WINDOWS\System32\KERNEL32.DLL
0x00007ff9ae7a0000 - 0x00007ff9aeb3d000 	C:\WINDOWS\System32\KERNELBASE.dll
0x00007ff9ae360000 - 0x00007ff9ae471000 	C:\WINDOWS\System32\ucrtbase.dll
0x00007ff988140000 - 0x00007ff988159000 	c:\Users\Lester\.vscode\extensions\redhat.java-1.14.0-win32-x64\jre\17.0.5-win32-x86_64\bin\VCRUNTIME140.dll
0x00007ff988160000 - 0x00007ff988177000 	c:\Users\Lester\.vscode\extensions\redhat.java-1.14.0-win32-x64\jre\17.0.5-win32-x86_64\bin\jli.dll
0x00007ff9b0890000 - 0x00007ff9b0a3a000 	C:\WINDOWS\System32\USER32.dll
0x00007ff989ea0000 - 0x00007ff98a12e000 	C:\WINDOWS\WinSxS\amd64_microsoft.windows.common-controls_6595b64144ccf1df_6.0.22621.608_none_a9444ca7c10bb01d\COMCTL32.dll
0x00007ff9ae4f0000 - 0x00007ff9ae516000 	C:\WINDOWS\System32\win32u.dll
0x00007ff9b0070000 - 0x00007ff9b0117000 	C:\WINDOWS\System32\msvcrt.dll
0x00007ff9b0a40000 - 0x00007ff9b0a69000 	C:\WINDOWS\System32\GDI32.dll
0x00007ff9ae5c0000 - 0x00007ff9ae6d2000 	C:\WINDOWS\System32\gdi32full.dll
0x00007ff9ae520000 - 0x00007ff9ae5ba000 	C:\WINDOWS\System32\msvcp_win.dll
0x00007ff9b0350000 - 0x00007ff9b0382000 	C:\WINDOWS\System32\IMM32.DLL
0x00007ff988620000 - 0x00007ff98862c000 	c:\Users\Lester\.vscode\extensions\redhat.java-1.14.0-win32-x64\jre\17.0.5-win32-x86_64\bin\vcruntime140_1.dll
0x00007ff913eb0000 - 0x00007ff913f41000 	c:\Users\Lester\.vscode\extensions\redhat.java-1.14.0-win32-x64\jre\17.0.5-win32-x86_64\bin\msvcp140.dll
0x00007ff913260000 - 0x00007ff913ea4000 	c:\Users\Lester\.vscode\extensions\redhat.java-1.14.0-win32-x64\jre\17.0.5-win32-x86_64\bin\server\jvm.dll
0x00007ff9aed30000 - 0x00007ff9aedde000 	C:\WINDOWS\System32\ADVAPI32.dll
0x00007ff9afe00000 - 0x00007ff9afea4000 	C:\WINDOWS\System32\sechost.dll
0x00007ff9b0220000 - 0x00007ff9b0335000 	C:\WINDOWS\System32\RPCRT4.dll
0x00007ff9a7990000 - 0x00007ff9a79c4000 	C:\WINDOWS\SYSTEM32\WINMM.dll
0x00007ff991490000 - 0x00007ff991499000 	C:\WINDOWS\SYSTEM32\WSOCK32.dll
0x00007ff9a7560000 - 0x00007ff9a756a000 	C:\WINDOWS\SYSTEM32\VERSION.dll
0x00007ff9afbe0000 - 0x00007ff9afc51000 	C:\WINDOWS\System32\WS2_32.dll
0x00007ff9ad390000 - 0x00007ff9ad3a8000 	C:\WINDOWS\SYSTEM32\kernel.appcore.dll
0x00007ff988110000 - 0x00007ff98811a000 	c:\Users\Lester\.vscode\extensions\redhat.java-1.14.0-win32-x64\jre\17.0.5-win32-x86_64\bin\jimage.dll
0x00007ff9abae0000 - 0x00007ff9abd0e000 	C:\WINDOWS\SYSTEM32\DBGHELP.DLL
0x00007ff9b0390000 - 0x00007ff9b071a000 	C:\WINDOWS\System32\combase.dll
0x00007ff9b07b0000 - 0x00007ff9b0887000 	C:\WINDOWS\System32\OLEAUT32.dll
0x00007ff98a130000 - 0x00007ff98a162000 	C:\WINDOWS\SYSTEM32\dbgcore.DLL
0x00007ff9aeb40000 - 0x00007ff9aebbb000 	C:\WINDOWS\System32\bcryptPrimitives.dll
0x00007ff987360000 - 0x00007ff987385000 	c:\Users\Lester\.vscode\extensions\redhat.java-1.14.0-win32-x64\jre\17.0.5-win32-x86_64\bin\java.dll
0x00007ff9880e0000 - 0x00007ff9880f8000 	c:\Users\Lester\.vscode\extensions\redhat.java-1.14.0-win32-x64\jre\17.0.5-win32-x86_64\bin\zip.dll
0x00007ff9aee50000 - 0x00007ff9af630000 	C:\WINDOWS\System32\SHELL32.dll
0x00007ff9ac350000 - 0x00007ff9acc15000 	C:\WINDOWS\SYSTEM32\windows.storage.dll
0x00007ff9ac210000 - 0x00007ff9ac34e000 	C:\WINDOWS\SYSTEM32\wintypes.dll
0x00007ff9b0120000 - 0x00007ff9b0211000 	C:\WINDOWS\System32\SHCORE.dll
0x00007ff9af910000 - 0x00007ff9af96e000 	C:\WINDOWS\System32\shlwapi.dll
0x00007ff9ae290000 - 0x00007ff9ae2b1000 	C:\WINDOWS\SYSTEM32\profapi.dll
0x00007ff9873e0000 - 0x00007ff9873f9000 	C:\Users\Lester\.vscode\extensions\redhat.java-1.14.0-win32-x64\jre\17.0.5-win32-x86_64\bin\net.dll
0x00007ff9a7810000 - 0x00007ff9a793f000 	C:\WINDOWS\SYSTEM32\WINHTTP.dll
0x00007ff9ad7e0000 - 0x00007ff9ad849000 	C:\WINDOWS\system32\mswsock.dll
0x00007ff9873c0000 - 0x00007ff9873d5000 	C:\Users\Lester\.vscode\extensions\redhat.java-1.14.0-win32-x64\jre\17.0.5-win32-x86_64\bin\nio.dll
0x00007ff9873b0000 - 0x00007ff9873c0000 	c:\Users\Lester\.vscode\extensions\redhat.java-1.14.0-win32-x64\jre\17.0.5-win32-x86_64\bin\verify.dll
0x00007ff9adb90000 - 0x00007ff9adbab000 	C:\WINDOWS\SYSTEM32\CRYPTSP.dll
0x00007ff9ad300000 - 0x00007ff9ad335000 	C:\WINDOWS\system32\rsaenh.dll
0x00007ff9ad880000 - 0x00007ff9ad8a8000 	C:\WINDOWS\SYSTEM32\USERENV.dll
0x00007ff9add00000 - 0x00007ff9add28000 	C:\WINDOWS\SYSTEM32\bcrypt.dll
0x00007ff9adb40000 - 0x00007ff9adb4c000 	C:\WINDOWS\SYSTEM32\CRYPTBASE.dll
0x00007ff9ace70000 - 0x00007ff9ace9d000 	C:\WINDOWS\SYSTEM32\IPHLPAPI.DLL
0x00007ff9af9c0000 - 0x00007ff9af9c9000 	C:\WINDOWS\System32\NSI.dll
0x00007ff9a74a0000 - 0x00007ff9a74b9000 	C:\WINDOWS\SYSTEM32\dhcpcsvc6.DLL
0x00007ff9a7480000 - 0x00007ff9a749f000 	C:\WINDOWS\SYSTEM32\dhcpcsvc.DLL
0x00007ff9acee0000 - 0x00007ff9acfd2000 	C:\WINDOWS\SYSTEM32\DNSAPI.dll
0x00007ff9aa740000 - 0x00007ff9aa749000 	C:\Users\Lester\.vscode\extensions\redhat.java-1.14.0-win32-x64\jre\17.0.5-win32-x86_64\bin\management.dll
0x00007ff9aa730000 - 0x00007ff9aa73b000 	C:\Users\Lester\.vscode\extensions\redhat.java-1.14.0-win32-x64\jre\17.0.5-win32-x86_64\bin\management_ext.dll
0x00007ff9b0720000 - 0x00007ff9b0728000 	C:\WINDOWS\System32\PSAPI.DLL

dbghelp: loaded successfully - version: 4.0.5 - missing functions: none
symbol engine: initialized successfully - sym options: 0x614 - pdb path: .;c:\Users\Lester\.vscode\extensions\redhat.java-1.14.0-win32-x64\jre\17.0.5-win32-x86_64\bin;C:\WINDOWS\SYSTEM32;C:\WINDOWS\WinSxS\amd64_microsoft.windows.common-controls_6595b64144ccf1df_6.0.22621.608_none_a9444ca7c10bb01d;c:\Users\Lester\.vscode\extensions\redhat.java-1.14.0-win32-x64\jre\17.0.5-win32-x86_64\bin\server

VM Arguments:
jvm_args: -Dsts.lsp.client=vscode -Dsts.log.file=/dev/null -XX:TieredStopAtLevel=1 -Xlog:jni+resolve=off -Dspring.config.location=file:c:\Users\Lester\.vscode\extensions\pivotal.vscode-spring-boot-1.43.0\language-server\BOOT-INF\classes\application.properties 
java_command: org.springframework.ide.vscode.boot.app.BootLanguageServerBootApp
java_class_path (initial): c:\Users\Lester\.vscode\extensions\pivotal.vscode-spring-boot-1.43.0\language-server\BOOT-INF\classes;c:\Users\Lester\.vscode\extensions\pivotal.vscode-spring-boot-1.43.0\language-server\BOOT-INF\lib\annotations-23.1.0.jar;c:\Users\Lester\.vscode\extensions\pivotal.vscode-spring-boot-1.43.0\language-server\BOOT-INF\lib\ant-1.10.12.jar;c:\Users\Lester\.vscode\extensions\pivotal.vscode-spring-boot-1.43.0\language-server\BOOT-INF\lib\ant-launcher-1.10.12.jar;c:\Users\Lester\.vscode\extensions\pivotal.vscode-spring-boot-1.43.0\language-server\BOOT-INF\lib\antlr-runtime-3.5.2.jar;c:\Users\Lester\.vscode\extensions\pivotal.vscode-spring-boot-1.43.0\language-server\BOOT-INF\lib\antlr4-4.9.3.jar;c:\Users\Lester\.vscode\extensions\pivotal.vscode-spring-boot-1.43.0\language-server\BOOT-INF\lib\antlr4-runtime-4.9.3.jar;c:\Users\Lester\.vscode\extensions\pivotal.vscode-spring-boot-1.43.0\language-server\BOOT-INF\lib\apiguardian-api-1.1.2.jar;c:\Users\Lester\.vscode\extensions\pivotal.vscode-spring-boot-1.43.0\language-server\BOOT-INF\lib\asm-9.4.jar;c:\Users\Lester\.vscode\extensions\pivotal.vscode-spring-boot-1.43.0\language-server\BOOT-INF\lib\asm-analysis-9.4.jar;c:\Users\Lester\.vscode\extensions\pivotal.vscode-spring-boot-1.43.0\language-server\BOOT-INF\lib\asm-tree-9.4.jar;c:\Users\Lester\.vscode\extensions\pivotal.vscode-spring-boot-1.43.0\language-server\BOOT-INF\lib\asm-util-9.4.jar;c:\Users\Lester\.vscode\extensions\pivotal.vscode-spring-boot-1.43.0\language-server\BOOT-INF\lib\caffeine-3.1.2.jar;c:\Users\Lester\.vscode\extensions\pivotal.vscode-spring-boot-1.43.0\language-server\BOOT-INF\lib\checker-qual-3.12.0.jar;c:\Users\Lester\.vscode\extensions\pivotal.vscode-spring-boot-1.43.0\language-server\BOOT-INF\lib\ci-environment-9.1.0.jar;c:\Users\Lester\.vscode\extensions\pivotal.vscode-spring-boot-1.43.0\language-server\BOOT-INF\lib\classgraph-4.8.149.jar;c:\Users\Lester\.vscode\extensions\pivotal.vscode-spring-boot-1.43.0\language-server\
Launcher Type: SUN_STANDARD

[Global flags]
     intx CICompilerCount                          = 4                                         {product} {ergonomic}
     uint ConcGCThreads                            = 2                                         {product} {ergonomic}
     uint G1ConcRefinementThreads                  = 8                                         {product} {ergonomic}
   size_t G1HeapRegionSize                         = 1048576                                   {product} {ergonomic}
    uintx GCDrainStackTargetSize                   = 64                                        {product} {ergonomic}
   size_t InitialHeapSize                          = 134217728                                 {product} {ergonomic}
   size_t MarkStackSize                            = 4194304                                   {product} {ergonomic}
   size_t MaxHeapSize                              = 2120220672                                {product} {ergonomic}
   size_t MaxNewSize                               = 1271922688                                {product} {ergonomic}
   size_t MinHeapDeltaBytes                        = 1048576                                   {product} {ergonomic}
   size_t MinHeapSize                              = 8388608                                   {product} {ergonomic}
    uintx NonProfiledCodeHeapSize                  = 0                                      {pd product} {ergonomic}
     bool ProfileInterpreter                       = false                                  {pd product} {command line}
    uintx ProfiledCodeHeapSize                     = 0                                      {pd product} {ergonomic}
   size_t SoftMaxHeapSize                          = 2120220672                             {manageable} {ergonomic}
     intx TieredStopAtLevel                        = 1                                         {product} {command line}
     bool UseCompressedClassPointers               = true                           {product lp64_product} {ergonomic}
     bool UseCompressedOops                        = true                           {product lp64_product} {ergonomic}
     bool UseG1GC                                  = true                                      {product} {ergonomic}
     bool UseLargePagesIndividualAllocation        = false                                  {pd product} {ergonomic}

Logging:
Log output configuration:
 #0: stdout all=warning,jni+resolve=off uptime,level,tags
 #1: stderr all=off uptime,level,tags

Environment Variables:
PATH=C:\Program Files\Common Files\Oracle\Java\javapath;C:\Python311\Scripts\;C:\Python311\;C:\Program Files (x86)\Common Files\Oracle\Java\javapath;C:\Windows\system32;C:\Windows;C:\Windows\System32\Wbem;C:\Windows\System32\WindowsPowerShell\v1.0\;C:\Windows\System32\OpenSSH\;C:\Program Files (x86)\NVIDIA Corporation\PhysX\Common;C:\Program Files\NVIDIA Corporation\NVIDIA NvDLISR;C:\Program Files\Docker\Docker\resources\bin;C:\ProgramData\DockerDesktop\version-bin;C:\Program Files\dotnet\;C:\WINDOWS\system32;C:\WINDOWS;C:\WINDOWS\System32\Wbem;C:\WINDOWS\System32\WindowsPowerShell\v1.0\;C:\WINDOWS\System32\OpenSSH\;C:\Program Files\Calibre2\;C:\Program Files\Git\cmd;C:\Program Files\Go\bin;C:\Program Files\nodejs\;C:\ProgramData\chocolatey\bin;C:\Program Files\Microsoft SQL Server\Client SDK\ODBC\170\Tools\Binn\;C:\Program Files (x86)\Microsoft SQL Server\150\Tools\Binn\;C:\Program Files\Microsoft SQL Server\150\Tools\Binn\;C:\Program Files\Microsoft SQL Server\150\DTS\Binn\;C:\Program Files (x86)\Microsoft SQL Server\150\DTS\Binn\;C:\Program Files\Azure Data Studio\bin;C:\TDM-GCC-64\bin;C:\Program Files\MySQL\MySQL Shell 8.0\bin\;C:\Users\Lester\AppData\Local\Microsoft\WindowsApps;C:\Users\Lester\AppData\Local\GitHubDesktop\bin;C:\Users\Lester\go\bin;C:\Users\Lester\AppData\Roaming\npm;C:\Program Files\Azure Data Studio\bin;C:\Users\Lester\.dotnet\tools;C:\Users\Lester\AppData\Local\Programs\Microsoft VS Code\bin
USERNAME=Lester
OS=Windows_NT
PROCESSOR_IDENTIFIER=Intel64 Family 6 Model 158 Stepping 10, GenuineIntel
TMP=C:\Users\Lester\AppData\Local\Temp
TEMP=C:\Users\Lester\AppData\Local\Temp



---------------  S Y S T E M  ---------------

OS:
 Windows 11 , 64 bit Build 22621 (10.0.22621.755)
OS uptime: 0 days 1:11 hours
Hyper-V role detected

CPU: total 8 (initial active 8) (4 cores per cpu, 2 threads per core) family 6 model 158 stepping 10 microcode 0xde, cx8, cmov, fxsr, ht, mmx, 3dnowpref, sse, sse2, sse3, ssse3, sse4.1, sse4.2, popcnt, lzcnt, tsc, tscinvbit, avx, avx2, aes, erms, clmul, bmi1, bmi2, adx, fma, vzeroupper, clflush, clflushopt, hv

Memory: 4k page, system-wide physical 8081M (1905M free)
TotalPageFile size 10129M (AvailPageFile size 171M)
current process WorkingSet (physical memory assigned to process): 332M, peak: 332M
current process commit charge ("private bytes"): 399M, peak: 864M

vm_info: OpenJDK 64-Bit Server VM (17.0.5+8) for windows-amd64 JRE (17.0.5+8), built on Oct 19 2022 04:48:13 by "temurin" with MS VC++ 16.7 (VS2019)

END.
